<?xml version="1.0" encoding="UTF-8"?>
<coverage generated="1776143984123" clover="3.2.0">
  <project timestamp="1776143984123" name="All files">
    <metrics statements="1151" coveredstatements="878" conditionals="480" coveredconditionals="316" methods="144" coveredmethods="105" elements="1775" coveredelements="1299" complexity="0" loc="1151" ncloc="1151" packages="8" files="26" classes="26"/>
    <package name="middlewares">
      <metrics statements="76" coveredstatements="34" conditionals="50" coveredconditionals="18" methods="11" coveredmethods="4"/>
      <file name="ErrorLogger.js" path="C:\Users\Pandikumar\Desktop\Kot-Pos\kot-pos-backend\src\middlewares\ErrorLogger.js">
        <metrics statements="5" coveredstatements="0" conditionals="9" coveredconditionals="0" methods="1" coveredmethods="0"/>
        <line num="11" count="0" type="stmt"/>
        <line num="14" count="0" type="stmt"/>
        <line num="16" count="0" type="stmt"/>
        <line num="27" count="0" type="cond" truecount="0" falsecount="3"/>
        <line num="28" count="0" type="stmt"/>
      </file>
      <file name="auth.js" path="C:\Users\Pandikumar\Desktop\Kot-Pos\kot-pos-backend\src\middlewares\auth.js">
        <metrics statements="22" coveredstatements="21" conditionals="11" coveredconditionals="9" methods="3" coveredmethods="3"/>
        <line num="1" count="14" type="stmt"/>
        <line num="2" count="14" type="stmt"/>
        <line num="4" count="14" type="stmt"/>
        <line num="5" count="352" type="stmt"/>
        <line num="6" count="352" type="stmt"/>
        <line num="9" count="352" type="cond" truecount="2" falsecount="0"/>
        <line num="11" count="352" type="cond" truecount="2" falsecount="0"/>
        <line num="12" count="55" type="stmt"/>
        <line num="15" count="297" type="stmt"/>
        <line num="16" count="297" type="stmt"/>
        <line num="18" count="297" type="stmt"/>
        <line num="19" count="297" type="cond" truecount="1" falsecount="1"/>
        <line num="20" count="0" type="stmt"/>
        <line num="23" count="297" type="stmt"/>
        <line num="24" count="297" type="stmt"/>
        <line num="26" count="55" type="stmt"/>
        <line num="30" count="14" type="cond" truecount="0" falsecount="1"/>
        <line num="31" count="24" type="stmt"/>
        <line num="32" count="264" type="cond" truecount="4" falsecount="0"/>
        <line num="33" count="69" type="stmt"/>
        <line num="35" count="195" type="stmt"/>
        <line num="39" count="14" type="stmt"/>
      </file>
      <file name="branchScope.js" path="C:\Users\Pandikumar\Desktop\Kot-Pos\kot-pos-backend\src\middlewares\branchScope.js">
        <metrics statements="20" coveredstatements="13" conditionals="14" coveredconditionals="9" methods="1" coveredmethods="1"/>
        <line num="1" count="4" type="stmt"/>
        <line num="2" count="4" type="stmt"/>
        <line num="4" count="4" type="stmt"/>
        <line num="5" count="71" type="cond" truecount="2" falsecount="0"/>
        <line num="6" count="71" type="stmt"/>
        <line num="9" count="71" type="cond" truecount="4" falsecount="0"/>
        <line num="14" count="71" type="cond" truecount="2" falsecount="0"/>
        <line num="16" count="2" type="cond" truecount="1" falsecount="1"/>
        <line num="17" count="0" type="stmt"/>
        <line num="19" count="0" type="stmt"/>
        <line num="20" count="0" type="cond" truecount="0" falsecount="4"/>
        <line num="21" count="0" type="stmt"/>
        <line num="22" count="0" type="stmt"/>
        <line num="24" count="0" type="stmt"/>
        <line num="25" count="0" type="stmt"/>
        <line num="28" count="2" type="stmt"/>
        <line num="34" count="69" type="stmt"/>
        <line num="35" count="69" type="stmt"/>
        <line num="36" count="69" type="stmt"/>
        <line num="39" count="69" type="stmt"/>
      </file>
      <file name="paginate.js" path="C:\Users\Pandikumar\Desktop\Kot-Pos\kot-pos-backend\src\middlewares\paginate.js">
        <metrics statements="9" coveredstatements="0" conditionals="4" coveredconditionals="0" methods="2" coveredmethods="0"/>
        <line num="1" count="0" type="stmt"/>
        <line num="2" count="0" type="stmt"/>
        <line num="5" count="0" type="cond" truecount="0" falsecount="2"/>
        <line num="6" count="0" type="stmt"/>
        <line num="10" count="0" type="stmt"/>
        <line num="11" count="0" type="stmt"/>
        <line num="15" count="0" type="stmt"/>
        <line num="16" count="0" type="stmt"/>
        <line num="29" count="0" type="stmt"/>
      </file>
      <file name="ratelimiter.js" path="C:\Users\Pandikumar\Desktop\Kot-Pos\kot-pos-backend\src\middlewares\ratelimiter.js">
        <metrics statements="10" coveredstatements="0" conditionals="0" coveredconditionals="0" methods="2" coveredmethods="0"/>
        <line num="1" count="0" type="stmt"/>
        <line num="4" count="0" type="stmt"/>
        <line num="5" count="0" type="stmt"/>
        <line num="6" count="0" type="stmt"/>
        <line num="7" count="0" type="stmt"/>
        <line num="14" count="0" type="stmt"/>
        <line num="23" count="0" type="stmt"/>
        <line num="32" count="0" type="stmt"/>
        <line num="43" count="0" type="stmt"/>
        <line num="51" count="0" type="stmt"/>
      </file>
      <file name="requestLogger.js" path="C:\Users\Pandikumar\Desktop\Kot-Pos\kot-pos-backend\src\middlewares\requestLogger.js">
        <metrics statements="10" coveredstatements="0" conditionals="12" coveredconditionals="0" methods="2" coveredmethods="0"/>
        <line num="11" count="0" type="stmt"/>
        <line num="14" count="0" type="stmt"/>
        <line num="16" count="0" type="stmt"/>
        <line num="18" count="0" type="cond" truecount="0" falsecount="2"/>
        <line num="20" count="0" type="stmt"/>
        <line num="23" count="0" type="stmt"/>
        <line num="24" count="0" type="stmt"/>
        <line num="26" count="0" type="cond" truecount="0" falsecount="4"/>
        <line num="28" count="0" type="stmt"/>
        <line num="40" count="0" type="stmt"/>
      </file>
    </package>
    <package name="routes">
      <metrics statements="235" coveredstatements="75" conditionals="131" coveredconditionals="26" methods="35" coveredmethods="6"/>
      <file name="aiRouter.js" path="C:\Users\Pandikumar\Desktop\Kot-Pos\kot-pos-backend\src\routes\aiRouter.js">
        <metrics statements="147" coveredstatements="0" conditionals="105" coveredconditionals="0" methods="28" coveredmethods="0"/>
        <line num="1" count="0" type="stmt"/>
        <line num="2" count="0" type="stmt"/>
        <line num="3" count="0" type="stmt"/>
        <line num="5" count="0" type="stmt"/>
        <line num="6" count="0" type="stmt"/>
        <line num="7" count="0" type="stmt"/>
        <line num="8" count="0" type="stmt"/>
        <line num="10" count="0" type="stmt"/>
        <line num="14" count="0" type="stmt"/>
        <line num="15" count="0" type="stmt"/>
        <line num="16" count="0" type="stmt"/>
        <line num="17" count="0" type="stmt"/>
        <line num="21" count="0" type="cond" truecount="0" falsecount="2"/>
        <line num="25" count="0" type="stmt"/>
        <line num="34" count="0" type="stmt"/>
        <line num="35" count="0" type="stmt"/>
        <line num="36" count="0" type="stmt"/>
        <line num="37" count="0" type="stmt"/>
        <line num="38" count="0" type="stmt"/>
        <line num="40" count="0" type="stmt"/>
        <line num="41" count="0" type="stmt"/>
        <line num="43" count="0" type="cond" truecount="0" falsecount="2"/>
        <line num="44" count="0" type="stmt"/>
        <line num="47" count="0" type="stmt"/>
        <line num="54" count="0" type="stmt"/>
        <line num="55" count="0" type="stmt"/>
        <line num="58" count="0" type="cond" truecount="0" falsecount="4"/>
        <line num="59" count="0" type="stmt"/>
        <line num="60" count="0" type="stmt"/>
        <line num="62" count="0" type="stmt"/>
        <line num="63" count="0" type="stmt"/>
        <line num="64" count="0" type="stmt"/>
        <line num="65" count="0" type="stmt"/>
        <line num="70" count="0" type="stmt"/>
        <line num="74" count="0" type="stmt"/>
        <line num="79" count="0" type="stmt"/>
        <line num="80" count="0" type="stmt"/>
        <line num="81" count="0" type="cond" truecount="0" falsecount="2"/>
        <line num="82" count="0" type="stmt"/>
        <line num="87" count="0" type="stmt"/>
        <line num="88" count="0" type="cond" truecount="0" falsecount="2"/>
        <line num="89" count="0" type="stmt"/>
        <line num="92" count="0" type="cond" truecount="0" falsecount="2"/>
        <line num="111" count="0" type="stmt"/>
        <line num="129" count="0" type="stmt"/>
        <line num="130" count="0" type="stmt"/>
        <line num="132" count="0" type="stmt"/>
        <line num="135" count="0" type="cond" truecount="0" falsecount="2"/>
        <line num="136" count="0" type="stmt"/>
        <line num="140" count="0" type="stmt"/>
        <line num="149" count="0" type="stmt"/>
        <line num="150" count="0" type="stmt"/>
        <line num="151" count="0" type="cond" truecount="0" falsecount="2"/>
        <line num="155" count="0" type="stmt"/>
        <line num="156" count="0" type="cond" truecount="0" falsecount="2"/>
        <line num="157" count="0" type="stmt"/>
        <line num="164" count="0" type="stmt"/>
        <line num="165" count="0" type="stmt"/>
        <line num="171" count="0" type="stmt"/>
        <line num="172" count="0" type="stmt"/>
        <line num="173" count="0" type="cond" truecount="0" falsecount="2"/>
        <line num="174" count="0" type="cond" truecount="0" falsecount="2"/>
        <line num="175" count="0" type="cond" truecount="0" falsecount="2"/>
        <line num="176" count="0" type="cond" truecount="0" falsecount="2"/>
        <line num="177" count="0" type="stmt"/>
        <line num="180" count="0" type="stmt"/>
        <line num="181" count="0" type="stmt"/>
        <line num="182" count="0" type="cond" truecount="0" falsecount="2"/>
        <line num="183" count="0" type="cond" truecount="0" falsecount="2"/>
        <line num="184" count="0" type="cond" truecount="0" falsecount="2"/>
        <line num="185" count="0" type="cond" truecount="0" falsecount="4"/>
        <line num="187" count="0" type="cond" truecount="0" falsecount="2"/>
        <line num="189" count="0" type="stmt"/>
        <line num="190" count="0" type="cond" truecount="0" falsecount="2"/>
        <line num="191" count="0" type="stmt"/>
        <line num="192" count="0" type="cond" truecount="0" falsecount="2"/>
        <line num="193" count="0" type="stmt"/>
        <line num="194" count="0" type="cond" truecount="0" falsecount="4"/>
        <line num="195" count="0" type="cond" truecount="0" falsecount="2"/>
        <line num="196" count="0" type="cond" truecount="0" falsecount="4"/>
        <line num="197" count="0" type="stmt"/>
        <line num="198" count="0" type="cond" truecount="0" falsecount="4"/>
        <line num="199" count="0" type="stmt"/>
        <line num="201" count="0" type="stmt"/>
        <line num="202" count="0" type="cond" truecount="0" falsecount="2"/>
        <line num="207" count="0" type="stmt"/>
        <line num="214" count="0" type="stmt"/>
        <line num="215" count="0" type="stmt"/>
        <line num="217" count="0" type="stmt"/>
        <line num="218" count="0" type="stmt"/>
        <line num="219" count="0" type="stmt"/>
        <line num="220" count="0" type="stmt"/>
        <line num="221" count="0" type="stmt"/>
        <line num="224" count="0" type="stmt"/>
        <line num="226" count="0" type="stmt"/>
        <line num="227" count="0" type="stmt"/>
        <line num="234" count="0" type="stmt"/>
        <line num="235" count="0" type="stmt"/>
        <line num="236" count="0" type="cond" truecount="0" falsecount="2"/>
        <line num="240" count="0" type="stmt"/>
        <line num="241" count="0" type="stmt"/>
        <line num="242" count="0" type="stmt"/>
        <line num="245" count="0" type="stmt"/>
        <line num="251" count="0" type="cond" truecount="0" falsecount="2"/>
        <line num="252" count="0" type="stmt"/>
        <line num="253" count="0" type="stmt"/>
        <line num="254" count="0" type="cond" truecount="0" falsecount="2"/>
        <line num="258" count="0" type="stmt"/>
        <line num="259" count="0" type="stmt"/>
        <line num="260" count="0" type="stmt"/>
        <line num="261" count="0" type="cond" truecount="0" falsecount="2"/>
        <line num="262" count="0" type="cond" truecount="0" falsecount="4"/>
        <line num="265" count="0" type="stmt"/>
        <line num="266" count="0" type="stmt"/>
        <line num="267" count="0" type="stmt"/>
        <line num="269" count="0" type="stmt"/>
        <line num="270" count="0" type="stmt"/>
        <line num="271" count="0" type="stmt"/>
        <line num="272" count="0" type="cond" truecount="0" falsecount="2"/>
        <line num="274" count="0" type="stmt"/>
        <line num="275" count="0" type="cond" truecount="0" falsecount="2"/>
        <line num="279" count="0" type="stmt"/>
        <line num="280" count="0" type="stmt"/>
        <line num="281" count="0" type="cond" truecount="0" falsecount="2"/>
        <line num="282" count="0" type="cond" truecount="0" falsecount="2"/>
        <line num="285" count="0" type="stmt"/>
        <line num="286" count="0" type="stmt"/>
        <line num="288" count="0" type="stmt"/>
        <line num="289" count="0" type="stmt"/>
        <line num="290" count="0" type="cond" truecount="0" falsecount="4"/>
        <line num="291" count="0" type="stmt"/>
        <line num="293" count="0" type="stmt"/>
        <line num="309" count="0" type="cond" truecount="0" falsecount="2"/>
        <line num="310" count="0" type="stmt"/>
        <line num="311" count="0" type="stmt"/>
        <line num="330" count="0" type="stmt"/>
        <line num="332" count="0" type="stmt"/>
        <line num="333" count="0" type="stmt"/>
        <line num="336" count="0" type="stmt"/>
        <line num="339" count="0" type="stmt"/>
        <line num="341" count="0" type="stmt"/>
        <line num="342" count="0" type="stmt"/>
        <line num="348" count="0" type="cond" truecount="0" falsecount="2"/>
        <line num="350" count="0" type="cond" truecount="0" falsecount="2"/>
        <line num="351" count="0" type="cond" truecount="0" falsecount="2"/>
        <line num="354" count="0" type="stmt"/>
        <line num="364" count="0" type="stmt"/>
      </file>
      <file name="auth.js" path="C:\Users\Pandikumar\Desktop\Kot-Pos\kot-pos-backend\src\routes\auth.js">
        <metrics statements="79" coveredstatements="75" conditionals="26" coveredconditionals="26" methods="6" coveredmethods="6"/>
        <line num="1" count="1" type="stmt"/>
        <line num="2" count="1" type="stmt"/>
        <line num="3" count="1" type="stmt"/>
        <line num="4" count="1" type="stmt"/>
        <line num="5" count="1" type="stmt"/>
        <line num="6" count="1" type="stmt"/>
        <line num="11" count="1" type="stmt"/>
        <line num="17" count="1" type="stmt"/>
        <line num="20" count="1" type="stmt"/>
        <line num="28" count="1" type="stmt"/>
        <line num="37" count="1" type="stmt"/>
        <line num="39" count="5" type="cond" truecount="2" falsecount="0"/>
        <line num="41" count="5" type="cond" truecount="2" falsecount="0"/>
        <line num="42" count="1" type="stmt"/>
        <line num="45" count="4" type="stmt"/>
        <line num="46" count="4" type="stmt"/>
        <line num="47" count="3" type="stmt"/>
        <line num="49" count="1" type="stmt"/>
        <line num="67" count="1" type="stmt"/>
        <line num="68" count="3" type="stmt"/>
        <line num="69" count="3" type="stmt"/>
        <line num="70" count="2" type="stmt"/>
        <line num="71" count="2" type="stmt"/>
        <line num="72" count="2" type="cond" truecount="2" falsecount="0"/>
        <line num="73" count="1" type="stmt"/>
        <line num="75" count="1" type="stmt"/>
        <line num="76" count="1" type="stmt"/>
        <line num="77" count="1" type="stmt"/>
        <line num="83" count="1" type="stmt"/>
        <line num="85" count="1" type="stmt"/>
        <line num="95" count="1" type="stmt"/>
        <line num="96" count="1" type="stmt"/>
        <line num="105" count="1" type="stmt"/>
        <line num="106" count="9" type="stmt"/>
        <line num="107" count="9" type="stmt"/>
        <line num="109" count="9" type="stmt"/>
        <line num="113" count="9" type="cond" truecount="2" falsecount="0"/>
        <line num="117" count="9" type="cond" truecount="4" falsecount="0"/>
        <line num="118" count="2" type="stmt"/>
        <line num="121" count="7" type="cond" truecount="2" falsecount="0"/>
        <line num="122" count="1" type="stmt"/>
        <line num="125" count="6" type="cond" truecount="2" falsecount="0"/>
        <line num="126" count="1" type="stmt"/>
        <line num="131" count="5" type="stmt"/>
        <line num="132" count="5" type="stmt"/>
        <line num="134" count="5" type="stmt"/>
        <line num="135" count="5" type="stmt"/>
        <line num="138" count="5" type="stmt"/>
        <line num="149" count="0" type="stmt"/>
        <line num="150" count="0" type="stmt"/>
        <line num="158" count="1" type="stmt"/>
        <line num="159" count="3" type="stmt"/>
        <line num="160" count="3" type="stmt"/>
        <line num="161" count="3" type="cond" truecount="2" falsecount="0"/>
        <line num="162" count="1" type="stmt"/>
        <line num="165" count="2" type="stmt"/>
        <line num="175" count="0" type="stmt"/>
        <line num="176" count="0" type="stmt"/>
        <line num="184" count="1" type="stmt"/>
        <line num="185" count="5" type="stmt"/>
        <line num="186" count="5" type="stmt"/>
        <line num="188" count="5" type="cond" truecount="2" falsecount="0"/>
        <line num="189" count="1" type="stmt"/>
        <line num="192" count="4" type="stmt"/>
        <line num="194" count="3" type="stmt"/>
        <line num="195" count="3" type="cond" truecount="2" falsecount="0"/>
        <line num="196" count="1" type="stmt"/>
        <line num="199" count="2" type="stmt"/>
        <line num="200" count="2" type="stmt"/>
        <line num="202" count="2" type="stmt"/>
        <line num="203" count="2" type="stmt"/>
        <line num="205" count="2" type="stmt"/>
        <line num="207" count="1" type="stmt"/>
        <line num="208" count="1" type="stmt"/>
        <line num="216" count="1" type="stmt"/>
        <line num="217" count="3" type="stmt"/>
        <line num="218" count="3" type="stmt"/>
        <line num="219" count="3" type="stmt"/>
        <line num="222" count="1" type="stmt"/>
      </file>
      <file name="testRouter.js" path="C:\Users\Pandikumar\Desktop\Kot-Pos\kot-pos-backend\src\routes\testRouter.js">
        <metrics statements="9" coveredstatements="0" conditionals="0" coveredconditionals="0" methods="1" coveredmethods="0"/>
        <line num="1" count="0" type="stmt"/>
        <line num="2" count="0" type="stmt"/>
        <line num="3" count="0" type="stmt"/>
        <line num="5" count="0" type="stmt"/>
        <line num="6" count="0" type="stmt"/>
        <line num="7" count="0" type="stmt"/>
        <line num="32" count="0" type="stmt"/>
        <line num="34" count="0" type="stmt"/>
        <line num="38" count="0" type="stmt"/>
      </file>
    </package>
    <package name="routes.admin">
      <metrics statements="382" coveredstatements="349" conditionals="122" coveredconditionals="116" methods="38" coveredmethods="38"/>
      <file name="InventoryRouter.js" path="C:\Users\Pandikumar\Desktop\Kot-Pos\kot-pos-backend\src\routes\admin\InventoryRouter.js">
        <metrics statements="14" coveredstatements="14" conditionals="0" coveredconditionals="0" methods="0" coveredmethods="0"/>
        <line num="1" count="1" type="stmt"/>
        <line num="2" count="1" type="stmt"/>
        <line num="3" count="1" type="stmt"/>
        <line num="4" count="1" type="stmt"/>
        <line num="13" count="1" type="stmt"/>
        <line num="15" count="1" type="stmt"/>
        <line num="17" count="1" type="stmt"/>
        <line num="18" count="1" type="stmt"/>
        <line num="19" count="1" type="stmt"/>
        <line num="20" count="1" type="stmt"/>
        <line num="21" count="1" type="stmt"/>
        <line num="22" count="1" type="stmt"/>
        <line num="23" count="1" type="stmt"/>
        <line num="25" count="1" type="stmt"/>
      </file>
      <file name="adminBranchRouter.js" path="C:\Users\Pandikumar\Desktop\Kot-Pos\kot-pos-backend\src\routes\admin\adminBranchRouter.js">
        <metrics statements="85" coveredstatements="76" conditionals="28" coveredconditionals="28" methods="10" coveredmethods="10"/>
        <line num="1" count="1" type="stmt"/>
        <line num="2" count="1" type="stmt"/>
        <line num="3" count="1" type="stmt"/>
        <line num="4" count="1" type="stmt"/>
        <line num="5" count="1" type="stmt"/>
        <line num="6" count="1" type="stmt"/>
        <line num="10" count="24" type="stmt"/>
        <line num="11" count="24" type="stmt"/>
        <line num="13" count="24" type="cond" truecount="2" falsecount="0"/>
        <line num="14" count="4" type="stmt"/>
        <line num="18" count="20" type="cond" truecount="4" falsecount="0"/>
        <line num="23" count="20" type="cond" truecount="2" falsecount="0"/>
        <line num="24" count="1" type="stmt"/>
        <line num="27" count="19" type="stmt"/>
        <line num="31" count="1" type="stmt"/>
        <line num="32" count="1" type="stmt"/>
        <line num="33" count="1" type="stmt"/>
        <line num="36" count="1" type="stmt"/>
        <line num="38" count="0" type="stmt"/>
        <line num="43" count="1" type="stmt"/>
        <line num="44" count="2" type="stmt"/>
        <line num="45" count="2" type="stmt"/>
        <line num="46" count="2" type="cond" truecount="2" falsecount="0"/>
        <line num="47" count="1" type="stmt"/>
        <line num="49" count="1" type="stmt"/>
        <line num="52" count="1" type="stmt"/>
        <line num="60" count="1" type="stmt"/>
        <line num="62" count="0" type="stmt"/>
        <line num="67" count="1" type="stmt"/>
        <line num="68" count="2" type="stmt"/>
        <line num="69" count="2" type="stmt"/>
        <line num="70" count="2" type="stmt"/>
        <line num="75" count="2" type="cond" truecount="2" falsecount="0"/>
        <line num="76" count="1" type="stmt"/>
        <line num="78" count="0" type="stmt"/>
        <line num="83" count="1" type="stmt"/>
        <line num="84" count="2" type="stmt"/>
        <line num="85" count="2" type="stmt"/>
        <line num="90" count="2" type="cond" truecount="2" falsecount="0"/>
        <line num="91" count="1" type="stmt"/>
        <line num="93" count="0" type="stmt"/>
        <line num="99" count="1" type="stmt"/>
        <line num="104" count="5" type="stmt"/>
        <line num="105" count="5" type="stmt"/>
        <line num="106" count="5" type="cond" truecount="2" falsecount="0"/>
        <line num="108" count="4" type="stmt"/>
        <line num="112" count="4" type="cond" truecount="2" falsecount="0"/>
        <line num="113" count="3" type="cond" truecount="2" falsecount="0"/>
        <line num="116" count="2" type="cond" truecount="4" falsecount="0"/>
        <line num="117" count="1" type="stmt"/>
        <line num="122" count="1" type="stmt"/>
        <line num="123" count="1" type="stmt"/>
        <line num="125" count="1" type="stmt"/>
        <line num="130" count="0" type="stmt"/>
        <line num="137" count="1" type="stmt"/>
        <line num="142" count="3" type="stmt"/>
        <line num="143" count="3" type="stmt"/>
        <line num="144" count="3" type="cond" truecount="2" falsecount="0"/>
        <line num="146" count="2" type="stmt"/>
        <line num="147" count="2" type="cond" truecount="2" falsecount="0"/>
        <line num="148" count="1" type="stmt"/>
        <line num="151" count="1" type="stmt"/>
        <line num="152" count="1" type="stmt"/>
        <line num="154" count="1" type="stmt"/>
        <line num="156" count="0" type="stmt"/>
        <line num="162" count="1" type="stmt"/>
        <line num="167" count="2" type="stmt"/>
        <line num="168" count="2" type="stmt"/>
        <line num="171" count="2" type="stmt"/>
        <line num="173" count="0" type="stmt"/>
        <line num="179" count="1" type="stmt"/>
        <line num="184" count="1" type="stmt"/>
        <line num="185" count="1" type="stmt"/>
        <line num="191" count="1" type="stmt"/>
        <line num="193" count="0" type="stmt"/>
        <line num="199" count="1" type="stmt"/>
        <line num="204" count="1" type="stmt"/>
        <line num="205" count="1" type="stmt"/>
        <line num="206" count="1" type="stmt"/>
        <line num="208" count="1" type="stmt"/>
        <line num="209" count="1" type="stmt"/>
        <line num="211" count="1" type="stmt"/>
        <line num="220" count="1" type="stmt"/>
        <line num="222" count="0" type="stmt"/>
        <line num="227" count="1" type="stmt"/>
      </file>
      <file name="adminCustomerRouter.js" path="C:\Users\Pandikumar\Desktop\Kot-Pos\kot-pos-backend\src\routes\admin\adminCustomerRouter.js">
        <metrics statements="47" coveredstatements="42" conditionals="18" coveredconditionals="17" methods="5" coveredmethods="5"/>
        <line num="1" count="1" type="stmt"/>
        <line num="2" count="1" type="stmt"/>
        <line num="3" count="1" type="stmt"/>
        <line num="4" count="1" type="stmt"/>
        <line num="5" count="1" type="stmt"/>
        <line num="7" count="1" type="stmt"/>
        <line num="10" count="1" type="stmt"/>
        <line num="11" count="3" type="stmt"/>
        <line num="12" count="3" type="stmt"/>
        <line num="13" count="3" type="cond" truecount="1" falsecount="1"/>
        <line num="15" count="0" type="stmt"/>
        <line num="20" count="1" type="stmt"/>
        <line num="21" count="2" type="stmt"/>
        <line num="22" count="2" type="stmt"/>
        <line num="23" count="2" type="cond" truecount="2" falsecount="0"/>
        <line num="24" count="1" type="stmt"/>
        <line num="26" count="0" type="stmt"/>
        <line num="31" count="1" type="stmt"/>
        <line num="32" count="4" type="stmt"/>
        <line num="33" count="4" type="stmt"/>
        <line num="34" count="4" type="cond" truecount="4" falsecount="0"/>
        <line num="35" count="2" type="stmt"/>
        <line num="37" count="2" type="stmt"/>
        <line num="38" count="2" type="cond" truecount="2" falsecount="0"/>
        <line num="39" count="1" type="stmt"/>
        <line num="43" count="1" type="stmt"/>
        <line num="44" count="1" type="stmt"/>
        <line num="46" count="0" type="stmt"/>
        <line num="51" count="1" type="stmt"/>
        <line num="52" count="3" type="stmt"/>
        <line num="53" count="3" type="stmt"/>
        <line num="54" count="3" type="cond" truecount="2" falsecount="0"/>
        <line num="55" count="1" type="stmt"/>
        <line num="57" count="2" type="stmt"/>
        <line num="62" count="2" type="cond" truecount="2" falsecount="0"/>
        <line num="63" count="1" type="stmt"/>
        <line num="65" count="0" type="stmt"/>
        <line num="70" count="1" type="stmt"/>
        <line num="75" count="3" type="stmt"/>
        <line num="76" count="3" type="cond" truecount="2" falsecount="0"/>
        <line num="77" count="1" type="stmt"/>
        <line num="79" count="2" type="stmt"/>
        <line num="80" count="2" type="cond" truecount="2" falsecount="0"/>
        <line num="81" count="1" type="stmt"/>
        <line num="82" count="1" type="stmt"/>
        <line num="84" count="0" type="stmt"/>
        <line num="89" count="1" type="stmt"/>
      </file>
      <file name="adminMenu.js" path="C:\Users\Pandikumar\Desktop\Kot-Pos\kot-pos-backend\src\routes\admin\adminMenu.js">
        <metrics statements="51" coveredstatements="49" conditionals="23" coveredconditionals="23" methods="4" coveredmethods="4"/>
        <line num="1" count="1" type="stmt"/>
        <line num="2" count="1" type="stmt"/>
        <line num="3" count="1" type="stmt"/>
        <line num="4" count="1" type="stmt"/>
        <line num="5" count="1" type="stmt"/>
        <line num="7" count="1" type="stmt"/>
        <line num="10" count="1" type="stmt"/>
        <line num="15" count="5" type="stmt"/>
        <line num="16" count="5" type="stmt"/>
        <line num="17" count="4" type="stmt"/>
        <line num="18" count="4" type="stmt"/>
        <line num="19" count="4" type="cond" truecount="2" falsecount="0"/>
        <line num="20" count="1" type="stmt"/>
        <line num="22" count="3" type="stmt"/>
        <line num="23" count="3" type="stmt"/>
        <line num="24" count="3" type="stmt"/>
        <line num="35" count="1" type="stmt"/>
        <line num="44" count="1" type="stmt"/>
        <line num="49" count="6" type="stmt"/>
        <line num="50" count="6" type="stmt"/>
        <line num="51" count="5" type="stmt"/>
        <line num="53" count="1" type="stmt"/>
        <line num="59" count="1" type="stmt"/>
        <line num="64" count="8" type="stmt"/>
        <line num="65" count="8" type="stmt"/>
        <line num="66" count="8" type="stmt"/>
        <line num="67" count="8" type="cond" truecount="2" falsecount="0"/>
        <line num="68" count="1" type="stmt"/>
        <line num="70" count="7" type="cond" truecount="5" falsecount="0"/>
        <line num="71" count="2" type="stmt"/>
        <line num="75" count="5" type="cond" truecount="4" falsecount="0"/>
        <line num="76" count="1" type="stmt"/>
        <line num="80" count="4" type="stmt"/>
        <line num="81" count="4" type="cond" truecount="2" falsecount="0"/>
        <line num="82" count="4" type="cond" truecount="2" falsecount="0"/>
        <line num="83" count="4" type="stmt"/>
        <line num="87" count="4" type="cond" truecount="2" falsecount="0"/>
        <line num="88" count="1" type="stmt"/>
        <line num="89" count="3" type="stmt"/>
        <line num="100" count="0" type="stmt"/>
        <line num="106" count="1" type="stmt"/>
        <line num="111" count="3" type="stmt"/>
        <line num="112" count="3" type="stmt"/>
        <line num="113" count="3" type="cond" truecount="2" falsecount="0"/>
        <line num="114" count="1" type="stmt"/>
        <line num="116" count="2" type="stmt"/>
        <line num="117" count="2" type="cond" truecount="2" falsecount="0"/>
        <line num="118" count="1" type="stmt"/>
        <line num="119" count="1" type="stmt"/>
        <line num="124" count="0" type="stmt"/>
        <line num="129" count="1" type="stmt"/>
      </file>
      <file name="adminReportRouter.js" path="C:\Users\Pandikumar\Desktop\Kot-Pos\kot-pos-backend\src\routes\admin\adminReportRouter.js">
        <metrics statements="73" coveredstatements="59" conditionals="25" coveredconditionals="20" methods="8" coveredmethods="8"/>
        <line num="1" count="1" type="stmt"/>
        <line num="2" count="1" type="stmt"/>
        <line num="3" count="1" type="stmt"/>
        <line num="4" count="1" type="stmt"/>
        <line num="5" count="1" type="stmt"/>
        <line num="6" count="1" type="stmt"/>
        <line num="8" count="1" type="stmt"/>
        <line num="12" count="11" type="stmt"/>
        <line num="15" count="11" type="cond" truecount="3" falsecount="2"/>
        <line num="17" count="9" type="stmt"/>
        <line num="18" count="9" type="stmt"/>
        <line num="19" count="9" type="stmt"/>
        <line num="20" count="9" type="stmt"/>
        <line num="21" count="9" type="stmt"/>
        <line num="23" count="1" type="stmt"/>
        <line num="24" count="1" type="stmt"/>
        <line num="25" count="1" type="stmt"/>
        <line num="26" count="1" type="stmt"/>
        <line num="27" count="1" type="stmt"/>
        <line num="28" count="1" type="stmt"/>
        <line num="30" count="0" type="stmt"/>
        <line num="31" count="0" type="stmt"/>
        <line num="32" count="0" type="stmt"/>
        <line num="33" count="0" type="stmt"/>
        <line num="34" count="0" type="stmt"/>
        <line num="35" count="0" type="stmt"/>
        <line num="37" count="1" type="cond" truecount="1" falsecount="1"/>
        <line num="38" count="1" type="cond" truecount="1" falsecount="1"/>
        <line num="39" count="1" type="stmt"/>
        <line num="40" count="1" type="stmt"/>
        <line num="42" count="0" type="stmt"/>
        <line num="43" count="0" type="stmt"/>
        <line num="44" count="0" type="stmt"/>
        <line num="45" count="0" type="stmt"/>
        <line num="47" count="11" type="stmt"/>
        <line num="52" count="1" type="stmt"/>
        <line num="53" count="5" type="stmt"/>
        <line num="54" count="5" type="cond" truecount="1" falsecount="0"/>
        <line num="55" count="5" type="stmt"/>
        <line num="58" count="5" type="stmt"/>
        <line num="75" count="5" type="stmt"/>
        <line num="80" count="5" type="stmt"/>
        <line num="85" count="5" type="cond" truecount="2" falsecount="0"/>
        <line num="86" count="5" type="cond" truecount="2" falsecount="0"/>
        <line num="87" count="5" type="stmt"/>
        <line num="89" count="5" type="cond" truecount="2" falsecount="0"/>
        <line num="91" count="5" type="stmt"/>
        <line num="100" count="0" type="stmt"/>
        <line num="106" count="1" type="stmt"/>
        <line num="107" count="2" type="stmt"/>
        <line num="108" count="2" type="cond" truecount="1" falsecount="0"/>
        <line num="109" count="2" type="stmt"/>
        <line num="111" count="2" type="stmt"/>
        <line num="126" count="2" type="stmt"/>
        <line num="128" count="0" type="stmt"/>
        <line num="134" count="1" type="stmt"/>
        <line num="135" count="2" type="stmt"/>
        <line num="136" count="2" type="cond" truecount="1" falsecount="0"/>
        <line num="137" count="2" type="stmt"/>
        <line num="139" count="2" type="stmt"/>
        <line num="156" count="2" type="stmt"/>
        <line num="157" count="2" type="stmt"/>
        <line num="162" count="2" type="stmt"/>
        <line num="164" count="0" type="stmt"/>
        <line num="170" count="1" type="stmt"/>
        <line num="171" count="2" type="stmt"/>
        <line num="172" count="2" type="cond" truecount="1" falsecount="0"/>
        <line num="173" count="2" type="stmt"/>
        <line num="175" count="2" type="stmt"/>
        <line num="194" count="3" type="stmt"/>
        <line num="205" count="2" type="stmt"/>
        <line num="207" count="0" type="stmt"/>
        <line num="211" count="1" type="stmt"/>
      </file>
      <file name="adminSettingsRouter.js" path="C:\Users\Pandikumar\Desktop\Kot-Pos\kot-pos-backend\src\routes\admin\adminSettingsRouter.js">
        <metrics statements="21" coveredstatements="19" conditionals="4" coveredconditionals="4" methods="2" coveredmethods="2"/>
        <line num="1" count="1" type="stmt"/>
        <line num="2" count="1" type="stmt"/>
        <line num="3" count="1" type="stmt"/>
        <line num="4" count="1" type="stmt"/>
        <line num="6" count="1" type="stmt"/>
        <line num="9" count="1" type="stmt"/>
        <line num="10" count="3" type="stmt"/>
        <line num="11" count="3" type="stmt"/>
        <line num="13" count="3" type="cond" truecount="2" falsecount="0"/>
        <line num="14" count="1" type="stmt"/>
        <line num="16" count="3" type="stmt"/>
        <line num="18" count="0" type="stmt"/>
        <line num="24" count="1" type="stmt"/>
        <line num="29" count="2" type="stmt"/>
        <line num="30" count="2" type="stmt"/>
        <line num="31" count="2" type="cond" truecount="2" falsecount="0"/>
        <line num="32" count="1" type="stmt"/>
        <line num="34" count="1" type="stmt"/>
        <line num="40" count="2" type="stmt"/>
        <line num="44" count="0" type="stmt"/>
        <line num="49" count="1" type="stmt"/>
      </file>
      <file name="adminTable.js" path="C:\Users\Pandikumar\Desktop\Kot-Pos\kot-pos-backend\src\routes\admin\adminTable.js">
        <metrics statements="40" coveredstatements="39" conditionals="8" coveredconditionals="8" methods="5" coveredmethods="5"/>
        <line num="1" count="1" type="stmt"/>
        <line num="2" count="1" type="stmt"/>
        <line num="3" count="1" type="stmt"/>
        <line num="4" count="1" type="stmt"/>
        <line num="6" count="1" type="stmt"/>
        <line num="9" count="1" type="stmt"/>
        <line num="14" count="4" type="stmt"/>
        <line num="15" count="4" type="stmt"/>
        <line num="16" count="4" type="stmt"/>
        <line num="17" count="4" type="cond" truecount="2" falsecount="0"/>
        <line num="18" count="1" type="stmt"/>
        <line num="20" count="3" type="stmt"/>
        <line num="21" count="3" type="stmt"/>
        <line num="22" count="2" type="stmt"/>
        <line num="24" count="1" type="stmt"/>
        <line num="31" count="1" type="stmt"/>
        <line num="36" count="6" type="stmt"/>
        <line num="37" count="6" type="stmt"/>
        <line num="38" count="5" type="stmt"/>
        <line num="40" count="1" type="stmt"/>
        <line num="47" count="1" type="stmt"/>
        <line num="52" count="3" type="stmt"/>
        <line num="53" count="3" type="stmt"/>
        <line num="54" count="3" type="cond" truecount="2" falsecount="0"/>
        <line num="55" count="2" type="stmt"/>
        <line num="57" count="0" type="stmt"/>
        <line num="63" count="1" type="stmt"/>
        <line num="68" count="4" type="stmt"/>
        <line num="69" count="4" type="stmt"/>
        <line num="70" count="4" type="stmt"/>
        <line num="75" count="3" type="cond" truecount="2" falsecount="0"/>
        <line num="76" count="2" type="stmt"/>
        <line num="78" count="1" type="stmt"/>
        <line num="84" count="1" type="stmt"/>
        <line num="89" count="3" type="stmt"/>
        <line num="90" count="3" type="stmt"/>
        <line num="91" count="2" type="cond" truecount="2" falsecount="0"/>
        <line num="92" count="1" type="stmt"/>
        <line num="94" count="1" type="stmt"/>
        <line num="99" count="1" type="stmt"/>
      </file>
      <file name="adminUser.js" path="C:\Users\Pandikumar\Desktop\Kot-Pos\kot-pos-backend\src\routes\admin\adminUser.js">
        <metrics statements="51" coveredstatements="51" conditionals="16" coveredconditionals="16" methods="4" coveredmethods="4"/>
        <line num="1" count="1" type="stmt"/>
        <line num="2" count="1" type="stmt"/>
        <line num="3" count="1" type="stmt"/>
        <line num="4" count="1" type="stmt"/>
        <line num="9" count="1" type="stmt"/>
        <line num="10" count="1" type="stmt"/>
        <line num="12" count="1" type="stmt"/>
        <line num="15" count="1" type="stmt"/>
        <line num="20" count="3" type="stmt"/>
        <line num="21" count="3" type="stmt"/>
        <line num="22" count="2" type="stmt"/>
        <line num="23" count="2" type="stmt"/>
        <line num="24" count="2" type="cond" truecount="2" falsecount="0"/>
        <line num="25" count="1" type="stmt"/>
        <line num="27" count="1" type="stmt"/>
        <line num="28" count="1" type="stmt"/>
        <line num="29" count="1" type="stmt"/>
        <line num="35" count="1" type="stmt"/>
        <line num="36" count="1" type="stmt"/>
        <line num="46" count="1" type="stmt"/>
        <line num="52" count="1" type="stmt"/>
        <line num="57" count="4" type="stmt"/>
        <line num="58" count="4" type="stmt"/>
        <line num="59" count="3" type="cond" truecount="2" falsecount="0"/>
        <line num="60" count="1" type="stmt"/>
        <line num="62" count="2" type="stmt"/>
        <line num="64" count="1" type="stmt"/>
        <line num="70" count="1" type="stmt"/>
        <line num="75" count="7" type="stmt"/>
        <line num="76" count="7" type="stmt"/>
        <line num="77" count="7" type="stmt"/>
        <line num="78" count="7" type="cond" truecount="2" falsecount="0"/>
        <line num="79" count="6" type="cond" truecount="2" falsecount="0"/>
        <line num="80" count="1" type="stmt"/>
        <line num="81" count="5" type="cond" truecount="2" falsecount="0"/>
        <line num="82" count="1" type="stmt"/>
        <line num="83" count="4" type="stmt"/>
        <line num="88" count="3" type="cond" truecount="2" falsecount="0"/>
        <line num="89" count="2" type="stmt"/>
        <line num="94" count="1" type="stmt"/>
        <line num="100" count="1" type="stmt"/>
        <line num="105" count="4" type="stmt"/>
        <line num="106" count="4" type="stmt"/>
        <line num="107" count="4" type="cond" truecount="2" falsecount="0"/>
        <line num="108" count="1" type="stmt"/>
        <line num="109" count="3" type="stmt"/>
        <line num="110" count="2" type="cond" truecount="2" falsecount="0"/>
        <line num="111" count="1" type="stmt"/>
        <line num="112" count="1" type="stmt"/>
        <line num="117" count="1" type="stmt"/>
        <line num="122" count="1" type="stmt"/>
      </file>
    </package>
    <package name="routes.cashier">
      <metrics statements="175" coveredstatements="161" conditionals="48" coveredconditionals="44" methods="19" coveredmethods="18"/>
      <file name="cashierBilling.js" path="C:\Users\Pandikumar\Desktop\Kot-Pos\kot-pos-backend\src\routes\cashier\cashierBilling.js">
        <metrics statements="87" coveredstatements="80" conditionals="30" coveredconditionals="28" methods="6" coveredmethods="6"/>
        <line num="1" count="1" type="stmt"/>
        <line num="2" count="1" type="stmt"/>
        <line num="3" count="1" type="stmt"/>
        <line num="4" count="1" type="stmt"/>
        <line num="5" count="1" type="stmt"/>
        <line num="6" count="1" type="stmt"/>
        <line num="7" count="1" type="stmt"/>
        <line num="10" count="1" type="stmt"/>
        <line num="12" count="1" type="stmt"/>
        <line num="15" count="1" type="stmt"/>
        <line num="22" count="1" type="stmt"/>
        <line num="23" count="6" type="stmt"/>
        <line num="25" count="6" type="stmt"/>
        <line num="27" count="6" type="cond" truecount="4" falsecount="0"/>
        <line num="28" count="2" type="stmt"/>
        <line num="31" count="4" type="stmt"/>
        <line num="32" count="4" type="stmt"/>
        <line num="33" count="4" type="stmt"/>
        <line num="35" count="4" type="stmt"/>
        <line num="39" count="4" type="stmt"/>
        <line num="43" count="4" type="stmt"/>
        <line num="44" count="4" type="stmt"/>
        <line num="45" count="4" type="cond" truecount="2" falsecount="0"/>
        <line num="46" count="1" type="stmt"/>
        <line num="50" count="3" type="stmt"/>
        <line num="51" count="3" type="cond" truecount="2" falsecount="0"/>
        <line num="52" count="1" type="stmt"/>
        <line num="56" count="2" type="stmt"/>
        <line num="65" count="2" type="stmt"/>
        <line num="66" count="2" type="stmt"/>
        <line num="70" count="2" type="stmt"/>
        <line num="81" count="2" type="stmt"/>
        <line num="83" count="2" type="stmt"/>
        <line num="84" count="2" type="stmt"/>
        <line num="86" count="2" type="stmt"/>
        <line num="90" count="0" type="stmt"/>
        <line num="95" count="1" type="stmt"/>
        <line num="96" count="5" type="stmt"/>
        <line num="97" count="5" type="stmt"/>
        <line num="100" count="5" type="cond" truecount="2" falsecount="0"/>
        <line num="101" count="5" type="cond" truecount="2" falsecount="0"/>
        <line num="102" count="1" type="stmt"/>
        <line num="109" count="5" type="stmt"/>
        <line num="113" count="4" type="cond" truecount="2" falsecount="0"/>
        <line num="114" count="1" type="stmt"/>
        <line num="116" count="3" type="stmt"/>
        <line num="118" count="1" type="stmt"/>
        <line num="119" count="1" type="stmt"/>
        <line num="124" count="1" type="stmt"/>
        <line num="125" count="2" type="stmt"/>
        <line num="126" count="2" type="stmt"/>
        <line num="127" count="2" type="stmt"/>
        <line num="131" count="2" type="cond" truecount="2" falsecount="0"/>
        <line num="132" count="1" type="stmt"/>
        <line num="134" count="0" type="stmt"/>
        <line num="135" count="0" type="stmt"/>
        <line num="141" count="1" type="stmt"/>
        <line num="142" count="6" type="stmt"/>
        <line num="143" count="6" type="stmt"/>
        <line num="144" count="6" type="cond" truecount="1" falsecount="1"/>
        <line num="146" count="6" type="stmt"/>
        <line num="147" count="6" type="cond" truecount="2" falsecount="0"/>
        <line num="148" count="5" type="cond" truecount="2" falsecount="0"/>
        <line num="149" count="1" type="stmt"/>
        <line num="151" count="4" type="stmt"/>
        <line num="152" count="4" type="stmt"/>
        <line num="154" count="4" type="cond" truecount="1" falsecount="1"/>
        <line num="155" count="4" type="stmt"/>
        <line num="158" count="4" type="cond" truecount="2" falsecount="0"/>
        <line num="159" count="1" type="stmt"/>
        <line num="165" count="4" type="stmt"/>
        <line num="166" count="4" type="stmt"/>
        <line num="168" count="4" type="stmt"/>
        <line num="170" count="0" type="stmt"/>
        <line num="171" count="0" type="stmt"/>
        <line num="176" count="1" type="stmt"/>
        <line num="177" count="3" type="stmt"/>
        <line num="178" count="3" type="stmt"/>
        <line num="179" count="3" type="cond" truecount="2" falsecount="0"/>
        <line num="180" count="1" type="stmt"/>
        <line num="182" count="2" type="stmt"/>
        <line num="183" count="2" type="cond" truecount="2" falsecount="0"/>
        <line num="184" count="1" type="stmt"/>
        <line num="186" count="1" type="stmt"/>
        <line num="196" count="0" type="stmt"/>
        <line num="197" count="0" type="stmt"/>
        <line num="201" count="1" type="stmt"/>
      </file>
      <file name="cashierKotOrder.js" path="C:\Users\Pandikumar\Desktop\Kot-Pos\kot-pos-backend\src\routes\cashier\cashierKotOrder.js">
        <metrics statements="74" coveredstatements="67" conditionals="16" coveredconditionals="14" methods="12" coveredmethods="11"/>
        <line num="1" count="1" type="stmt"/>
        <line num="2" count="1" type="stmt"/>
        <line num="3" count="1" type="stmt"/>
        <line num="4" count="1" type="stmt"/>
        <line num="5" count="1" type="stmt"/>
        <line num="6" count="1" type="stmt"/>
        <line num="7" count="1" type="stmt"/>
        <line num="8" count="1" type="stmt"/>
        <line num="9" count="1" type="stmt"/>
        <line num="12" count="1" type="stmt"/>
        <line num="15" count="1" type="stmt"/>
        <line num="22" count="1" type="stmt"/>
        <line num="23" count="2" type="stmt"/>
        <line num="24" count="2" type="stmt"/>
        <line num="25" count="2" type="stmt"/>
        <line num="26" count="2" type="stmt"/>
        <line num="28" count="2" type="cond" truecount="2" falsecount="0"/>
        <line num="29" count="1" type="stmt"/>
        <line num="31" count="1" type="stmt"/>
        <line num="32" count="1" type="stmt"/>
        <line num="33" count="1" type="stmt"/>
        <line num="40" count="1" type="stmt"/>
        <line num="41" count="1" type="stmt"/>
        <line num="44" count="1" type="stmt"/>
        <line num="51" count="1" type="stmt"/>
        <line num="53" count="1" type="cond" truecount="1" falsecount="1"/>
        <line num="54" count="1" type="stmt"/>
        <line num="59" count="0" type="stmt"/>
        <line num="62" count="1" type="stmt"/>
        <line num="67" count="0" type="stmt"/>
        <line num="72" count="1" type="stmt"/>
        <line num="73" count="2" type="stmt"/>
        <line num="74" count="2" type="stmt"/>
        <line num="75" count="2" type="cond" truecount="1" falsecount="1"/>
        <line num="77" count="0" type="stmt"/>
        <line num="82" count="1" type="stmt"/>
        <line num="83" count="2" type="stmt"/>
        <line num="84" count="2" type="stmt"/>
        <line num="85" count="2" type="stmt"/>
        <line num="88" count="2" type="cond" truecount="2" falsecount="0"/>
        <line num="89" count="1" type="stmt"/>
        <line num="90" count="1" type="stmt"/>
        <line num="92" count="0" type="stmt"/>
        <line num="97" count="1" type="stmt"/>
        <line num="98" count="3" type="stmt"/>
        <line num="99" count="3" type="stmt"/>
        <line num="101" count="3" type="stmt"/>
        <line num="102" count="3" type="cond" truecount="2" falsecount="0"/>
        <line num="103" count="1" type="stmt"/>
        <line num="104" count="2" type="cond" truecount="2" falsecount="0"/>
        <line num="105" count="1" type="stmt"/>
        <line num="110" count="1" type="stmt"/>
        <line num="116" count="1" type="stmt"/>
        <line num="117" count="1" type="stmt"/>
        <line num="121" count="1" type="stmt"/>
        <line num="133" count="1" type="stmt"/>
        <line num="134" count="1" type="stmt"/>
        <line num="136" count="1" type="stmt"/>
        <line num="138" count="0" type="stmt"/>
        <line num="143" count="1" type="stmt"/>
        <line num="144" count="2" type="stmt"/>
        <line num="145" count="2" type="stmt"/>
        <line num="146" count="2" type="stmt"/>
        <line num="151" count="2" type="cond" truecount="2" falsecount="0"/>
        <line num="152" count="1" type="stmt"/>
        <line num="154" count="0" type="stmt"/>
        <line num="159" count="1" type="stmt"/>
        <line num="160" count="2" type="stmt"/>
        <line num="161" count="2" type="stmt"/>
        <line num="162" count="2" type="stmt"/>
        <line num="167" count="2" type="cond" truecount="2" falsecount="0"/>
        <line num="168" count="1" type="stmt"/>
        <line num="170" count="0" type="stmt"/>
        <line num="174" count="1" type="stmt"/>
      </file>
      <file name="cashierReports.js" path="C:\Users\Pandikumar\Desktop\Kot-Pos\kot-pos-backend\src\routes\cashier\cashierReports.js">
        <metrics statements="14" coveredstatements="14" conditionals="2" coveredconditionals="2" methods="1" coveredmethods="1"/>
        <line num="1" count="1" type="stmt"/>
        <line num="2" count="1" type="stmt"/>
        <line num="3" count="1" type="stmt"/>
        <line num="4" count="1" type="stmt"/>
        <line num="5" count="1" type="stmt"/>
        <line num="7" count="1" type="stmt"/>
        <line num="8" count="4" type="stmt"/>
        <line num="9" count="4" type="stmt"/>
        <line num="10" count="4" type="stmt"/>
        <line num="12" count="4" type="stmt"/>
        <line num="23" count="3" type="cond" truecount="2" falsecount="0"/>
        <line num="25" count="1" type="stmt"/>
        <line num="26" count="1" type="stmt"/>
        <line num="30" count="1" type="stmt"/>
      </file>
    </package>
    <package name="routes.chef">
      <metrics statements="42" coveredstatements="38" conditionals="8" coveredconditionals="8" methods="5" coveredmethods="5"/>
      <file name="chefRouter.js" path="C:\Users\Pandikumar\Desktop\Kot-Pos\kot-pos-backend\src\routes\chef\chefRouter.js">
        <metrics statements="42" coveredstatements="38" conditionals="8" coveredconditionals="8" methods="5" coveredmethods="5"/>
        <line num="1" count="1" type="stmt"/>
        <line num="2" count="1" type="stmt"/>
        <line num="3" count="1" type="stmt"/>
        <line num="4" count="1" type="stmt"/>
        <line num="7" count="1" type="stmt"/>
        <line num="9" count="1" type="stmt"/>
        <line num="12" count="1" type="stmt"/>
        <line num="13" count="5" type="stmt"/>
        <line num="14" count="5" type="stmt"/>
        <line num="17" count="4" type="stmt"/>
        <line num="19" count="1" type="stmt"/>
        <line num="24" count="1" type="stmt"/>
        <line num="25" count="2" type="stmt"/>
        <line num="26" count="2" type="stmt"/>
        <line num="27" count="2" type="cond" truecount="2" falsecount="0"/>
        <line num="28" count="1" type="stmt"/>
        <line num="30" count="0" type="stmt"/>
        <line num="35" count="1" type="stmt"/>
        <line num="36" count="3" type="stmt"/>
        <line num="37" count="3" type="stmt"/>
        <line num="42" count="3" type="cond" truecount="2" falsecount="0"/>
        <line num="45" count="2" type="stmt"/>
        <line num="46" count="2" type="stmt"/>
        <line num="48" count="2" type="stmt"/>
        <line num="50" count="0" type="stmt"/>
        <line num="55" count="1" type="stmt"/>
        <line num="56" count="3" type="stmt"/>
        <line num="57" count="3" type="stmt"/>
        <line num="62" count="3" type="cond" truecount="2" falsecount="0"/>
        <line num="65" count="2" type="stmt"/>
        <line num="66" count="2" type="stmt"/>
        <line num="68" count="2" type="stmt"/>
        <line num="70" count="0" type="stmt"/>
        <line num="75" count="1" type="stmt"/>
        <line num="76" count="4" type="stmt"/>
        <line num="77" count="4" type="stmt"/>
        <line num="82" count="4" type="cond" truecount="2" falsecount="0"/>
        <line num="85" count="3" type="stmt"/>
        <line num="86" count="3" type="stmt"/>
        <line num="88" count="3" type="stmt"/>
        <line num="90" count="0" type="stmt"/>
        <line num="94" count="1" type="stmt"/>
      </file>
    </package>
    <package name="routes.public">
      <metrics statements="49" coveredstatements="48" conditionals="32" coveredconditionals="29" methods="8" coveredmethods="8"/>
      <file name="QrMenuRouter.js" path="C:\Users\Pandikumar\Desktop\Kot-Pos\kot-pos-backend\src\routes\public\QrMenuRouter.js">
        <metrics statements="49" coveredstatements="48" conditionals="32" coveredconditionals="29" methods="8" coveredmethods="8"/>
        <line num="1" count="1" type="stmt"/>
        <line num="2" count="1" type="stmt"/>
        <line num="3" count="1" type="stmt"/>
        <line num="4" count="1" type="stmt"/>
        <line num="5" count="1" type="stmt"/>
        <line num="6" count="1" type="stmt"/>
        <line num="11" count="1" type="stmt"/>
        <line num="12" count="7" type="stmt"/>
        <line num="13" count="7" type="stmt"/>
        <line num="14" count="6" type="cond" truecount="2" falsecount="0"/>
        <line num="15" count="1" type="stmt"/>
        <line num="19" count="5" type="stmt"/>
        <line num="22" count="5" type="stmt"/>
        <line num="23" count="3" type="cond" truecount="1" falsecount="1"/>
        <line num="24" count="3" type="stmt"/>
        <line num="30" count="3" type="stmt"/>
        <line num="35" count="5" type="cond" truecount="2" falsecount="0"/>
        <line num="39" count="5" type="stmt"/>
        <line num="55" count="1" type="stmt"/>
        <line num="62" count="1" type="stmt"/>
        <line num="63" count="10" type="stmt"/>
        <line num="64" count="10" type="stmt"/>
        <line num="66" count="10" type="cond" truecount="4" falsecount="0"/>
        <line num="67" count="2" type="stmt"/>
        <line num="70" count="8" type="stmt"/>
        <line num="71" count="8" type="cond" truecount="2" falsecount="0"/>
        <line num="72" count="1" type="stmt"/>
        <line num="76" count="7" type="stmt"/>
        <line num="77" count="7" type="stmt"/>
        <line num="81" count="7" type="cond" truecount="2" falsecount="0"/>
        <line num="82" count="1" type="stmt"/>
        <line num="85" count="6" type="stmt"/>
        <line num="86" count="6" type="stmt"/>
        <line num="87" count="6" type="stmt"/>
        <line num="95" count="6" type="stmt"/>
        <line num="96" count="6" type="stmt"/>
        <line num="101" count="6" type="stmt"/>
        <line num="115" count="6" type="cond" truecount="2" falsecount="0"/>
        <line num="116" count="5" type="stmt"/>
        <line num="119" count="6" type="stmt"/>
        <line num="125" count="0" type="stmt"/>
        <line num="131" count="1" type="stmt"/>
        <line num="132" count="8" type="stmt"/>
        <line num="133" count="8" type="stmt"/>
        <line num="137" count="7" type="cond" truecount="2" falsecount="0"/>
        <line num="139" count="6" type="stmt"/>
        <line num="147" count="6" type="stmt"/>
        <line num="155" count="1" type="stmt"/>
        <line num="159" count="1" type="stmt"/>
      </file>
    </package>
    <package name="routes.waiter">
      <metrics statements="152" coveredstatements="143" conditionals="47" coveredconditionals="42" methods="22" coveredmethods="21"/>
      <file name="waiterOrderRouter.js" path="C:\Users\Pandikumar\Desktop\Kot-Pos\kot-pos-backend\src\routes\waiter\waiterOrderRouter.js">
        <metrics statements="120" coveredstatements="111" conditionals="41" coveredconditionals="36" methods="20" coveredmethods="19"/>
        <line num="1" count="1" type="stmt"/>
        <line num="2" count="1" type="stmt"/>
        <line num="3" count="1" type="stmt"/>
        <line num="4" count="1" type="stmt"/>
        <line num="5" count="1" type="stmt"/>
        <line num="6" count="1" type="stmt"/>
        <line num="7" count="1" type="stmt"/>
        <line num="8" count="1" type="stmt"/>
        <line num="9" count="1" type="stmt"/>
        <line num="10" count="1" type="stmt"/>
        <line num="11" count="1" type="stmt"/>
        <line num="13" count="1" type="stmt"/>
        <line num="20" count="1" type="stmt"/>
        <line num="21" count="4" type="stmt"/>
        <line num="22" count="4" type="stmt"/>
        <line num="23" count="4" type="cond" truecount="2" falsecount="0"/>
        <line num="24" count="4" type="cond" truecount="2" falsecount="0"/>
        <line num="25" count="1" type="stmt"/>
        <line num="27" count="4" type="stmt"/>
        <line num="31" count="3" type="stmt"/>
        <line num="33" count="1" type="stmt"/>
        <line num="39" count="1" type="stmt"/>
        <line num="40" count="2" type="stmt"/>
        <line num="41" count="2" type="stmt"/>
        <line num="42" count="2" type="stmt"/>
        <line num="49" count="2" type="stmt"/>
        <line num="50" count="1" type="stmt"/>
        <line num="58" count="2" type="stmt"/>
        <line num="61" count="2" type="stmt"/>
        <line num="63" count="0" type="stmt"/>
        <line num="69" count="1" type="stmt"/>
        <line num="72" count="5" type="stmt"/>
        <line num="73" count="5" type="stmt"/>
        <line num="74" count="5" type="stmt"/>
        <line num="77" count="5" type="stmt"/>
        <line num="81" count="5" type="cond" truecount="2" falsecount="0"/>
        <line num="82" count="1" type="stmt"/>
        <line num="89" count="4" type="cond" truecount="2" falsecount="0"/>
        <line num="90" count="4" type="cond" truecount="2" falsecount="0"/>
        <line num="93" count="4" type="stmt"/>
        <line num="98" count="4" type="cond" truecount="2" falsecount="0"/>
        <line num="99" count="1" type="stmt"/>
        <line num="105" count="3" type="stmt"/>
        <line num="106" count="3" type="stmt"/>
        <line num="108" count="3" type="stmt"/>
        <line num="117" count="3" type="stmt"/>
        <line num="118" count="3" type="stmt"/>
        <line num="119" count="3" type="stmt"/>
        <line num="120" count="3" type="stmt"/>
        <line num="123" count="3" type="stmt"/>
        <line num="128" count="3" type="stmt"/>
        <line num="142" count="3" type="stmt"/>
        <line num="148" count="3" type="stmt"/>
        <line num="151" count="3" type="stmt"/>
        <line num="152" count="3" type="stmt"/>
        <line num="154" count="3" type="stmt"/>
        <line num="156" count="0" type="stmt"/>
        <line num="162" count="1" type="stmt"/>
        <line num="163" count="4" type="stmt"/>
        <line num="164" count="4" type="stmt"/>
        <line num="166" count="4" type="cond" truecount="5" falsecount="0"/>
        <line num="167" count="2" type="stmt"/>
        <line num="170" count="2" type="stmt"/>
        <line num="171" count="2" type="stmt"/>
        <line num="174" count="2" type="cond" truecount="2" falsecount="0"/>
        <line num="175" count="1" type="stmt"/>
        <line num="178" count="1" type="stmt"/>
        <line num="179" count="1" type="stmt"/>
        <line num="180" count="1" type="stmt"/>
        <line num="188" count="1" type="stmt"/>
        <line num="189" count="1" type="stmt"/>
        <line num="193" count="1" type="stmt"/>
        <line num="202" count="1" type="stmt"/>
        <line num="204" count="1" type="cond" truecount="1" falsecount="1"/>
        <line num="205" count="1" type="stmt"/>
        <line num="210" count="0" type="stmt"/>
        <line num="213" count="1" type="stmt"/>
        <line num="217" count="0" type="stmt"/>
        <line num="222" count="1" type="stmt"/>
        <line num="223" count="2" type="stmt"/>
        <line num="224" count="2" type="cond" truecount="1" falsecount="1"/>
        <line num="227" count="2" type="stmt"/>
        <line num="229" count="0" type="stmt"/>
        <line num="234" count="1" type="stmt"/>
        <line num="235" count="2" type="stmt"/>
        <line num="236" count="2" type="stmt"/>
        <line num="237" count="2" type="stmt"/>
        <line num="241" count="2" type="cond" truecount="2" falsecount="0"/>
        <line num="242" count="1" type="stmt"/>
        <line num="244" count="0" type="stmt"/>
        <line num="249" count="1" type="stmt"/>
        <line num="250" count="3" type="stmt"/>
        <line num="251" count="3" type="stmt"/>
        <line num="252" count="3" type="stmt"/>
        <line num="253" count="3" type="cond" truecount="2" falsecount="0"/>
        <line num="254" count="1" type="stmt"/>
        <line num="255" count="2" type="cond" truecount="2" falsecount="0"/>
        <line num="256" count="1" type="stmt"/>
        <line num="261" count="1" type="stmt"/>
        <line num="267" count="1" type="stmt"/>
        <line num="269" count="1" type="stmt"/>
        <line num="281" count="1" type="stmt"/>
        <line num="282" count="1" type="stmt"/>
        <line num="284" count="1" type="stmt"/>
        <line num="286" count="0" type="stmt"/>
        <line num="291" count="1" type="stmt"/>
        <line num="292" count="2" type="stmt"/>
        <line num="293" count="2" type="stmt"/>
        <line num="294" count="2" type="stmt"/>
        <line num="299" count="2" type="cond" truecount="2" falsecount="0"/>
        <line num="300" count="1" type="stmt"/>
        <line num="302" count="0" type="stmt"/>
        <line num="307" count="1" type="stmt"/>
        <line num="308" count="2" type="stmt"/>
        <line num="309" count="2" type="stmt"/>
        <line num="310" count="2" type="stmt"/>
        <line num="315" count="2" type="cond" truecount="2" falsecount="0"/>
        <line num="316" count="1" type="stmt"/>
        <line num="318" count="0" type="stmt"/>
        <line num="322" count="1" type="stmt"/>
      </file>
      <file name="waiterTableRouter.js" path="C:\Users\Pandikumar\Desktop\Kot-Pos\kot-pos-backend\src\routes\waiter\waiterTableRouter.js">
        <metrics statements="32" coveredstatements="32" conditionals="6" coveredconditionals="6" methods="2" coveredmethods="2"/>
        <line num="1" count="1" type="stmt"/>
        <line num="2" count="1" type="stmt"/>
        <line num="3" count="1" type="stmt"/>
        <line num="4" count="1" type="stmt"/>
        <line num="7" count="1" type="stmt"/>
        <line num="9" count="1" type="stmt"/>
        <line num="12" count="1" type="stmt"/>
        <line num="13" count="8" type="stmt"/>
        <line num="14" count="8" type="stmt"/>
        <line num="15" count="8" type="stmt"/>
        <line num="16" count="8" type="cond" truecount="2" falsecount="0"/>
        <line num="17" count="7" type="cond" truecount="2" falsecount="0"/>
        <line num="18" count="1" type="stmt"/>
        <line num="20" count="6" type="stmt"/>
        <line num="21" count="6" type="stmt"/>
        <line num="22" count="6" type="stmt"/>
        <line num="25" count="5" type="stmt"/>
        <line num="26" count="5" type="stmt"/>
        <line num="28" count="5" type="stmt"/>
        <line num="30" count="1" type="stmt"/>
        <line num="35" count="1" type="stmt"/>
        <line num="36" count="6" type="stmt"/>
        <line num="37" count="6" type="stmt"/>
        <line num="38" count="6" type="cond" truecount="2" falsecount="0"/>
        <line num="40" count="5" type="stmt"/>
        <line num="41" count="5" type="stmt"/>
        <line num="42" count="5" type="stmt"/>
        <line num="45" count="4" type="stmt"/>
        <line num="46" count="4" type="stmt"/>
        <line num="48" count="4" type="stmt"/>
        <line num="50" count="1" type="stmt"/>
        <line num="54" count="1" type="stmt"/>
      </file>
    </package>
    <package name="utils">
      <metrics statements="40" coveredstatements="30" conditionals="42" coveredconditionals="33" methods="6" coveredmethods="5"/>
      <file name="customerHelper.js" path="C:\Users\Pandikumar\Desktop\Kot-Pos\kot-pos-backend\src\utils\customerHelper.js">
        <metrics statements="10" coveredstatements="0" conditionals="9" coveredconditionals="0" methods="1" coveredmethods="0"/>
        <line num="5" count="0" type="stmt"/>
        <line num="13" count="0" type="cond" truecount="0" falsecount="1"/>
        <line num="14" count="0" type="stmt"/>
        <line num="15" count="0" type="cond" truecount="0" falsecount="2"/>
        <line num="17" count="0" type="stmt"/>
        <line num="19" count="0" type="cond" truecount="0" falsecount="2"/>
        <line num="21" count="0" type="stmt"/>
        <line num="38" count="0" type="stmt"/>
        <line num="48" count="0" type="stmt"/>
        <line num="52" count="0" type="stmt"/>
      </file>
      <file name="validation.js" path="C:\Users\Pandikumar\Desktop\Kot-Pos\kot-pos-backend\src\utils\validation.js">
        <metrics statements="30" coveredstatements="30" conditionals="33" coveredconditionals="33" methods="5" coveredmethods="5"/>
        <line num="1" count="1" type="stmt"/>
        <line num="3" count="1" type="stmt"/>
        <line num="4" count="10" type="cond" truecount="4" falsecount="0"/>
        <line num="5" count="5" type="stmt"/>
        <line num="7" count="5" type="cond" truecount="2" falsecount="0"/>
        <line num="8" count="4" type="stmt"/>
        <line num="12" count="1" type="stmt"/>
        <line num="13" count="10" type="cond" truecount="2" falsecount="0"/>
        <line num="18" count="1" type="stmt"/>
        <line num="19" count="7" type="cond" truecount="2" falsecount="0"/>
        <line num="22" count="1" type="stmt"/>
        <line num="23" count="27" type="stmt"/>
        <line num="25" count="27" type="cond" truecount="5" falsecount="0"/>
        <line num="26" count="4" type="stmt"/>
        <line num="30" count="23" type="stmt"/>
        <line num="43" count="23" type="cond" truecount="2" falsecount="0"/>
        <line num="44" count="2" type="stmt"/>
        <line num="47" count="21" type="cond" truecount="4" falsecount="0"/>
        <line num="48" count="4" type="stmt"/>
        <line num="51" count="17" type="cond" truecount="4" falsecount="0"/>
        <line num="52" count="2" type="stmt"/>
        <line num="56" count="1" type="stmt"/>
        <line num="57" count="14" type="stmt"/>
        <line num="59" count="14" type="stmt"/>
        <line num="60" count="14" type="stmt"/>
        <line num="62" count="14" type="cond" truecount="4" falsecount="0"/>
        <line num="63" count="2" type="stmt"/>
        <line num="65" count="12" type="cond" truecount="4" falsecount="0"/>
        <line num="66" count="2" type="stmt"/>
        <line num="70" count="1" type="stmt"/>
      </file>
    </package>
  </project>
</coverage>
