{"C:\\Users\\Pandikumar\\Desktop\\Kot-Pos\\kot-pos-backend\\src\\middlewares\\ErrorLogger.js": {"path":"C:\\Users\\Pandikumar\\Desktop\\Kot-Pos\\kot-pos-backend\\src\\middlewares\\ErrorLogger.js","statementMap":{"0":{"start":{"line":11,"column":15},"end":{"line":11,"column":42}},"1":{"start":{"line":14,"column":0},"end":{"line":31,"column":2}},"2":{"start":{"line":16,"column":2},"end":{"line":24,"column":5}},"3":{"start":{"line":27,"column":17},"end":{"line":27,"column":52}},"4":{"start":{"line":28,"column":2},"end":{"line":30,"column":5}}},"fnMap":{"0":{"name":"errorLogger","decl":{"start":{"line":14,"column":26},"end":{"line":14,"column":37}},"loc":{"start":{"line":14,"column":59},"end":{"line":31,"column":1}},"line":14}},"branchMap":{"0":{"loc":{"start":{"line":21,"column":12},"end":{"line":21,"column":33}},"type":"binary-expr","locations":[{"start":{"line":21,"column":12},"end":{"line":21,"column":25}},{"start":{"line":21,"column":29},"end":{"line":21,"column":33}}],"line":21},"1":{"loc":{"start":{"line":22,"column":14},"end":{"line":22,"column":36}},"type":"binary-expr","locations":[{"start":{"line":22,"column":14},"end":{"line":22,"column":28}},{"start":{"line":22,"column":32},"end":{"line":22,"column":36}}],"line":22},"2":{"loc":{"start":{"line":27,"column":17},"end":{"line":27,"column":52}},"type":"binary-expr","locations":[{"start":{"line":27,"column":17},"end":{"line":27,"column":27}},{"start":{"line":27,"column":31},"end":{"line":27,"column":45}},{"start":{"line":27,"column":49},"end":{"line":27,"column":52}}],"line":27},"3":{"loc":{"start":{"line":29,"column":11},"end":{"line":29,"column":65}},"type":"cond-expr","locations":[{"start":{"line":29,"column":28},"end":{"line":29,"column":51}},{"start":{"line":29,"column":54},"end":{"line":29,"column":65}}],"line":29}},"s":{"0":0,"1":0,"2":0,"3":0,"4":0},"f":{"0":0},"b":{"0":[0,0],"1":[0,0],"2":[0,0,0],"3":[0,0]}}
,"C:\\Users\\Pandikumar\\Desktop\\Kot-Pos\\kot-pos-backend\\src\\middlewares\\auth.js": {"path":"C:\\Users\\Pandikumar\\Desktop\\Kot-Pos\\kot-pos-backend\\src\\middlewares\\auth.js","statementMap":{"0":{"start":{"line":1,"column":12},"end":{"line":1,"column":35}},"1":{"start":{"line":2,"column":13},"end":{"line":2,"column":39}},"2":{"start":{"line":4,"column":17},"end":{"line":28,"column":1}},"3":{"start":{"line":5,"column":2},"end":{"line":27,"column":3}},"4":{"start":{"line":6,"column":20},"end":{"line":6,"column":31}},"5":{"start":{"line":9,"column":6},"end":{"line":9,"column":74}},"6":{"start":{"line":11,"column":4},"end":{"line":13,"column":5}},"7":{"start":{"line":12,"column":6},"end":{"line":12,"column":42}},"8":{"start":{"line":15,"column":23},"end":{"line":15,"column":64}},"9":{"start":{"line":16,"column":20},"end":{"line":16,"column":30}},"10":{"start":{"line":18,"column":17},"end":{"line":18,"column":41}},"11":{"start":{"line":19,"column":4},"end":{"line":21,"column":5}},"12":{"start":{"line":20,"column":6},"end":{"line":20,"column":40}},"13":{"start":{"line":23,"column":4},"end":{"line":23,"column":20}},"14":{"start":{"line":24,"column":4},"end":{"line":24,"column":11}},"15":{"start":{"line":26,"column":4},"end":{"line":26,"column":50}},"16":{"start":{"line":30,"column":19},"end":{"line":37,"column":1}},"17":{"start":{"line":31,"column":2},"end":{"line":36,"column":4}},"18":{"start":{"line":32,"column":4},"end":{"line":34,"column":5}},"19":{"start":{"line":33,"column":6},"end":{"line":33,"column":78}},"20":{"start":{"line":35,"column":4},"end":{"line":35,"column":11}},"21":{"start":{"line":39,"column":0},"end":{"line":42,"column":2}}},"fnMap":{"0":{"name":"(anonymous_0)","decl":{"start":{"line":4,"column":17},"end":{"line":4,"column":18}},"loc":{"start":{"line":4,"column":43},"end":{"line":28,"column":1}},"line":4},"1":{"name":"(anonymous_1)","decl":{"start":{"line":30,"column":19},"end":{"line":30,"column":20}},"loc":{"start":{"line":30,"column":35},"end":{"line":37,"column":1}},"line":30},"2":{"name":"(anonymous_2)","decl":{"start":{"line":31,"column":9},"end":{"line":31,"column":10}},"loc":{"start":{"line":31,"column":29},"end":{"line":36,"column":3}},"line":31}},"branchMap":{"0":{"loc":{"start":{"line":9,"column":6},"end":{"line":9,"column":74}},"type":"binary-expr","locations":[{"start":{"line":9,"column":6},"end":{"line":9,"column":19}},{"start":{"line":9,"column":23},"end":{"line":9,"column":74}}],"line":9},"1":{"loc":{"start":{"line":11,"column":4},"end":{"line":13,"column":5}},"type":"if","locations":[{"start":{"line":11,"column":4},"end":{"line":13,"column":5}},{"start":{},"end":{}}],"line":11},"2":{"loc":{"start":{"line":19,"column":4},"end":{"line":21,"column":5}},"type":"if","locations":[{"start":{"line":19,"column":4},"end":{"line":21,"column":5}},{"start":{},"end":{}}],"line":19},"3":{"loc":{"start":{"line":30,"column":20},"end":{"line":30,"column":30}},"type":"default-arg","locations":[{"start":{"line":30,"column":28},"end":{"line":30,"column":30}}],"line":30},"4":{"loc":{"start":{"line":32,"column":4},"end":{"line":34,"column":5}},"type":"if","locations":[{"start":{"line":32,"column":4},"end":{"line":34,"column":5}},{"start":{},"end":{}}],"line":32},"5":{"loc":{"start":{"line":32,"column":8},"end":{"line":32,"column":51}},"type":"binary-expr","locations":[{"start":{"line":32,"column":8},"end":{"line":32,"column":17}},{"start":{"line":32,"column":21},"end":{"line":32,"column":51}}],"line":32}},"s":{"0":14,"1":14,"2":14,"3":352,"4":352,"5":352,"6":352,"7":55,"8":297,"9":297,"10":297,"11":297,"12":0,"13":297,"14":297,"15":55,"16":14,"17":24,"18":264,"19":69,"20":195,"21":14},"f":{"0":352,"1":24,"2":264},"b":{"0":[352,55],"1":[55,297],"2":[0,297],"3":[0],"4":[69,195],"5":[264,264]},"_coverageSchema":"1a1c01bbd47fc00a2c39e90264f33305004495a9","hash":"4df22bb6501c6c5a0b3c62ad9e6a923cf3989d89"}
,"C:\\Users\\Pandikumar\\Desktop\\Kot-Pos\\kot-pos-backend\\src\\middlewares\\branchScope.js": {"path":"C:\\Users\\Pandikumar\\Desktop\\Kot-Pos\\kot-pos-backend\\src\\middlewares\\branchScope.js","statementMap":{"0":{"start":{"line":1,"column":17},"end":{"line":1,"column":36}},"1":{"start":{"line":2,"column":28},"end":{"line":2,"column":37}},"2":{"start":{"line":4,"column":0},"end":{"line":40,"column":2}},"3":{"start":{"line":5,"column":23},"end":{"line":5,"column":49}},"4":{"start":{"line":6,"column":19},"end":{"line":6,"column":33}},"5":{"start":{"line":9,"column":4},"end":{"line":12,"column":23}},"6":{"start":{"line":14,"column":2},"end":{"line":37,"column":3}},"7":{"start":{"line":16,"column":4},"end":{"line":32,"column":5}},"8":{"start":{"line":17,"column":6},"end":{"line":17,"column":30}},"9":{"start":{"line":19,"column":26},"end":{"line":19,"column":44}},"10":{"start":{"line":20,"column":6},"end":{"line":26,"column":7}},"11":{"start":{"line":21,"column":8},"end":{"line":21,"column":35}},"12":{"start":{"line":22,"column":8},"end":{"line":22,"column":53}},"13":{"start":{"line":24,"column":8},"end":{"line":24,"column":28}},"14":{"start":{"line":25,"column":8},"end":{"line":25,"column":30}},"15":{"start":{"line":28,"column":6},"end":{"line":31,"column":9}},"16":{"start":{"line":34,"column":4},"end":{"line":34,"column":29}},"17":{"start":{"line":35,"column":4},"end":{"line":35,"column":43}},"18":{"start":{"line":36,"column":4},"end":{"line":36,"column":50}},"19":{"start":{"line":39,"column":2},"end":{"line":39,"column":9}}},"fnMap":{"0":{"name":"branchScope","decl":{"start":{"line":4,"column":26},"end":{"line":4,"column":37}},"loc":{"start":{"line":4,"column":54},"end":{"line":40,"column":1}},"line":4}},"branchMap":{"0":{"loc":{"start":{"line":5,"column":23},"end":{"line":5,"column":49}},"type":"binary-expr","locations":[{"start":{"line":5,"column":23},"end":{"line":5,"column":41}},{"start":{"line":5,"column":45},"end":{"line":5,"column":49}}],"line":5},"1":{"loc":{"start":{"line":9,"column":4},"end":{"line":12,"column":23}},"type":"binary-expr","locations":[{"start":{"line":9,"column":4},"end":{"line":9,"column":25}},{"start":{"line":10,"column":4},"end":{"line":10,"column":30}},{"start":{"line":11,"column":4},"end":{"line":11,"column":27}},{"start":{"line":12,"column":4},"end":{"line":12,"column":23}}],"line":9},"2":{"loc":{"start":{"line":14,"column":2},"end":{"line":37,"column":3}},"type":"if","locations":[{"start":{"line":14,"column":2},"end":{"line":37,"column":3}},{"start":{"line":33,"column":9},"end":{"line":37,"column":3}}],"line":14},"3":{"loc":{"start":{"line":16,"column":4},"end":{"line":32,"column":5}},"type":"if","locations":[{"start":{"line":16,"column":4},"end":{"line":32,"column":5}},{"start":{"line":27,"column":11},"end":{"line":32,"column":5}}],"line":16},"4":{"loc":{"start":{"line":20,"column":6},"end":{"line":26,"column":7}},"type":"if","locations":[{"start":{"line":20,"column":6},"end":{"line":26,"column":7}},{"start":{"line":23,"column":13},"end":{"line":26,"column":7}}],"line":20},"5":{"loc":{"start":{"line":20,"column":10},"end":{"line":20,"column":62}},"type":"binary-expr","locations":[{"start":{"line":20,"column":10},"end":{"line":20,"column":21}},{"start":{"line":20,"column":25},"end":{"line":20,"column":62}}],"line":20}},"s":{"0":4,"1":4,"2":4,"3":71,"4":71,"5":71,"6":71,"7":2,"8":0,"9":0,"10":0,"11":0,"12":0,"13":0,"14":0,"15":2,"16":69,"17":69,"18":69,"19":69},"f":{"0":71},"b":{"0":[71,2],"1":[71,69,69,69],"2":[2,69],"3":[0,2],"4":[0,0],"5":[0,0]},"_coverageSchema":"1a1c01bbd47fc00a2c39e90264f33305004495a9","hash":"c8ad8ef6de87e73c34b41e988b2886526dd3f0a7"}
,"C:\\Users\\Pandikumar\\Desktop\\Kot-Pos\\kot-pos-backend\\src\\middlewares\\paginate.js": {"path":"C:\\Users\\Pandikumar\\Desktop\\Kot-Pos\\kot-pos-backend\\src\\middlewares\\paginate.js","statementMap":{"0":{"start":{"line":1,"column":22},"end":{"line":1,"column":24}},"1":{"start":{"line":2,"column":18},"end":{"line":2,"column":21}},"2":{"start":{"line":5,"column":15},"end":{"line":5,"column":57}},"3":{"start":{"line":6,"column":16},"end":{"line":9,"column":3}},"4":{"start":{"line":10,"column":15},"end":{"line":10,"column":33}},"5":{"start":{"line":11,"column":2},"end":{"line":11,"column":31}},"6":{"start":{"line":15,"column":21},"end":{"line":15,"column":45}},"7":{"start":{"line":16,"column":2},"end":{"line":26,"column":4}},"8":{"start":{"line":29,"column":0},"end":{"line":29,"column":45}}},"fnMap":{"0":{"name":"getPagination","decl":{"start":{"line":4,"column":9},"end":{"line":4,"column":22}},"loc":{"start":{"line":4,"column":28},"end":{"line":12,"column":1}},"line":4},"1":{"name":"paginate","decl":{"start":{"line":14,"column":9},"end":{"line":14,"column":17}},"loc":{"start":{"line":14,"column":44},"end":{"line":27,"column":1}},"line":14}},"branchMap":{"0":{"loc":{"start":{"line":5,"column":27},"end":{"line":5,"column":56}},"type":"binary-expr","locations":[{"start":{"line":5,"column":27},"end":{"line":5,"column":51}},{"start":{"line":5,"column":55},"end":{"line":5,"column":56}}],"line":5},"1":{"loc":{"start":{"line":8,"column":16},"end":{"line":8,"column":58}},"type":"binary-expr","locations":[{"start":{"line":8,"column":16},"end":{"line":8,"column":41}},{"start":{"line":8,"column":45},"end":{"line":8,"column":58}}],"line":8}},"s":{"0":0,"1":0,"2":0,"3":0,"4":0,"5":0,"6":0,"7":0,"8":0},"f":{"0":0,"1":0},"b":{"0":[0,0],"1":[0,0]}}
,"C:\\Users\\Pandikumar\\Desktop\\Kot-Pos\\kot-pos-backend\\src\\middlewares\\ratelimiter.js": {"path":"C:\\Users\\Pandikumar\\Desktop\\Kot-Pos\\kot-pos-backend\\src\\middlewares\\ratelimiter.js","statementMap":{"0":{"start":{"line":1,"column":18},"end":{"line":1,"column":47}},"1":{"start":{"line":4,"column":20},"end":{"line":11,"column":1}},"2":{"start":{"line":4,"column":33},"end":{"line":11,"column":1}},"3":{"start":{"line":5,"column":21},"end":{"line":5,"column":77}},"4":{"start":{"line":6,"column":2},"end":{"line":6,"column":43}},"5":{"start":{"line":7,"column":2},"end":{"line":10,"column":5}},"6":{"start":{"line":14,"column":20},"end":{"line":20,"column":2}},"7":{"start":{"line":23,"column":19},"end":{"line":29,"column":2}},"8":{"start":{"line":32,"column":22},"end":{"line":40,"column":2}},"9":{"start":{"line":43,"column":21},"end":{"line":49,"column":2}},"10":{"start":{"line":51,"column":0},"end":{"line":51,"column":74}}},"fnMap":{"0":{"name":"(anonymous_0)","decl":{"start":{"line":4,"column":20},"end":{"line":4,"column":21}},"loc":{"start":{"line":4,"column":33},"end":{"line":11,"column":1}},"line":4},"1":{"name":"(anonymous_1)","decl":{"start":{"line":4,"column":33},"end":{"line":4,"column":34}},"loc":{"start":{"line":4,"column":47},"end":{"line":11,"column":1}},"line":4}},"branchMap":{},"s":{"0":0,"1":0,"2":0,"3":0,"4":0,"5":0,"6":0,"7":0,"8":0,"9":0,"10":0},"f":{"0":0,"1":0},"b":{}}
,"C:\\Users\\Pandikumar\\Desktop\\Kot-Pos\\kot-pos-backend\\src\\middlewares\\requestLogger.js": {"path":"C:\\Users\\Pandikumar\\Desktop\\Kot-Pos\\kot-pos-backend\\src\\middlewares\\requestLogger.js","statementMap":{"0":{"start":{"line":11,"column":15},"end":{"line":11,"column":42}},"1":{"start":{"line":14,"column":19},"end":{"line":14,"column":62}},"2":{"start":{"line":16,"column":0},"end":{"line":41,"column":2}},"3":{"start":{"line":18,"column":2},"end":{"line":18,"column":51}},"4":{"start":{"line":18,"column":37},"end":{"line":18,"column":51}},"5":{"start":{"line":20,"column":16},"end":{"line":20,"column":26}},"6":{"start":{"line":23,"column":2},"end":{"line":38,"column":5}},"7":{"start":{"line":24,"column":15},"end":{"line":24,"column":33}},"8":{"start":{"line":26,"column":6},"end":{"line":26,"column":79}},"9":{"start":{"line":28,"column":4},"end":{"line":37,"column":7}},"10":{"start":{"line":40,"column":2},"end":{"line":40,"column":9}}},"fnMap":{"0":{"name":"requestLogger","decl":{"start":{"line":16,"column":26},"end":{"line":16,"column":39}},"loc":{"start":{"line":16,"column":56},"end":{"line":41,"column":1}},"line":16},"1":{"name":"(anonymous_1)","decl":{"start":{"line":23,"column":19},"end":{"line":23,"column":20}},"loc":{"start":{"line":23,"column":25},"end":{"line":38,"column":3}},"line":23}},"branchMap":{"0":{"loc":{"start":{"line":18,"column":2},"end":{"line":18,"column":51}},"type":"if","locations":[{"start":{"line":18,"column":2},"end":{"line":18,"column":51}},{"start":{},"end":{}}],"line":18},"1":{"loc":{"start":{"line":26,"column":6},"end":{"line":26,"column":79}},"type":"cond-expr","locations":[{"start":{"line":26,"column":30},"end":{"line":26,"column":37}},{"start":{"line":26,"column":40},"end":{"line":26,"column":79}}],"line":26},"2":{"loc":{"start":{"line":26,"column":40},"end":{"line":26,"column":79}},"type":"cond-expr","locations":[{"start":{"line":26,"column":64},"end":{"line":26,"column":70}},{"start":{"line":26,"column":73},"end":{"line":26,"column":79}}],"line":26},"3":{"loc":{"start":{"line":33,"column":10},"end":{"line":33,"column":49}},"type":"binary-expr","locations":[{"start":{"line":33,"column":10},"end":{"line":33,"column":16}},{"start":{"line":33,"column":20},"end":{"line":33,"column":49}}],"line":33},"4":{"loc":{"start":{"line":35,"column":14},"end":{"line":35,"column":35}},"type":"binary-expr","locations":[{"start":{"line":35,"column":14},"end":{"line":35,"column":27}},{"start":{"line":35,"column":31},"end":{"line":35,"column":35}}],"line":35},"5":{"loc":{"start":{"line":36,"column":16},"end":{"line":36,"column":38}},"type":"binary-expr","locations":[{"start":{"line":36,"column":16},"end":{"line":36,"column":30}},{"start":{"line":36,"column":34},"end":{"line":36,"column":38}}],"line":36}},"s":{"0":0,"1":0,"2":0,"3":0,"4":0,"5":0,"6":0,"7":0,"8":0,"9":0,"10":0},"f":{"0":0,"1":0},"b":{"0":[0,0],"1":[0,0],"2":[0,0],"3":[0,0],"4":[0,0],"5":[0,0]}}
,"C:\\Users\\Pandikumar\\Desktop\\Kot-Pos\\kot-pos-backend\\src\\routes\\aiRouter.js": {"path":"C:\\Users\\Pandikumar\\Desktop\\Kot-Pos\\kot-pos-backend\\src\\routes\\aiRouter.js","statementMap":{"0":{"start":{"line":1,"column":16},"end":{"line":1,"column":34}},"1":{"start":{"line":2,"column":31},"end":{"line":2,"column":63}},"2":{"start":{"line":3,"column":33},"end":{"line":3,"column":63}},"3":{"start":{"line":5,"column":18},"end":{"line":5,"column":48}},"4":{"start":{"line":6,"column":17},"end":{"line":6,"column":46}},"5":{"start":{"line":7,"column":12},"end":{"line":7,"column":36}},"6":{"start":{"line":8,"column":16},"end":{"line":8,"column":45}},"7":{"start":{"line":10,"column":15},"end":{"line":10,"column":31}},"8":{"start":{"line":14,"column":12},"end":{"line":14,"column":22}},"9":{"start":{"line":15,"column":2},"end":{"line":15,"column":28}},"10":{"start":{"line":16,"column":2},"end":{"line":16,"column":44}},"11":{"start":{"line":17,"column":2},"end":{"line":17,"column":11}},"12":{"start":{"line":21,"column":14},"end":{"line":23,"column":8}},"13":{"start":{"line":25,"column":15},"end":{"line":29,"column":1}},"14":{"start":{"line":34,"column":2},"end":{"line":46,"column":3}},"15":{"start":{"line":35,"column":4},"end":{"line":45,"column":5}},"16":{"start":{"line":36,"column":20},"end":{"line":36,"column":66}},"17":{"start":{"line":37,"column":21},"end":{"line":37,"column":56}},"18":{"start":{"line":38,"column":6},"end":{"line":38,"column":36}},"19":{"start":{"line":40,"column":6},"end":{"line":40,"column":70}},"20":{"start":{"line":41,"column":6},"end":{"line":41,"column":22}},"21":{"start":{"line":43,"column":6},"end":{"line":43,"column":36}},"22":{"start":{"line":43,"column":30},"end":{"line":43,"column":36}},"23":{"start":{"line":44,"column":6},"end":{"line":44,"column":52}},"24":{"start":{"line":44,"column":31},"end":{"line":44,"column":50}},"25":{"start":{"line":47,"column":2},"end":{"line":47,"column":18}},"26":{"start":{"line":54,"column":21},"end":{"line":54,"column":46}},"27":{"start":{"line":55,"column":18},"end":{"line":55,"column":32}},"28":{"start":{"line":58,"column":2},"end":{"line":61,"column":3}},"29":{"start":{"line":59,"column":4},"end":{"line":59,"column":47}},"30":{"start":{"line":60,"column":4},"end":{"line":60,"column":29}},"31":{"start":{"line":62,"column":15},"end":{"line":62,"column":39}},"32":{"start":{"line":63,"column":2},"end":{"line":63,"column":27}},"33":{"start":{"line":64,"column":2},"end":{"line":64,"column":47}},"34":{"start":{"line":65,"column":2},"end":{"line":65,"column":14}},"35":{"start":{"line":70,"column":2},"end":{"line":70,"column":28}},"36":{"start":{"line":74,"column":0},"end":{"line":74,"column":55}},"37":{"start":{"line":79,"column":0},"end":{"line":144,"column":3}},"38":{"start":{"line":80,"column":2},"end":{"line":143,"column":3}},"39":{"start":{"line":81,"column":4},"end":{"line":85,"column":5}},"40":{"start":{"line":82,"column":6},"end":{"line":84,"column":9}},"41":{"start":{"line":87,"column":33},"end":{"line":87,"column":41}},"42":{"start":{"line":88,"column":4},"end":{"line":90,"column":5}},"43":{"start":{"line":89,"column":6},"end":{"line":89,"column":68}},"44":{"start":{"line":92,"column":24},"end":{"line":109,"column":10}},"45":{"start":{"line":111,"column":19},"end":{"line":127,"column":5}},"46":{"start":{"line":129,"column":18},"end":{"line":129,"column":46}},"47":{"start":{"line":130,"column":4},"end":{"line":130,"column":24}},"48":{"start":{"line":132,"column":4},"end":{"line":132,"column":49}},"49":{"start":{"line":135,"column":4},"end":{"line":139,"column":5}},"50":{"start":{"line":136,"column":6},"end":{"line":138,"column":9}},"51":{"start":{"line":140,"column":4},"end":{"line":142,"column":7}},"52":{"start":{"line":149,"column":0},"end":{"line":229,"column":3}},"53":{"start":{"line":150,"column":2},"end":{"line":228,"column":3}},"54":{"start":{"line":151,"column":25},"end":{"line":153,"column":10}},"55":{"start":{"line":155,"column":18},"end":{"line":155,"column":59}},"56":{"start":{"line":156,"column":4},"end":{"line":162,"column":5}},"57":{"start":{"line":157,"column":6},"end":{"line":161,"column":9}},"58":{"start":{"line":164,"column":26},"end":{"line":164,"column":73}},"59":{"start":{"line":165,"column":17},"end":{"line":169,"column":13}},"60":{"start":{"line":171,"column":21},"end":{"line":171,"column":23}},"61":{"start":{"line":172,"column":4},"end":{"line":178,"column":7}},"62":{"start":{"line":173,"column":18},"end":{"line":173,"column":54}},"63":{"start":{"line":174,"column":6},"end":{"line":174,"column":23}},"64":{"start":{"line":174,"column":16},"end":{"line":174,"column":23}},"65":{"start":{"line":175,"column":6},"end":{"line":175,"column":72}},"66":{"start":{"line":175,"column":26},"end":{"line":175,"column":72}},"67":{"start":{"line":176,"column":6},"end":{"line":176,"column":47}},"68":{"start":{"line":177,"column":6},"end":{"line":177,"column":69}},"69":{"start":{"line":180,"column":19},"end":{"line":212,"column":6}},"70":{"start":{"line":181,"column":20},"end":{"line":181,"column":50}},"71":{"start":{"line":182,"column":27},"end":{"line":182,"column":49}},"72":{"start":{"line":183,"column":27},"end":{"line":183,"column":49}},"73":{"start":{"line":184,"column":19},"end":{"line":184,"column":34}},"74":{"start":{"line":185,"column":28},"end":{"line":185,"column":73}},"75":{"start":{"line":187,"column":8},"end":{"line":187,"column":75}},"76":{"start":{"line":189,"column":18},"end":{"line":189,"column":22}},"77":{"start":{"line":189,"column":34},"end":{"line":189,"column":36}},"78":{"start":{"line":189,"column":46},"end":{"line":189,"column":49}},"79":{"start":{"line":190,"column":6},"end":{"line":205,"column":7}},"80":{"start":{"line":191,"column":8},"end":{"line":191,"column":27}},"81":{"start":{"line":191,"column":28},"end":{"line":191,"column":41}},"82":{"start":{"line":191,"column":42},"end":{"line":191,"column":89}},"83":{"start":{"line":192,"column":13},"end":{"line":205,"column":7}},"84":{"start":{"line":193,"column":8},"end":{"line":193,"column":27}},"85":{"start":{"line":193,"column":28},"end":{"line":193,"column":41}},"86":{"start":{"line":193,"column":42},"end":{"line":193,"column":111}},"87":{"start":{"line":194,"column":13},"end":{"line":205,"column":7}},"88":{"start":{"line":195,"column":8},"end":{"line":195,"column":27}},"89":{"start":{"line":195,"column":28},"end":{"line":195,"column":41}},"90":{"start":{"line":195,"column":42},"end":{"line":195,"column":152}},"91":{"start":{"line":196,"column":13},"end":{"line":205,"column":7}},"92":{"start":{"line":197,"column":8},"end":{"line":197,"column":26}},"93":{"start":{"line":197,"column":27},"end":{"line":197,"column":40}},"94":{"start":{"line":197,"column":41},"end":{"line":197,"column":118}},"95":{"start":{"line":198,"column":13},"end":{"line":205,"column":7}},"96":{"start":{"line":199,"column":8},"end":{"line":199,"column":23}},"97":{"start":{"line":199,"column":24},"end":{"line":199,"column":37}},"98":{"start":{"line":199,"column":38},"end":{"line":199,"column":99}},"99":{"start":{"line":201,"column":8},"end":{"line":201,"column":21}},"100":{"start":{"line":201,"column":22},"end":{"line":201,"column":34}},"101":{"start":{"line":202,"column":8},"end":{"line":204,"column":46}},"102":{"start":{"line":207,"column":6},"end":{"line":211,"column":8}},"103":{"start":{"line":214,"column":22},"end":{"line":214,"column":65}},"104":{"start":{"line":215,"column":4},"end":{"line":215,"column":67}},"105":{"start":{"line":215,"column":26},"end":{"line":215,"column":65}},"106":{"start":{"line":217,"column":19},"end":{"line":222,"column":5}},"107":{"start":{"line":218,"column":37},"end":{"line":218,"column":59}},"108":{"start":{"line":219,"column":37},"end":{"line":219,"column":58}},"109":{"start":{"line":220,"column":37},"end":{"line":220,"column":55}},"110":{"start":{"line":221,"column":37},"end":{"line":221,"column":53}},"111":{"start":{"line":224,"column":4},"end":{"line":224,"column":33}},"112":{"start":{"line":226,"column":4},"end":{"line":226,"column":50}},"113":{"start":{"line":227,"column":4},"end":{"line":227,"column":75}},"114":{"start":{"line":234,"column":0},"end":{"line":344,"column":3}},"115":{"start":{"line":235,"column":2},"end":{"line":343,"column":3}},"116":{"start":{"line":236,"column":25},"end":{"line":238,"column":10}},"117":{"start":{"line":240,"column":22},"end":{"line":240,"column":36}},"118":{"start":{"line":241,"column":22},"end":{"line":241,"column":36}},"119":{"start":{"line":242,"column":22},"end":{"line":242,"column":36}},"120":{"start":{"line":245,"column":6},"end":{"line":249,"column":8}},"121":{"start":{"line":251,"column":25},"end":{"line":251,"column":89}},"122":{"start":{"line":251,"column":59},"end":{"line":251,"column":85}},"123":{"start":{"line":252,"column":25},"end":{"line":252,"column":47}},"124":{"start":{"line":253,"column":25},"end":{"line":253,"column":47}},"125":{"start":{"line":254,"column":25},"end":{"line":256,"column":12}},"126":{"start":{"line":258,"column":22},"end":{"line":258,"column":24}},"127":{"start":{"line":259,"column":4},"end":{"line":264,"column":7}},"128":{"start":{"line":260,"column":6},"end":{"line":263,"column":9}},"129":{"start":{"line":261,"column":21},"end":{"line":261,"column":43}},"130":{"start":{"line":262,"column":8},"end":{"line":262,"column":72}},"131":{"start":{"line":265,"column":21},"end":{"line":267,"column":44}},"132":{"start":{"line":266,"column":30},"end":{"line":266,"column":35}},"133":{"start":{"line":267,"column":29},"end":{"line":267,"column":42}},"134":{"start":{"line":269,"column":22},"end":{"line":269,"column":24}},"135":{"start":{"line":270,"column":4},"end":{"line":273,"column":7}},"136":{"start":{"line":271,"column":19},"end":{"line":271,"column":55}},"137":{"start":{"line":272,"column":6},"end":{"line":272,"column":51}},"138":{"start":{"line":274,"column":22},"end":{"line":274,"column":80}},"139":{"start":{"line":274,"column":71},"end":{"line":274,"column":76}},"140":{"start":{"line":275,"column":22},"end":{"line":277,"column":13}},"141":{"start":{"line":279,"column":29},"end":{"line":279,"column":31}},"142":{"start":{"line":280,"column":4},"end":{"line":283,"column":7}},"143":{"start":{"line":281,"column":21},"end":{"line":281,"column":52}},"144":{"start":{"line":282,"column":6},"end":{"line":282,"column":69}},"145":{"start":{"line":285,"column":21},"end":{"line":285,"column":84}},"146":{"start":{"line":285,"column":51},"end":{"line":285,"column":76}},"147":{"start":{"line":286,"column":21},"end":{"line":286,"column":85}},"148":{"start":{"line":286,"column":51},"end":{"line":286,"column":77}},"149":{"start":{"line":288,"column":27},"end":{"line":288,"column":68}},"150":{"start":{"line":289,"column":27},"end":{"line":291,"column":31}},"151":{"start":{"line":290,"column":24},"end":{"line":290,"column":76}},"152":{"start":{"line":291,"column":21},"end":{"line":291,"column":30}},"153":{"start":{"line":293,"column":24},"end":{"line":306,"column":5}},"154":{"start":{"line":309,"column":4},"end":{"line":337,"column":5}},"155":{"start":{"line":310,"column":6},"end":{"line":334,"column":7}},"156":{"start":{"line":311,"column":23},"end":{"line":328,"column":9}},"157":{"start":{"line":330,"column":8},"end":{"line":330,"column":47}},"158":{"start":{"line":332,"column":8},"end":{"line":332,"column":72}},"159":{"start":{"line":333,"column":8},"end":{"line":333,"column":57}},"160":{"start":{"line":336,"column":6},"end":{"line":336,"column":55}},"161":{"start":{"line":339,"column":4},"end":{"line":339,"column":47}},"162":{"start":{"line":341,"column":4},"end":{"line":341,"column":47}},"163":{"start":{"line":342,"column":4},"end":{"line":342,"column":72}},"164":{"start":{"line":348,"column":4},"end":{"line":349,"column":71}},"165":{"start":{"line":350,"column":19},"end":{"line":350,"column":50}},"166":{"start":{"line":351,"column":19},"end":{"line":353,"column":34}},"167":{"start":{"line":354,"column":2},"end":{"line":361,"column":4}},"168":{"start":{"line":364,"column":0},"end":{"line":364,"column":24}}},"fnMap":{"0":{"name":"utcMidnight","decl":{"start":{"line":13,"column":9},"end":{"line":13,"column":20}},"loc":{"start":{"line":13,"column":37},"end":{"line":18,"column":1}},"line":13},"1":{"name":"callGemini","decl":{"start":{"line":32,"column":15},"end":{"line":32,"column":25}},"loc":{"start":{"line":32,"column":34},"end":{"line":48,"column":1}},"line":32},"2":{"name":"(anonymous_2)","decl":{"start":{"line":44,"column":24},"end":{"line":44,"column":25}},"loc":{"start":{"line":44,"column":31},"end":{"line":44,"column":50}},"line":44},"3":{"name":"getAiSummary","decl":{"start":{"line":57,"column":15},"end":{"line":57,"column":27}},"loc":{"start":{"line":57,"column":36},"end":{"line":66,"column":1}},"line":57},"4":{"name":"getAiChatReply","decl":{"start":{"line":69,"column":15},"end":{"line":69,"column":29}},"loc":{"start":{"line":69,"column":38},"end":{"line":71,"column":1}},"line":69},"5":{"name":"(anonymous_5)","decl":{"start":{"line":79,"column":21},"end":{"line":79,"column":22}},"loc":{"start":{"line":79,"column":41},"end":{"line":144,"column":1}},"line":79},"6":{"name":"(anonymous_6)","decl":{"start":{"line":149,"column":32},"end":{"line":149,"column":33}},"loc":{"start":{"line":149,"column":52},"end":{"line":229,"column":1}},"line":149},"7":{"name":"(anonymous_7)","decl":{"start":{"line":172,"column":17},"end":{"line":172,"column":18}},"loc":{"start":{"line":172,"column":26},"end":{"line":178,"column":5}},"line":172},"8":{"name":"(anonymous_8)","decl":{"start":{"line":180,"column":29},"end":{"line":180,"column":30}},"loc":{"start":{"line":180,"column":39},"end":{"line":212,"column":5}},"line":180},"9":{"name":"(anonymous_9)","decl":{"start":{"line":215,"column":16},"end":{"line":215,"column":17}},"loc":{"start":{"line":215,"column":26},"end":{"line":215,"column":65}},"line":215},"10":{"name":"(anonymous_10)","decl":{"start":{"line":218,"column":30},"end":{"line":218,"column":31}},"loc":{"start":{"line":218,"column":37},"end":{"line":218,"column":59}},"line":218},"11":{"name":"(anonymous_11)","decl":{"start":{"line":219,"column":30},"end":{"line":219,"column":31}},"loc":{"start":{"line":219,"column":37},"end":{"line":219,"column":58}},"line":219},"12":{"name":"(anonymous_12)","decl":{"start":{"line":220,"column":30},"end":{"line":220,"column":31}},"loc":{"start":{"line":220,"column":37},"end":{"line":220,"column":55}},"line":220},"13":{"name":"(anonymous_13)","decl":{"start":{"line":221,"column":30},"end":{"line":221,"column":31}},"loc":{"start":{"line":221,"column":37},"end":{"line":221,"column":53}},"line":221},"14":{"name":"(anonymous_14)","decl":{"start":{"line":234,"column":29},"end":{"line":234,"column":30}},"loc":{"start":{"line":234,"column":49},"end":{"line":344,"column":1}},"line":234},"15":{"name":"(anonymous_15)","decl":{"start":{"line":251,"column":47},"end":{"line":251,"column":48}},"loc":{"start":{"line":251,"column":59},"end":{"line":251,"column":85}},"line":251},"16":{"name":"(anonymous_16)","decl":{"start":{"line":259,"column":28},"end":{"line":259,"column":29}},"loc":{"start":{"line":259,"column":39},"end":{"line":264,"column":5}},"line":259},"17":{"name":"(anonymous_17)","decl":{"start":{"line":260,"column":27},"end":{"line":260,"column":28}},"loc":{"start":{"line":260,"column":37},"end":{"line":263,"column":7}},"line":260},"18":{"name":"(anonymous_18)","decl":{"start":{"line":266,"column":12},"end":{"line":266,"column":13}},"loc":{"start":{"line":266,"column":30},"end":{"line":266,"column":35}},"line":266},"19":{"name":"(anonymous_19)","decl":{"start":{"line":267,"column":11},"end":{"line":267,"column":12}},"loc":{"start":{"line":267,"column":29},"end":{"line":267,"column":42}},"line":267},"20":{"name":"(anonymous_20)","decl":{"start":{"line":270,"column":28},"end":{"line":270,"column":29}},"loc":{"start":{"line":270,"column":39},"end":{"line":273,"column":5}},"line":270},"21":{"name":"(anonymous_21)","decl":{"start":{"line":274,"column":53},"end":{"line":274,"column":54}},"loc":{"start":{"line":274,"column":71},"end":{"line":274,"column":76}},"line":274},"22":{"name":"(anonymous_22)","decl":{"start":{"line":280,"column":27},"end":{"line":280,"column":28}},"loc":{"start":{"line":280,"column":37},"end":{"line":283,"column":5}},"line":280},"23":{"name":"(anonymous_23)","decl":{"start":{"line":285,"column":44},"end":{"line":285,"column":45}},"loc":{"start":{"line":285,"column":51},"end":{"line":285,"column":76}},"line":285},"24":{"name":"(anonymous_24)","decl":{"start":{"line":286,"column":44},"end":{"line":286,"column":45}},"loc":{"start":{"line":286,"column":51},"end":{"line":286,"column":77}},"line":286},"25":{"name":"(anonymous_25)","decl":{"start":{"line":290,"column":14},"end":{"line":290,"column":15}},"loc":{"start":{"line":290,"column":24},"end":{"line":290,"column":76}},"line":290},"26":{"name":"(anonymous_26)","decl":{"start":{"line":291,"column":11},"end":{"line":291,"column":12}},"loc":{"start":{"line":291,"column":21},"end":{"line":291,"column":30}},"line":291},"27":{"name":"generateFallbackSummary","decl":{"start":{"line":346,"column":9},"end":{"line":346,"column":32}},"loc":{"start":{"line":346,"column":39},"end":{"line":362,"column":1}},"line":346}},"branchMap":{"0":{"loc":{"start":{"line":13,"column":21},"end":{"line":13,"column":35}},"type":"default-arg","locations":[{"start":{"line":13,"column":34},"end":{"line":13,"column":35}}],"line":13},"1":{"loc":{"start":{"line":21,"column":14},"end":{"line":23,"column":8}},"type":"cond-expr","locations":[{"start":{"line":22,"column":4},"end":{"line":22,"column":54}},{"start":{"line":23,"column":4},"end":{"line":23,"column":8}}],"line":21},"2":{"loc":{"start":{"line":43,"column":6},"end":{"line":43,"column":36}},"type":"if","locations":[{"start":{"line":43,"column":6},"end":{"line":43,"column":36}},{"start":{},"end":{}}],"line":43},"3":{"loc":{"start":{"line":58,"column":2},"end":{"line":61,"column":3}},"type":"if","locations":[{"start":{"line":58,"column":2},"end":{"line":61,"column":3}},{"start":{},"end":{}}],"line":58},"4":{"loc":{"start":{"line":58,"column":6},"end":{"line":58,"column":59}},"type":"binary-expr","locations":[{"start":{"line":58,"column":6},"end":{"line":58,"column":23}},{"start":{"line":58,"column":27},"end":{"line":58,"column":59}}],"line":58},"5":{"loc":{"start":{"line":81,"column":4},"end":{"line":85,"column":5}},"type":"if","locations":[{"start":{"line":81,"column":4},"end":{"line":85,"column":5}},{"start":{},"end":{}}],"line":81},"6":{"loc":{"start":{"line":88,"column":4},"end":{"line":90,"column":5}},"type":"if","locations":[{"start":{"line":88,"column":4},"end":{"line":90,"column":5}},{"start":{},"end":{}}],"line":88},"7":{"loc":{"start":{"line":92,"column":24},"end":{"line":109,"column":10}},"type":"cond-expr","locations":[{"start":{"line":93,"column":8},"end":{"line":108,"column":9}},{"start":{"line":109,"column":8},"end":{"line":109,"column":10}}],"line":92},"8":{"loc":{"start":{"line":100,"column":20},"end":{"line":102,"column":16}},"type":"cond-expr","locations":[{"start":{"line":101,"column":14},"end":{"line":101,"column":42}},{"start":{"line":102,"column":14},"end":{"line":102,"column":16}}],"line":100},"9":{"loc":{"start":{"line":135,"column":4},"end":{"line":139,"column":5}},"type":"if","locations":[{"start":{"line":135,"column":4},"end":{"line":139,"column":5}},{"start":{},"end":{}}],"line":135},"10":{"loc":{"start":{"line":151,"column":25},"end":{"line":153,"column":10}},"type":"cond-expr","locations":[{"start":{"line":152,"column":8},"end":{"line":152,"column":39}},{"start":{"line":153,"column":8},"end":{"line":153,"column":10}}],"line":151},"11":{"loc":{"start":{"line":156,"column":4},"end":{"line":162,"column":5}},"type":"if","locations":[{"start":{"line":156,"column":4},"end":{"line":162,"column":5}},{"start":{},"end":{}}],"line":156},"12":{"loc":{"start":{"line":173,"column":19},"end":{"line":173,"column":41}},"type":"binary-expr","locations":[{"start":{"line":173,"column":19},"end":{"line":173,"column":27}},{"start":{"line":173,"column":31},"end":{"line":173,"column":41}}],"line":173},"13":{"loc":{"start":{"line":174,"column":6},"end":{"line":174,"column":23}},"type":"if","locations":[{"start":{"line":174,"column":6},"end":{"line":174,"column":23}},{"start":{},"end":{}}],"line":174},"14":{"loc":{"start":{"line":175,"column":6},"end":{"line":175,"column":72}},"type":"if","locations":[{"start":{"line":175,"column":6},"end":{"line":175,"column":72}},{"start":{},"end":{}}],"line":175},"15":{"loc":{"start":{"line":176,"column":29},"end":{"line":176,"column":46}},"type":"binary-expr","locations":[{"start":{"line":176,"column":29},"end":{"line":176,"column":41}},{"start":{"line":176,"column":45},"end":{"line":176,"column":46}}],"line":176},"16":{"loc":{"start":{"line":182,"column":27},"end":{"line":182,"column":49}},"type":"binary-expr","locations":[{"start":{"line":182,"column":27},"end":{"line":182,"column":44}},{"start":{"line":182,"column":48},"end":{"line":182,"column":49}}],"line":182},"17":{"loc":{"start":{"line":183,"column":27},"end":{"line":183,"column":49}},"type":"binary-expr","locations":[{"start":{"line":183,"column":27},"end":{"line":183,"column":44}},{"start":{"line":183,"column":48},"end":{"line":183,"column":49}}],"line":183},"18":{"loc":{"start":{"line":184,"column":19},"end":{"line":184,"column":34}},"type":"binary-expr","locations":[{"start":{"line":184,"column":19},"end":{"line":184,"column":28}},{"start":{"line":184,"column":32},"end":{"line":184,"column":34}}],"line":184},"19":{"loc":{"start":{"line":185,"column":29},"end":{"line":185,"column":46}},"type":"binary-expr","locations":[{"start":{"line":185,"column":29},"end":{"line":185,"column":41}},{"start":{"line":185,"column":45},"end":{"line":185,"column":46}}],"line":185},"20":{"loc":{"start":{"line":185,"column":51},"end":{"line":185,"column":72}},"type":"binary-expr","locations":[{"start":{"line":185,"column":51},"end":{"line":185,"column":67}},{"start":{"line":185,"column":71},"end":{"line":185,"column":72}}],"line":185},"21":{"loc":{"start":{"line":187,"column":8},"end":{"line":187,"column":75}},"type":"cond-expr","locations":[{"start":{"line":187,"column":28},"end":{"line":187,"column":68}},{"start":{"line":187,"column":71},"end":{"line":187,"column":75}}],"line":187},"22":{"loc":{"start":{"line":190,"column":6},"end":{"line":205,"column":7}},"type":"if","locations":[{"start":{"line":190,"column":6},"end":{"line":205,"column":7}},{"start":{"line":192,"column":13},"end":{"line":205,"column":7}}],"line":190},"23":{"loc":{"start":{"line":192,"column":13},"end":{"line":205,"column":7}},"type":"if","locations":[{"start":{"line":192,"column":13},"end":{"line":205,"column":7}},{"start":{"line":194,"column":13},"end":{"line":205,"column":7}}],"line":192},"24":{"loc":{"start":{"line":194,"column":13},"end":{"line":205,"column":7}},"type":"if","locations":[{"start":{"line":194,"column":13},"end":{"line":205,"column":7}},{"start":{"line":196,"column":13},"end":{"line":205,"column":7}}],"line":194},"25":{"loc":{"start":{"line":194,"column":17},"end":{"line":194,"column":69}},"type":"binary-expr","locations":[{"start":{"line":194,"column":17},"end":{"line":194,"column":43}},{"start":{"line":194,"column":47},"end":{"line":194,"column":69}}],"line":194},"26":{"loc":{"start":{"line":195,"column":96},"end":{"line":195,"column":130}},"type":"cond-expr","locations":[{"start":{"line":195,"column":122},"end":{"line":195,"column":124}},{"start":{"line":195,"column":127},"end":{"line":195,"column":130}}],"line":195},"27":{"loc":{"start":{"line":196,"column":13},"end":{"line":205,"column":7}},"type":"if","locations":[{"start":{"line":196,"column":13},"end":{"line":205,"column":7}},{"start":{"line":198,"column":13},"end":{"line":205,"column":7}}],"line":196},"28":{"loc":{"start":{"line":196,"column":17},"end":{"line":196,"column":69}},"type":"binary-expr","locations":[{"start":{"line":196,"column":17},"end":{"line":196,"column":43}},{"start":{"line":196,"column":47},"end":{"line":196,"column":69}}],"line":196},"29":{"loc":{"start":{"line":198,"column":13},"end":{"line":205,"column":7}},"type":"if","locations":[{"start":{"line":198,"column":13},"end":{"line":205,"column":7}},{"start":{"line":200,"column":13},"end":{"line":205,"column":7}}],"line":198},"30":{"loc":{"start":{"line":198,"column":17},"end":{"line":198,"column":70}},"type":"binary-expr","locations":[{"start":{"line":198,"column":17},"end":{"line":198,"column":43}},{"start":{"line":198,"column":47},"end":{"line":198,"column":70}}],"line":198},"31":{"loc":{"start":{"line":202,"column":18},"end":{"line":204,"column":45}},"type":"cond-expr","locations":[{"start":{"line":203,"column":12},"end":{"line":203,"column":62}},{"start":{"line":204,"column":12},"end":{"line":204,"column":45}}],"line":202},"32":{"loc":{"start":{"line":236,"column":25},"end":{"line":238,"column":10}},"type":"cond-expr","locations":[{"start":{"line":237,"column":8},"end":{"line":237,"column":39}},{"start":{"line":238,"column":8},"end":{"line":238,"column":10}}],"line":236},"33":{"loc":{"start":{"line":251,"column":66},"end":{"line":251,"column":84}},"type":"binary-expr","locations":[{"start":{"line":251,"column":66},"end":{"line":251,"column":79}},{"start":{"line":251,"column":83},"end":{"line":251,"column":84}}],"line":251},"34":{"loc":{"start":{"line":254,"column":25},"end":{"line":256,"column":12}},"type":"cond-expr","locations":[{"start":{"line":255,"column":8},"end":{"line":255,"column":68}},{"start":{"line":256,"column":8},"end":{"line":256,"column":12}}],"line":254},"35":{"loc":{"start":{"line":261,"column":21},"end":{"line":261,"column":43}},"type":"binary-expr","locations":[{"start":{"line":261,"column":21},"end":{"line":261,"column":30}},{"start":{"line":261,"column":34},"end":{"line":261,"column":43}}],"line":261},"36":{"loc":{"start":{"line":262,"column":27},"end":{"line":262,"column":47}},"type":"binary-expr","locations":[{"start":{"line":262,"column":27},"end":{"line":262,"column":42}},{"start":{"line":262,"column":46},"end":{"line":262,"column":47}}],"line":262},"37":{"loc":{"start":{"line":262,"column":52},"end":{"line":262,"column":70}},"type":"binary-expr","locations":[{"start":{"line":262,"column":52},"end":{"line":262,"column":65}},{"start":{"line":262,"column":69},"end":{"line":262,"column":70}}],"line":262},"38":{"loc":{"start":{"line":272,"column":25},"end":{"line":272,"column":45}},"type":"binary-expr","locations":[{"start":{"line":272,"column":25},"end":{"line":272,"column":40}},{"start":{"line":272,"column":44},"end":{"line":272,"column":45}}],"line":272},"39":{"loc":{"start":{"line":275,"column":22},"end":{"line":277,"column":13}},"type":"cond-expr","locations":[{"start":{"line":276,"column":8},"end":{"line":276,"column":63}},{"start":{"line":277,"column":8},"end":{"line":277,"column":13}}],"line":275},"40":{"loc":{"start":{"line":281,"column":21},"end":{"line":281,"column":52}},"type":"binary-expr","locations":[{"start":{"line":281,"column":21},"end":{"line":281,"column":39}},{"start":{"line":281,"column":43},"end":{"line":281,"column":52}}],"line":281},"41":{"loc":{"start":{"line":282,"column":34},"end":{"line":282,"column":63}},"type":"binary-expr","locations":[{"start":{"line":282,"column":34},"end":{"line":282,"column":58}},{"start":{"line":282,"column":62},"end":{"line":282,"column":63}}],"line":282},"42":{"loc":{"start":{"line":290,"column":25},"end":{"line":290,"column":47}},"type":"binary-expr","locations":[{"start":{"line":290,"column":25},"end":{"line":290,"column":42}},{"start":{"line":290,"column":46},"end":{"line":290,"column":47}}],"line":290},"43":{"loc":{"start":{"line":290,"column":53},"end":{"line":290,"column":75}},"type":"binary-expr","locations":[{"start":{"line":290,"column":53},"end":{"line":290,"column":70}},{"start":{"line":290,"column":74},"end":{"line":290,"column":75}}],"line":290},"44":{"loc":{"start":{"line":297,"column":19},"end":{"line":297,"column":71}},"type":"cond-expr","locations":[{"start":{"line":297,"column":33},"end":{"line":297,"column":50}},{"start":{"line":297,"column":53},"end":{"line":297,"column":71}}],"line":297},"45":{"loc":{"start":{"line":298,"column":18},"end":{"line":300,"column":19}},"type":"cond-expr","locations":[{"start":{"line":299,"column":10},"end":{"line":299,"column":54}},{"start":{"line":300,"column":10},"end":{"line":300,"column":19}}],"line":298},"46":{"loc":{"start":{"line":299,"column":10},"end":{"line":299,"column":54}},"type":"cond-expr","locations":[{"start":{"line":299,"column":41},"end":{"line":299,"column":45}},{"start":{"line":299,"column":48},"end":{"line":299,"column":54}}],"line":299},"47":{"loc":{"start":{"line":302,"column":21},"end":{"line":304,"column":14}},"type":"cond-expr","locations":[{"start":{"line":303,"column":10},"end":{"line":303,"column":55}},{"start":{"line":304,"column":10},"end":{"line":304,"column":14}}],"line":302},"48":{"loc":{"start":{"line":309,"column":4},"end":{"line":337,"column":5}},"type":"if","locations":[{"start":{"line":309,"column":4},"end":{"line":337,"column":5}},{"start":{"line":335,"column":11},"end":{"line":337,"column":5}}],"line":309},"49":{"loc":{"start":{"line":348,"column":4},"end":{"line":349,"column":71}},"type":"cond-expr","locations":[{"start":{"line":348,"column":33},"end":{"line":348,"column":58}},{"start":{"line":349,"column":4},"end":{"line":349,"column":71}}],"line":348},"50":{"loc":{"start":{"line":349,"column":4},"end":{"line":349,"column":71}},"type":"cond-expr","locations":[{"start":{"line":349,"column":33},"end":{"line":349,"column":60}},{"start":{"line":349,"column":63},"end":{"line":349,"column":71}}],"line":349},"51":{"loc":{"start":{"line":350,"column":19},"end":{"line":350,"column":50}},"type":"binary-expr","locations":[{"start":{"line":350,"column":19},"end":{"line":350,"column":41}},{"start":{"line":350,"column":45},"end":{"line":350,"column":50}}],"line":350},"52":{"loc":{"start":{"line":351,"column":19},"end":{"line":353,"column":34}},"type":"cond-expr","locations":[{"start":{"line":352,"column":6},"end":{"line":352,"column":70}},{"start":{"line":353,"column":6},"end":{"line":353,"column":34}}],"line":351}},"s":{"0":0,"1":0,"2":0,"3":0,"4":0,"5":0,"6":0,"7":0,"8":0,"9":0,"10":0,"11":0,"12":0,"13":0,"14":0,"15":0,"16":0,"17":0,"18":0,"19":0,"20":0,"21":0,"22":0,"23":0,"24":0,"25":0,"26":0,"27":0,"28":0,"29":0,"30":0,"31":0,"32":0,"33":0,"34":0,"35":0,"36":0,"37":0,"38":0,"39":0,"40":0,"41":0,"42":0,"43":0,"44":0,"45":0,"46":0,"47":0,"48":0,"49":0,"50":0,"51":0,"52":0,"53":0,"54":0,"55":0,"56":0,"57":0,"58":0,"59":0,"60":0,"61":0,"62":0,"63":0,"64":0,"65":0,"66":0,"67":0,"68":0,"69":0,"70":0,"71":0,"72":0,"73":0,"74":0,"75":0,"76":0,"77":0,"78":0,"79":0,"80":0,"81":0,"82":0,"83":0,"84":0,"85":0,"86":0,"87":0,"88":0,"89":0,"90":0,"91":0,"92":0,"93":0,"94":0,"95":0,"96":0,"97":0,"98":0,"99":0,"100":0,"101":0,"102":0,"103":0,"104":0,"105":0,"106":0,"107":0,"108":0,"109":0,"110":0,"111":0,"112":0,"113":0,"114":0,"115":0,"116":0,"117":0,"118":0,"119":0,"120":0,"121":0,"122":0,"123":0,"124":0,"125":0,"126":0,"127":0,"128":0,"129":0,"130":0,"131":0,"132":0,"133":0,"134":0,"135":0,"136":0,"137":0,"138":0,"139":0,"140":0,"141":0,"142":0,"143":0,"144":0,"145":0,"146":0,"147":0,"148":0,"149":0,"150":0,"151":0,"152":0,"153":0,"154":0,"155":0,"156":0,"157":0,"158":0,"159":0,"160":0,"161":0,"162":0,"163":0,"164":0,"165":0,"166":0,"167":0,"168":0},"f":{"0":0,"1":0,"2":0,"3":0,"4":0,"5":0,"6":0,"7":0,"8":0,"9":0,"10":0,"11":0,"12":0,"13":0,"14":0,"15":0,"16":0,"17":0,"18":0,"19":0,"20":0,"21":0,"22":0,"23":0,"24":0,"25":0,"26":0,"27":0},"b":{"0":[0],"1":[0,0],"2":[0,0],"3":[0,0],"4":[0,0],"5":[0,0],"6":[0,0],"7":[0,0],"8":[0,0],"9":[0,0],"10":[0,0],"11":[0,0],"12":[0,0],"13":[0,0],"14":[0,0],"15":[0,0],"16":[0,0],"17":[0,0],"18":[0,0],"19":[0,0],"20":[0,0],"21":[0,0],"22":[0,0],"23":[0,0],"24":[0,0],"25":[0,0],"26":[0,0],"27":[0,0],"28":[0,0],"29":[0,0],"30":[0,0],"31":[0,0],"32":[0,0],"33":[0,0],"34":[0,0],"35":[0,0],"36":[0,0],"37":[0,0],"38":[0,0],"39":[0,0],"40":[0,0],"41":[0,0],"42":[0,0],"43":[0,0],"44":[0,0],"45":[0,0],"46":[0,0],"47":[0,0],"48":[0,0],"49":[0,0],"50":[0,0],"51":[0,0],"52":[0,0]}}
,"C:\\Users\\Pandikumar\\Desktop\\Kot-Pos\\kot-pos-backend\\src\\routes\\auth.js": {"path":"C:\\Users\\Pandikumar\\Desktop\\Kot-Pos\\kot-pos-backend\\src\\routes\\auth.js","statementMap":{"0":{"start":{"line":1,"column":16},"end":{"line":1,"column":34}},"1":{"start":{"line":2,"column":12},"end":{"line":2,"column":35}},"2":{"start":{"line":3,"column":18},"end":{"line":3,"column":47}},"3":{"start":{"line":4,"column":19},"end":{"line":4,"column":35}},"4":{"start":{"line":5,"column":13},"end":{"line":5,"column":39}},"5":{"start":{"line":6,"column":15},"end":{"line":6,"column":42}},"6":{"start":{"line":11,"column":4},"end":{"line":11,"column":37}},"7":{"start":{"line":17,"column":4},"end":{"line":17,"column":34}},"8":{"start":{"line":20,"column":21},"end":{"line":26,"column":2}},"9":{"start":{"line":28,"column":22},"end":{"line":34,"column":2}},"10":{"start":{"line":37,"column":23},"end":{"line":51,"column":1}},"11":{"start":{"line":39,"column":4},"end":{"line":39,"column":74}},"12":{"start":{"line":41,"column":2},"end":{"line":43,"column":3}},"13":{"start":{"line":42,"column":4},"end":{"line":42,"column":64}},"14":{"start":{"line":45,"column":2},"end":{"line":50,"column":3}},"15":{"start":{"line":46,"column":4},"end":{"line":46,"column":57}},"16":{"start":{"line":47,"column":4},"end":{"line":47,"column":11}},"17":{"start":{"line":49,"column":4},"end":{"line":49,"column":71}},"18":{"start":{"line":67,"column":0},"end":{"line":98,"column":3}},"19":{"start":{"line":68,"column":2},"end":{"line":97,"column":3}},"20":{"start":{"line":69,"column":4},"end":{"line":69,"column":33}},"21":{"start":{"line":70,"column":49},"end":{"line":70,"column":57}},"22":{"start":{"line":71,"column":25},"end":{"line":71,"column":57}},"23":{"start":{"line":72,"column":4},"end":{"line":74,"column":5}},"24":{"start":{"line":73,"column":6},"end":{"line":73,"column":72}},"25":{"start":{"line":75,"column":21},"end":{"line":75,"column":43}},"26":{"start":{"line":76,"column":23},"end":{"line":76,"column":49}},"27":{"start":{"line":77,"column":20},"end":{"line":82,"column":6}},"28":{"start":{"line":83,"column":4},"end":{"line":83,"column":25}},"29":{"start":{"line":85,"column":4},"end":{"line":93,"column":7}},"30":{"start":{"line":95,"column":4},"end":{"line":95,"column":60}},"31":{"start":{"line":96,"column":4},"end":{"line":96,"column":49}},"32":{"start":{"line":105,"column":0},"end":{"line":152,"column":3}},"33":{"start":{"line":106,"column":2},"end":{"line":151,"column":3}},"34":{"start":{"line":107,"column":35},"end":{"line":107,"column":43}},"35":{"start":{"line":109,"column":17},"end":{"line":109,"column":49}},"36":{"start":{"line":113,"column":28},"end":{"line":115,"column":13}},"37":{"start":{"line":117,"column":4},"end":{"line":119,"column":5}},"38":{"start":{"line":118,"column":6},"end":{"line":118,"column":68}},"39":{"start":{"line":121,"column":4},"end":{"line":123,"column":5}},"40":{"start":{"line":122,"column":6},"end":{"line":122,"column":63}},"41":{"start":{"line":125,"column":4},"end":{"line":129,"column":5}},"42":{"start":{"line":126,"column":6},"end":{"line":128,"column":9}},"43":{"start":{"line":131,"column":24},"end":{"line":131,"column":43}},"44":{"start":{"line":132,"column":25},"end":{"line":132,"column":47}},"45":{"start":{"line":134,"column":4},"end":{"line":134,"column":58}},"46":{"start":{"line":135,"column":4},"end":{"line":135,"column":67}},"47":{"start":{"line":138,"column":4},"end":{"line":147,"column":7}},"48":{"start":{"line":149,"column":4},"end":{"line":149,"column":59}},"49":{"start":{"line":150,"column":4},"end":{"line":150,"column":52}},"50":{"start":{"line":158,"column":0},"end":{"line":178,"column":3}},"51":{"start":{"line":159,"column":2},"end":{"line":177,"column":3}},"52":{"start":{"line":160,"column":17},"end":{"line":160,"column":50}},"53":{"start":{"line":161,"column":4},"end":{"line":163,"column":5}},"54":{"start":{"line":162,"column":6},"end":{"line":162,"column":63}},"55":{"start":{"line":165,"column":4},"end":{"line":173,"column":7}},"56":{"start":{"line":175,"column":4},"end":{"line":175,"column":56}},"57":{"start":{"line":176,"column":4},"end":{"line":176,"column":52}},"58":{"start":{"line":184,"column":0},"end":{"line":210,"column":3}},"59":{"start":{"line":185,"column":2},"end":{"line":209,"column":3}},"60":{"start":{"line":186,"column":25},"end":{"line":186,"column":49}},"61":{"start":{"line":188,"column":4},"end":{"line":190,"column":5}},"62":{"start":{"line":189,"column":6},"end":{"line":189,"column":65}},"63":{"start":{"line":192,"column":20},"end":{"line":192,"column":78}},"64":{"start":{"line":194,"column":17},"end":{"line":194,"column":49}},"65":{"start":{"line":195,"column":4},"end":{"line":197,"column":5}},"66":{"start":{"line":196,"column":6},"end":{"line":196,"column":63}},"67":{"start":{"line":199,"column":27},"end":{"line":199,"column":46}},"68":{"start":{"line":200,"column":28},"end":{"line":200,"column":50}},"69":{"start":{"line":202,"column":4},"end":{"line":202,"column":61}},"70":{"start":{"line":203,"column":4},"end":{"line":203,"column":70}},"71":{"start":{"line":205,"column":4},"end":{"line":205,"column":57}},"72":{"start":{"line":207,"column":4},"end":{"line":207,"column":61}},"73":{"start":{"line":208,"column":4},"end":{"line":208,"column":72}},"74":{"start":{"line":216,"column":0},"end":{"line":220,"column":3}},"75":{"start":{"line":217,"column":2},"end":{"line":217,"column":52}},"76":{"start":{"line":218,"column":2},"end":{"line":218,"column":78}},"77":{"start":{"line":219,"column":2},"end":{"line":219,"column":57}},"78":{"start":{"line":222,"column":0},"end":{"line":222,"column":48}}},"fnMap":{"0":{"name":"(anonymous_0)","decl":{"start":{"line":37,"column":23},"end":{"line":37,"column":24}},"loc":{"start":{"line":37,"column":43},"end":{"line":51,"column":1}},"line":37},"1":{"name":"(anonymous_1)","decl":{"start":{"line":67,"column":42},"end":{"line":67,"column":43}},"loc":{"start":{"line":67,"column":62},"end":{"line":98,"column":1}},"line":67},"2":{"name":"(anonymous_2)","decl":{"start":{"line":105,"column":40},"end":{"line":105,"column":41}},"loc":{"start":{"line":105,"column":60},"end":{"line":152,"column":1}},"line":105},"3":{"name":"(anonymous_3)","decl":{"start":{"line":158,"column":38},"end":{"line":158,"column":39}},"loc":{"start":{"line":158,"column":58},"end":{"line":178,"column":1}},"line":158},"4":{"name":"(anonymous_4)","decl":{"start":{"line":184,"column":28},"end":{"line":184,"column":29}},"loc":{"start":{"line":184,"column":48},"end":{"line":210,"column":1}},"line":184},"5":{"name":"(anonymous_5)","decl":{"start":{"line":216,"column":27},"end":{"line":216,"column":28}},"loc":{"start":{"line":216,"column":41},"end":{"line":220,"column":1}},"line":216}},"branchMap":{"0":{"loc":{"start":{"line":39,"column":4},"end":{"line":39,"column":74}},"type":"binary-expr","locations":[{"start":{"line":39,"column":4},"end":{"line":39,"column":21}},{"start":{"line":39,"column":25},"end":{"line":39,"column":74}}],"line":39},"1":{"loc":{"start":{"line":41,"column":2},"end":{"line":43,"column":3}},"type":"if","locations":[{"start":{"line":41,"column":2},"end":{"line":43,"column":3}},{"start":{},"end":{}}],"line":41},"2":{"loc":{"start":{"line":72,"column":4},"end":{"line":74,"column":5}},"type":"if","locations":[{"start":{"line":72,"column":4},"end":{"line":74,"column":5}},{"start":{},"end":{}}],"line":72},"3":{"loc":{"start":{"line":113,"column":28},"end":{"line":115,"column":13}},"type":"cond-expr","locations":[{"start":{"line":114,"column":8},"end":{"line":114,"column":45}},{"start":{"line":115,"column":8},"end":{"line":115,"column":13}}],"line":113},"4":{"loc":{"start":{"line":117,"column":4},"end":{"line":119,"column":5}},"type":"if","locations":[{"start":{"line":117,"column":4},"end":{"line":119,"column":5}},{"start":{},"end":{}}],"line":117},"5":{"loc":{"start":{"line":117,"column":8},"end":{"line":117,"column":33}},"type":"binary-expr","locations":[{"start":{"line":117,"column":8},"end":{"line":117,"column":13}},{"start":{"line":117,"column":17},"end":{"line":117,"column":33}}],"line":117},"6":{"loc":{"start":{"line":121,"column":4},"end":{"line":123,"column":5}},"type":"if","locations":[{"start":{"line":121,"column":4},"end":{"line":123,"column":5}},{"start":{},"end":{}}],"line":121},"7":{"loc":{"start":{"line":125,"column":4},"end":{"line":129,"column":5}},"type":"if","locations":[{"start":{"line":125,"column":4},"end":{"line":129,"column":5}},{"start":{},"end":{}}],"line":125},"8":{"loc":{"start":{"line":145,"column":18},"end":{"line":145,"column":39}},"type":"binary-expr","locations":[{"start":{"line":145,"column":18},"end":{"line":145,"column":31}},{"start":{"line":145,"column":35},"end":{"line":145,"column":39}}],"line":145},"9":{"loc":{"start":{"line":161,"column":4},"end":{"line":163,"column":5}},"type":"if","locations":[{"start":{"line":161,"column":4},"end":{"line":163,"column":5}},{"start":{},"end":{}}],"line":161},"10":{"loc":{"start":{"line":171,"column":18},"end":{"line":171,"column":39}},"type":"binary-expr","locations":[{"start":{"line":171,"column":18},"end":{"line":171,"column":31}},{"start":{"line":171,"column":35},"end":{"line":171,"column":39}}],"line":171},"11":{"loc":{"start":{"line":188,"column":4},"end":{"line":190,"column":5}},"type":"if","locations":[{"start":{"line":188,"column":4},"end":{"line":190,"column":5}},{"start":{},"end":{}}],"line":188},"12":{"loc":{"start":{"line":195,"column":4},"end":{"line":197,"column":5}},"type":"if","locations":[{"start":{"line":195,"column":4},"end":{"line":197,"column":5}},{"start":{},"end":{}}],"line":195}},"s":{"0":1,"1":1,"2":1,"3":1,"4":1,"5":1,"6":1,"7":1,"8":1,"9":1,"10":1,"11":5,"12":5,"13":1,"14":4,"15":4,"16":3,"17":1,"18":1,"19":3,"20":3,"21":2,"22":2,"23":2,"24":1,"25":1,"26":1,"27":1,"28":1,"29":1,"30":1,"31":1,"32":1,"33":9,"34":9,"35":9,"36":9,"37":9,"38":2,"39":7,"40":1,"41":6,"42":1,"43":5,"44":5,"45":5,"46":5,"47":5,"48":0,"49":0,"50":1,"51":3,"52":3,"53":3,"54":1,"55":2,"56":0,"57":0,"58":1,"59":5,"60":5,"61":5,"62":1,"63":4,"64":3,"65":3,"66":1,"67":2,"68":2,"69":2,"70":2,"71":2,"72":1,"73":1,"74":1,"75":3,"76":3,"77":3,"78":1},"f":{"0":5,"1":3,"2":9,"3":3,"4":5,"5":3},"b":{"0":[5,2],"1":[1,4],"2":[1,1],"3":[8,1],"4":[2,7],"5":[9,8],"6":[1,6],"7":[1,5],"8":[5,4],"9":[1,2],"10":[2,2],"11":[1,4],"12":[1,2]},"_coverageSchema":"1a1c01bbd47fc00a2c39e90264f33305004495a9","hash":"44a198402975df52bb4a7ae55cd3f2bcbd7da392"}
,"C:\\Users\\Pandikumar\\Desktop\\Kot-Pos\\kot-pos-backend\\src\\routes\\testRouter.js": {"path":"C:\\Users\\Pandikumar\\Desktop\\Kot-Pos\\kot-pos-backend\\src\\routes\\testRouter.js","statementMap":{"0":{"start":{"line":1,"column":16},"end":{"line":1,"column":34}},"1":{"start":{"line":2,"column":12},"end":{"line":2,"column":36}},"2":{"start":{"line":3,"column":15},"end":{"line":3,"column":31}},"3":{"start":{"line":5,"column":0},"end":{"line":36,"column":3}},"4":{"start":{"line":6,"column":2},"end":{"line":35,"column":3}},"5":{"start":{"line":7,"column":21},"end":{"line":30,"column":6}},"6":{"start":{"line":32,"column":4},"end":{"line":32,"column":78}},"7":{"start":{"line":34,"column":4},"end":{"line":34,"column":49}},"8":{"start":{"line":38,"column":0},"end":{"line":38,"column":28}}},"fnMap":{"0":{"name":"(anonymous_0)","decl":{"start":{"line":5,"column":34},"end":{"line":5,"column":35}},"loc":{"start":{"line":5,"column":54},"end":{"line":36,"column":1}},"line":5}},"branchMap":{},"s":{"0":0,"1":0,"2":0,"3":0,"4":0,"5":0,"6":0,"7":0,"8":0},"f":{"0":0},"b":{}}
,"C:\\Users\\Pandikumar\\Desktop\\Kot-Pos\\kot-pos-backend\\src\\routes\\admin\\InventoryRouter.js": {"path":"C:\\Users\\Pandikumar\\Desktop\\Kot-Pos\\kot-pos-backend\\src\\routes\\admin\\InventoryRouter.js","statementMap":{"0":{"start":{"line":1,"column":16},"end":{"line":1,"column":34}},"1":{"start":{"line":2,"column":15},"end":{"line":2,"column":31}},"2":{"start":{"line":3,"column":21},"end":{"line":3,"column":54}},"3":{"start":{"line":4,"column":20},"end":{"line":4,"column":60}},"4":{"start":{"line":13,"column":4},"end":{"line":13,"column":52}},"5":{"start":{"line":15,"column":0},"end":{"line":15,"column":34}},"6":{"start":{"line":17,"column":0},"end":{"line":17,"column":30}},"7":{"start":{"line":18,"column":0},"end":{"line":18,"column":34}},"8":{"start":{"line":19,"column":0},"end":{"line":19,"column":36}},"9":{"start":{"line":20,"column":0},"end":{"line":20,"column":41}},"10":{"start":{"line":21,"column":0},"end":{"line":21,"column":40}},"11":{"start":{"line":22,"column":0},"end":{"line":22,"column":38}},"12":{"start":{"line":23,"column":0},"end":{"line":23,"column":39}},"13":{"start":{"line":25,"column":0},"end":{"line":25,"column":24}}},"fnMap":{},"branchMap":{},"s":{"0":1,"1":1,"2":1,"3":1,"4":1,"5":1,"6":1,"7":1,"8":1,"9":1,"10":1,"11":1,"12":1,"13":1},"f":{},"b":{},"_coverageSchema":"1a1c01bbd47fc00a2c39e90264f33305004495a9","hash":"6a924549a8c1132f50f669d2313ff6159a55b439"}
,"C:\\Users\\Pandikumar\\Desktop\\Kot-Pos\\kot-pos-backend\\src\\routes\\admin\\adminBranchRouter.js": {"path":"C:\\Users\\Pandikumar\\Desktop\\Kot-Pos\\kot-pos-backend\\src\\routes\\admin\\adminBranchRouter.js","statementMap":{"0":{"start":{"line":1,"column":16},"end":{"line":1,"column":34}},"1":{"start":{"line":2,"column":15},"end":{"line":2,"column":31}},"2":{"start":{"line":3,"column":21},"end":{"line":3,"column":54}},"3":{"start":{"line":4,"column":15},"end":{"line":4,"column":45}},"4":{"start":{"line":5,"column":13},"end":{"line":5,"column":42}},"5":{"start":{"line":6,"column":17},"end":{"line":6,"column":49}},"6":{"start":{"line":10,"column":15},"end":{"line":10,"column":29}},"7":{"start":{"line":11,"column":19},"end":{"line":11,"column":37}},"8":{"start":{"line":13,"column":2},"end":{"line":15,"column":3}},"9":{"start":{"line":14,"column":4},"end":{"line":14,"column":70}},"10":{"start":{"line":18,"column":4},"end":{"line":21,"column":19}},"11":{"start":{"line":23,"column":2},"end":{"line":25,"column":3}},"12":{"start":{"line":24,"column":4},"end":{"line":24,"column":70}},"13":{"start":{"line":27,"column":2},"end":{"line":27,"column":9}},"14":{"start":{"line":31,"column":0},"end":{"line":40,"column":3}},"15":{"start":{"line":32,"column":2},"end":{"line":39,"column":3}},"16":{"start":{"line":33,"column":21},"end":{"line":35,"column":30}},"17":{"start":{"line":36,"column":4},"end":{"line":36,"column":27}},"18":{"start":{"line":38,"column":4},"end":{"line":38,"column":49}},"19":{"start":{"line":43,"column":0},"end":{"line":64,"column":3}},"20":{"start":{"line":44,"column":2},"end":{"line":63,"column":3}},"21":{"start":{"line":45,"column":51},"end":{"line":45,"column":59}},"22":{"start":{"line":46,"column":4},"end":{"line":47,"column":72}},"23":{"start":{"line":47,"column":6},"end":{"line":47,"column":72}},"24":{"start":{"line":49,"column":19},"end":{"line":49,"column":78}},"25":{"start":{"line":52,"column":4},"end":{"line":58,"column":7}},"26":{"start":{"line":60,"column":4},"end":{"line":60,"column":64}},"27":{"start":{"line":62,"column":4},"end":{"line":62,"column":49}},"28":{"start":{"line":67,"column":0},"end":{"line":80,"column":3}},"29":{"start":{"line":68,"column":2},"end":{"line":79,"column":3}},"30":{"start":{"line":69,"column":61},"end":{"line":69,"column":69}},"31":{"start":{"line":70,"column":19},"end":{"line":74,"column":5}},"32":{"start":{"line":75,"column":4},"end":{"line":75,"column":76}},"33":{"start":{"line":75,"column":17},"end":{"line":75,"column":76}},"34":{"start":{"line":76,"column":4},"end":{"line":76,"column":52}},"35":{"start":{"line":78,"column":4},"end":{"line":78,"column":49}},"36":{"start":{"line":83,"column":0},"end":{"line":95,"column":3}},"37":{"start":{"line":84,"column":2},"end":{"line":94,"column":3}},"38":{"start":{"line":85,"column":19},"end":{"line":89,"column":5}},"39":{"start":{"line":90,"column":4},"end":{"line":90,"column":76}},"40":{"start":{"line":90,"column":17},"end":{"line":90,"column":76}},"41":{"start":{"line":91,"column":4},"end":{"line":91,"column":56}},"42":{"start":{"line":93,"column":4},"end":{"line":93,"column":49}},"43":{"start":{"line":99,"column":0},"end":{"line":133,"column":2}},"44":{"start":{"line":104,"column":4},"end":{"line":131,"column":5}},"45":{"start":{"line":105,"column":25},"end":{"line":105,"column":33}},"46":{"start":{"line":106,"column":6},"end":{"line":106,"column":80}},"47":{"start":{"line":106,"column":19},"end":{"line":106,"column":80}},"48":{"start":{"line":108,"column":29},"end":{"line":111,"column":8}},"49":{"start":{"line":112,"column":6},"end":{"line":112,"column":78}},"50":{"start":{"line":112,"column":19},"end":{"line":112,"column":78}},"51":{"start":{"line":113,"column":6},"end":{"line":113,"column":74}},"52":{"start":{"line":113,"column":17},"end":{"line":113,"column":74}},"53":{"start":{"line":116,"column":6},"end":{"line":120,"column":7}},"54":{"start":{"line":117,"column":8},"end":{"line":119,"column":70}},"55":{"start":{"line":122,"column":6},"end":{"line":122,"column":33}},"56":{"start":{"line":123,"column":6},"end":{"line":123,"column":53}},"57":{"start":{"line":125,"column":6},"end":{"line":128,"column":9}},"58":{"start":{"line":130,"column":6},"end":{"line":130,"column":51}},"59":{"start":{"line":137,"column":0},"end":{"line":159,"column":2}},"60":{"start":{"line":142,"column":4},"end":{"line":157,"column":5}},"61":{"start":{"line":143,"column":25},"end":{"line":143,"column":33}},"62":{"start":{"line":144,"column":6},"end":{"line":144,"column":80}},"63":{"start":{"line":144,"column":19},"end":{"line":144,"column":80}},"64":{"start":{"line":146,"column":19},"end":{"line":146,"column":79}},"65":{"start":{"line":147,"column":6},"end":{"line":149,"column":7}},"66":{"start":{"line":148,"column":8},"end":{"line":148,"column":80}},"67":{"start":{"line":151,"column":6},"end":{"line":151,"column":27}},"68":{"start":{"line":152,"column":6},"end":{"line":152,"column":53}},"69":{"start":{"line":154,"column":6},"end":{"line":154,"column":74}},"70":{"start":{"line":156,"column":6},"end":{"line":156,"column":51}},"71":{"start":{"line":162,"column":0},"end":{"line":176,"column":2}},"72":{"start":{"line":167,"column":4},"end":{"line":174,"column":5}},"73":{"start":{"line":168,"column":20},"end":{"line":170,"column":26}},"74":{"start":{"line":171,"column":6},"end":{"line":171,"column":26}},"75":{"start":{"line":173,"column":6},"end":{"line":173,"column":51}},"76":{"start":{"line":179,"column":0},"end":{"line":196,"column":2}},"77":{"start":{"line":184,"column":4},"end":{"line":194,"column":5}},"78":{"start":{"line":185,"column":20},"end":{"line":190,"column":26}},"79":{"start":{"line":191,"column":6},"end":{"line":191,"column":26}},"80":{"start":{"line":193,"column":6},"end":{"line":193,"column":51}},"81":{"start":{"line":199,"column":0},"end":{"line":225,"column":2}},"82":{"start":{"line":204,"column":4},"end":{"line":223,"column":5}},"83":{"start":{"line":205,"column":18},"end":{"line":205,"column":45}},"84":{"start":{"line":206,"column":23},"end":{"line":206,"column":36}},"85":{"start":{"line":208,"column":20},"end":{"line":208,"column":30}},"86":{"start":{"line":209,"column":6},"end":{"line":209,"column":33}},"87":{"start":{"line":211,"column":54},"end":{"line":218,"column":8}},"88":{"start":{"line":220,"column":6},"end":{"line":220,"column":58}},"89":{"start":{"line":222,"column":6},"end":{"line":222,"column":51}},"90":{"start":{"line":227,"column":0},"end":{"line":227,"column":47}}},"fnMap":{"0":{"name":"superAdminOnly","decl":{"start":{"line":9,"column":9},"end":{"line":9,"column":23}},"loc":{"start":{"line":9,"column":40},"end":{"line":28,"column":1}},"line":9},"1":{"name":"(anonymous_1)","decl":{"start":{"line":31,"column":50},"end":{"line":31,"column":51}},"loc":{"start":{"line":31,"column":70},"end":{"line":40,"column":1}},"line":31},"2":{"name":"(anonymous_2)","decl":{"start":{"line":43,"column":51},"end":{"line":43,"column":52}},"loc":{"start":{"line":43,"column":71},"end":{"line":64,"column":1}},"line":43},"3":{"name":"(anonymous_3)","decl":{"start":{"line":67,"column":54},"end":{"line":67,"column":55}},"loc":{"start":{"line":67,"column":74},"end":{"line":80,"column":1}},"line":67},"4":{"name":"(anonymous_4)","decl":{"start":{"line":83,"column":57},"end":{"line":83,"column":58}},"loc":{"start":{"line":83,"column":77},"end":{"line":95,"column":1}},"line":83},"5":{"name":"(anonymous_5)","decl":{"start":{"line":103,"column":2},"end":{"line":103,"column":3}},"loc":{"start":{"line":103,"column":22},"end":{"line":132,"column":3}},"line":103},"6":{"name":"(anonymous_6)","decl":{"start":{"line":141,"column":2},"end":{"line":141,"column":3}},"loc":{"start":{"line":141,"column":22},"end":{"line":158,"column":3}},"line":141},"7":{"name":"(anonymous_7)","decl":{"start":{"line":166,"column":2},"end":{"line":166,"column":3}},"loc":{"start":{"line":166,"column":22},"end":{"line":175,"column":3}},"line":166},"8":{"name":"(anonymous_8)","decl":{"start":{"line":183,"column":2},"end":{"line":183,"column":3}},"loc":{"start":{"line":183,"column":22},"end":{"line":195,"column":3}},"line":183},"9":{"name":"(anonymous_9)","decl":{"start":{"line":203,"column":2},"end":{"line":203,"column":3}},"loc":{"start":{"line":203,"column":22},"end":{"line":224,"column":3}},"line":203}},"branchMap":{"0":{"loc":{"start":{"line":13,"column":2},"end":{"line":15,"column":3}},"type":"if","locations":[{"start":{"line":13,"column":2},"end":{"line":15,"column":3}},{"start":{},"end":{}}],"line":13},"1":{"loc":{"start":{"line":18,"column":4},"end":{"line":21,"column":19}},"type":"binary-expr","locations":[{"start":{"line":18,"column":4},"end":{"line":18,"column":21}},{"start":{"line":19,"column":4},"end":{"line":19,"column":26}},{"start":{"line":20,"column":4},"end":{"line":20,"column":23}},{"start":{"line":21,"column":4},"end":{"line":21,"column":19}}],"line":18},"2":{"loc":{"start":{"line":23,"column":2},"end":{"line":25,"column":3}},"type":"if","locations":[{"start":{"line":23,"column":2},"end":{"line":25,"column":3}},{"start":{},"end":{}}],"line":23},"3":{"loc":{"start":{"line":46,"column":4},"end":{"line":47,"column":72}},"type":"if","locations":[{"start":{"line":46,"column":4},"end":{"line":47,"column":72}},{"start":{},"end":{}}],"line":46},"4":{"loc":{"start":{"line":75,"column":4},"end":{"line":75,"column":76}},"type":"if","locations":[{"start":{"line":75,"column":4},"end":{"line":75,"column":76}},{"start":{},"end":{}}],"line":75},"5":{"loc":{"start":{"line":90,"column":4},"end":{"line":90,"column":76}},"type":"if","locations":[{"start":{"line":90,"column":4},"end":{"line":90,"column":76}},{"start":{},"end":{}}],"line":90},"6":{"loc":{"start":{"line":106,"column":6},"end":{"line":106,"column":80}},"type":"if","locations":[{"start":{"line":106,"column":6},"end":{"line":106,"column":80}},{"start":{},"end":{}}],"line":106},"7":{"loc":{"start":{"line":112,"column":6},"end":{"line":112,"column":78}},"type":"if","locations":[{"start":{"line":112,"column":6},"end":{"line":112,"column":78}},{"start":{},"end":{}}],"line":112},"8":{"loc":{"start":{"line":113,"column":6},"end":{"line":113,"column":74}},"type":"if","locations":[{"start":{"line":113,"column":6},"end":{"line":113,"column":74}},{"start":{},"end":{}}],"line":113},"9":{"loc":{"start":{"line":116,"column":6},"end":{"line":120,"column":7}},"type":"if","locations":[{"start":{"line":116,"column":6},"end":{"line":120,"column":7}},{"start":{},"end":{}}],"line":116},"10":{"loc":{"start":{"line":116,"column":10},"end":{"line":116,"column":49}},"type":"binary-expr","locations":[{"start":{"line":116,"column":10},"end":{"line":116,"column":31}},{"start":{"line":116,"column":35},"end":{"line":116,"column":49}}],"line":116},"11":{"loc":{"start":{"line":144,"column":6},"end":{"line":144,"column":80}},"type":"if","locations":[{"start":{"line":144,"column":6},"end":{"line":144,"column":80}},{"start":{},"end":{}}],"line":144},"12":{"loc":{"start":{"line":147,"column":6},"end":{"line":149,"column":7}},"type":"if","locations":[{"start":{"line":147,"column":6},"end":{"line":149,"column":7}},{"start":{},"end":{}}],"line":147}},"s":{"0":1,"1":1,"2":1,"3":1,"4":1,"5":1,"6":24,"7":24,"8":24,"9":4,"10":20,"11":20,"12":1,"13":19,"14":1,"15":1,"16":1,"17":1,"18":0,"19":1,"20":2,"21":2,"22":2,"23":1,"24":1,"25":1,"26":1,"27":0,"28":1,"29":2,"30":2,"31":2,"32":2,"33":1,"34":1,"35":0,"36":1,"37":2,"38":2,"39":2,"40":1,"41":1,"42":0,"43":1,"44":5,"45":5,"46":5,"47":1,"48":4,"49":4,"50":1,"51":3,"52":1,"53":2,"54":1,"55":1,"56":1,"57":1,"58":0,"59":1,"60":3,"61":3,"62":3,"63":1,"64":2,"65":2,"66":1,"67":1,"68":1,"69":1,"70":0,"71":1,"72":2,"73":2,"74":2,"75":0,"76":1,"77":1,"78":1,"79":1,"80":0,"81":1,"82":1,"83":1,"84":1,"85":1,"86":1,"87":1,"88":1,"89":0,"90":1},"f":{"0":24,"1":1,"2":2,"3":2,"4":2,"5":5,"6":3,"7":2,"8":1,"9":1},"b":{"0":[4,20],"1":[20,1,1,1],"2":[1,19],"3":[1,1],"4":[1,1],"5":[1,1],"6":[1,4],"7":[1,3],"8":[1,2],"9":[1,1],"10":[2,1],"11":[1,2],"12":[1,1]},"_coverageSchema":"1a1c01bbd47fc00a2c39e90264f33305004495a9","hash":"2b9b49fa8fcec8550ac4a8d7a962ea254e550234"}
,"C:\\Users\\Pandikumar\\Desktop\\Kot-Pos\\kot-pos-backend\\src\\routes\\admin\\adminCustomerRouter.js": {"path":"C:\\Users\\Pandikumar\\Desktop\\Kot-Pos\\kot-pos-backend\\src\\routes\\admin\\adminCustomerRouter.js","statementMap":{"0":{"start":{"line":1,"column":17},"end":{"line":1,"column":36}},"1":{"start":{"line":2,"column":16},"end":{"line":2,"column":34}},"2":{"start":{"line":3,"column":33},"end":{"line":3,"column":66}},"3":{"start":{"line":4,"column":17},"end":{"line":4,"column":49}},"4":{"start":{"line":5,"column":28},"end":{"line":5,"column":44}},"5":{"start":{"line":7,"column":0},"end":{"line":7,"column":68}},"6":{"start":{"line":10,"column":0},"end":{"line":17,"column":3}},"7":{"start":{"line":11,"column":2},"end":{"line":16,"column":3}},"8":{"start":{"line":12,"column":22},"end":{"line":12,"column":67}},"9":{"start":{"line":13,"column":4},"end":{"line":13,"column":57}},"10":{"start":{"line":15,"column":4},"end":{"line":15,"column":49}},"11":{"start":{"line":20,"column":0},"end":{"line":28,"column":3}},"12":{"start":{"line":21,"column":2},"end":{"line":27,"column":3}},"13":{"start":{"line":22,"column":21},"end":{"line":22,"column":67}},"14":{"start":{"line":23,"column":4},"end":{"line":23,"column":80}},"15":{"start":{"line":23,"column":19},"end":{"line":23,"column":80}},"16":{"start":{"line":24,"column":4},"end":{"line":24,"column":39}},"17":{"start":{"line":26,"column":4},"end":{"line":26,"column":49}},"18":{"start":{"line":31,"column":0},"end":{"line":48,"column":3}},"19":{"start":{"line":32,"column":2},"end":{"line":47,"column":3}},"20":{"start":{"line":33,"column":44},"end":{"line":33,"column":52}},"21":{"start":{"line":34,"column":4},"end":{"line":36,"column":5}},"22":{"start":{"line":35,"column":6},"end":{"line":35,"column":76}},"23":{"start":{"line":37,"column":21},"end":{"line":37,"column":54}},"24":{"start":{"line":38,"column":4},"end":{"line":42,"column":5}},"25":{"start":{"line":39,"column":6},"end":{"line":41,"column":68}},"26":{"start":{"line":43,"column":21},"end":{"line":43,"column":75}},"27":{"start":{"line":44,"column":4},"end":{"line":44,"column":68}},"28":{"start":{"line":46,"column":4},"end":{"line":46,"column":49}},"29":{"start":{"line":51,"column":0},"end":{"line":67,"column":3}},"30":{"start":{"line":52,"column":2},"end":{"line":66,"column":3}},"31":{"start":{"line":53,"column":44},"end":{"line":53,"column":52}},"32":{"start":{"line":54,"column":4},"end":{"line":56,"column":5}},"33":{"start":{"line":55,"column":6},"end":{"line":55,"column":68}},"34":{"start":{"line":57,"column":21},"end":{"line":61,"column":5}},"35":{"start":{"line":62,"column":4},"end":{"line":62,"column":80}},"36":{"start":{"line":62,"column":19},"end":{"line":62,"column":80}},"37":{"start":{"line":63,"column":4},"end":{"line":63,"column":68}},"38":{"start":{"line":65,"column":4},"end":{"line":65,"column":49}},"39":{"start":{"line":70,"column":0},"end":{"line":87,"column":2}},"40":{"start":{"line":75,"column":4},"end":{"line":85,"column":5}},"41":{"start":{"line":76,"column":6},"end":{"line":78,"column":7}},"42":{"start":{"line":77,"column":8},"end":{"line":77,"column":70}},"43":{"start":{"line":79,"column":23},"end":{"line":79,"column":78}},"44":{"start":{"line":80,"column":6},"end":{"line":81,"column":69}},"45":{"start":{"line":81,"column":8},"end":{"line":81,"column":69}},"46":{"start":{"line":82,"column":6},"end":{"line":82,"column":70}},"47":{"start":{"line":84,"column":6},"end":{"line":84,"column":51}},"48":{"start":{"line":89,"column":0},"end":{"line":89,"column":41}}},"fnMap":{"0":{"name":"(anonymous_0)","decl":{"start":{"line":10,"column":38},"end":{"line":10,"column":39}},"loc":{"start":{"line":10,"column":58},"end":{"line":17,"column":1}},"line":10},"1":{"name":"(anonymous_1)","decl":{"start":{"line":20,"column":50},"end":{"line":20,"column":51}},"loc":{"start":{"line":20,"column":70},"end":{"line":28,"column":1}},"line":20},"2":{"name":"(anonymous_2)","decl":{"start":{"line":31,"column":39},"end":{"line":31,"column":40}},"loc":{"start":{"line":31,"column":59},"end":{"line":48,"column":1}},"line":31},"3":{"name":"(anonymous_3)","decl":{"start":{"line":51,"column":50},"end":{"line":51,"column":51}},"loc":{"start":{"line":51,"column":70},"end":{"line":67,"column":1}},"line":51},"4":{"name":"(anonymous_4)","decl":{"start":{"line":74,"column":2},"end":{"line":74,"column":3}},"loc":{"start":{"line":74,"column":22},"end":{"line":86,"column":3}},"line":74}},"branchMap":{"0":{"loc":{"start":{"line":13,"column":38},"end":{"line":13,"column":53}},"type":"binary-expr","locations":[{"start":{"line":13,"column":38},"end":{"line":13,"column":47}},{"start":{"line":13,"column":51},"end":{"line":13,"column":53}}],"line":13},"1":{"loc":{"start":{"line":23,"column":4},"end":{"line":23,"column":80}},"type":"if","locations":[{"start":{"line":23,"column":4},"end":{"line":23,"column":80}},{"start":{},"end":{}}],"line":23},"2":{"loc":{"start":{"line":34,"column":4},"end":{"line":36,"column":5}},"type":"if","locations":[{"start":{"line":34,"column":4},"end":{"line":36,"column":5}},{"start":{},"end":{}}],"line":34},"3":{"loc":{"start":{"line":34,"column":8},"end":{"line":34,"column":23}},"type":"binary-expr","locations":[{"start":{"line":34,"column":8},"end":{"line":34,"column":13}},{"start":{"line":34,"column":17},"end":{"line":34,"column":23}}],"line":34},"4":{"loc":{"start":{"line":38,"column":4},"end":{"line":42,"column":5}},"type":"if","locations":[{"start":{"line":38,"column":4},"end":{"line":42,"column":5}},{"start":{},"end":{}}],"line":38},"5":{"loc":{"start":{"line":54,"column":4},"end":{"line":56,"column":5}},"type":"if","locations":[{"start":{"line":54,"column":4},"end":{"line":56,"column":5}},{"start":{},"end":{}}],"line":54},"6":{"loc":{"start":{"line":62,"column":4},"end":{"line":62,"column":80}},"type":"if","locations":[{"start":{"line":62,"column":4},"end":{"line":62,"column":80}},{"start":{},"end":{}}],"line":62},"7":{"loc":{"start":{"line":76,"column":6},"end":{"line":78,"column":7}},"type":"if","locations":[{"start":{"line":76,"column":6},"end":{"line":78,"column":7}},{"start":{},"end":{}}],"line":76},"8":{"loc":{"start":{"line":80,"column":6},"end":{"line":81,"column":69}},"type":"if","locations":[{"start":{"line":80,"column":6},"end":{"line":81,"column":69}},{"start":{},"end":{}}],"line":80}},"s":{"0":1,"1":1,"2":1,"3":1,"4":1,"5":1,"6":1,"7":3,"8":3,"9":3,"10":0,"11":1,"12":2,"13":2,"14":2,"15":1,"16":1,"17":0,"18":1,"19":4,"20":4,"21":4,"22":2,"23":2,"24":2,"25":1,"26":1,"27":1,"28":0,"29":1,"30":3,"31":3,"32":3,"33":1,"34":2,"35":2,"36":1,"37":1,"38":0,"39":1,"40":3,"41":3,"42":1,"43":2,"44":2,"45":1,"46":1,"47":0,"48":1},"f":{"0":3,"1":2,"2":4,"3":3,"4":3},"b":{"0":[3,0],"1":[1,1],"2":[2,2],"3":[4,3],"4":[1,1],"5":[1,2],"6":[1,1],"7":[1,2],"8":[1,1]},"_coverageSchema":"1a1c01bbd47fc00a2c39e90264f33305004495a9","hash":"0b0f588feb786b65c5b2acb51e8d7ea3758d4b2d"}
[...]
"decl":{"start":{"line":249,"column":47},"end":{"line":249,"column":48}},"loc":{"start":{"line":249,"column":67},"end":{"line":288,"column":1}},"line":249},"18":{"name":"(anonymous_18)","decl":{"start":{"line":291,"column":49},"end":{"line":291,"column":50}},"loc":{"start":{"line":291,"column":69},"end":{"line":304,"column":1}},"line":291},"19":{"name":"(anonymous_19)","decl":{"start":{"line":307,"column":49},"end":{"line":307,"column":50}},"loc":{"start":{"line":307,"column":69},"end":{"line":320,"column":1}},"line":307}},"branchMap":{"0":{"loc":{"start":{"line":23,"column":4},"end":{"line":23,"column":65}},"type":"if","locations":[{"start":{"line":23,"column":4},"end":{"line":23,"column":65}},{"start":{},"end":{}}],"line":23},"1":{"loc":{"start":{"line":24,"column":4},"end":{"line":25,"column":68}},"type":"if","locations":[{"start":{"line":24,"column":4},"end":{"line":25,"column":68}},{"start":{},"end":{}}],"line":24},"2":{"loc":{"start":{"line":81,"column":6},"end":{"line":86,"column":7}},"type":"if","locations":[{"start":{"line":81,"column":6},"end":{"line":86,"column":7}},{"start":{},"end":{}}],"line":81},"3":{"loc":{"start":{"line":89,"column":21},"end":{"line":89,"column":40}},"type":"binary-expr","locations":[{"start":{"line":89,"column":21},"end":{"line":89,"column":34}},{"start":{"line":89,"column":38},"end":{"line":89,"column":40}}],"line":89},"4":{"loc":{"start":{"line":90,"column":25},"end":{"line":90,"column":67}},"type":"cond-expr","locations":[{"start":{"line":90,"column":47},"end":{"line":90,"column":52}},{"start":{"line":90,"column":55},"end":{"line":90,"column":67}}],"line":90},"5":{"loc":{"start":{"line":98,"column":6},"end":{"line":102,"column":7}},"type":"if","locations":[{"start":{"line":98,"column":6},"end":{"line":102,"column":7}},{"start":{},"end":{}}],"line":98},"6":{"loc":{"start":{"line":130,"column":22},"end":{"line":130,"column":47}},"type":"binary-expr","locations":[{"start":{"line":130,"column":22},"end":{"line":130,"column":34}},{"start":{"line":130,"column":38},"end":{"line":130,"column":47}}],"line":130},"7":{"loc":{"start":{"line":137,"column":21},"end":{"line":137,"column":40}},"type":"binary-expr","locations":[{"start":{"line":137,"column":21},"end":{"line":137,"column":32}},{"start":{"line":137,"column":36},"end":{"line":137,"column":40}}],"line":137},"8":{"loc":{"start":{"line":166,"column":4},"end":{"line":168,"column":5}},"type":"if","locations":[{"start":{"line":166,"column":4},"end":{"line":168,"column":5}},{"start":{},"end":{}}],"line":166},"9":{"loc":{"start":{"line":166,"column":8},"end":{"line":166,"column":43}},"type":"binary-expr","locations":[{"start":{"line":166,"column":8},"end":{"line":166,"column":16}},{"start":{"line":166,"column":20},"end":{"line":166,"column":26}},{"start":{"line":166,"column":30},"end":{"line":166,"column":43}}],"line":166},"10":{"loc":{"start":{"line":174,"column":4},"end":{"line":176,"column":5}},"type":"if","locations":[{"start":{"line":174,"column":4},"end":{"line":176,"column":5}},{"start":{},"end":{}}],"line":174},"11":{"loc":{"start":{"line":195,"column":20},"end":{"line":195,"column":45}},"type":"binary-expr","locations":[{"start":{"line":195,"column":20},"end":{"line":195,"column":32}},{"start":{"line":195,"column":36},"end":{"line":195,"column":45}}],"line":195},"12":{"loc":{"start":{"line":204,"column":4},"end":{"line":211,"column":5}},"type":"if","locations":[{"start":{"line":204,"column":4},"end":{"line":211,"column":5}},{"start":{},"end":{}}],"line":204},"13":{"loc":{"start":{"line":224,"column":43},"end":{"line":224,"column":65}},"type":"binary-expr","locations":[{"start":{"line":224,"column":43},"end":{"line":224,"column":59}},{"start":{"line":224,"column":63},"end":{"line":224,"column":65}}],"line":224},"14":{"loc":{"start":{"line":241,"column":4},"end":{"line":241,"column":74}},"type":"if","locations":[{"start":{"line":241,"column":4},"end":{"line":241,"column":74}},{"start":{},"end":{}}],"line":241},"15":{"loc":{"start":{"line":253,"column":4},"end":{"line":254,"column":64}},"type":"if","locations":[{"start":{"line":253,"column":4},"end":{"line":254,"column":64}},{"start":{},"end":{}}],"line":253},"16":{"loc":{"start":{"line":255,"column":4},"end":{"line":259,"column":5}},"type":"if","locations":[{"start":{"line":255,"column":4},"end":{"line":259,"column":5}},{"start":{},"end":{}}],"line":255},"17":{"loc":{"start":{"line":272,"column":19},"end":{"line":272,"column":58}},"type":"binary-expr","locations":[{"start":{"line":272,"column":19},"end":{"line":272,"column":37}},{"start":{"line":272,"column":41},"end":{"line":272,"column":58}}],"line":272},"18":{"loc":{"start":{"line":299,"column":4},"end":{"line":299,"column":74}},"type":"if","locations":[{"start":{"line":299,"column":4},"end":{"line":299,"column":74}},{"start":{},"end":{}}],"line":299},"19":{"loc":{"start":{"line":315,"column":4},"end":{"line":315,"column":74}},"type":"if","locations":[{"start":{"line":315,"column":4},"end":{"line":315,"column":74}},{"start":{},"end":{}}],"line":315}},"s":{"0":1,"1":1,"2":1,"3":1,"4":1,"5":1,"6":1,"7":1,"8":1,"9":1,"10":1,"11":1,"12":1,"13":4,"14":4,"15":4,"16":1,"17":4,"18":1,"19":4,"20":3,"21":1,"22":1,"23":2,"24":2,"25":2,"26":2,"27":1,"28":1,"29":2,"30":1,"31":2,"32":0,"33":1,"34":5,"35":5,"36":5,"37":5,"38":5,"39":1,"40":4,"41":4,"42":4,"43":4,"44":1,"45":3,"46":3,"47":3,"48":3,"49":3,"50":3,"51":3,"52":3,"53":3,"54":3,"55":3,"56":3,"57":3,"58":3,"59":3,"60":3,"61":3,"62":0,"63":1,"64":4,"65":4,"66":4,"67":2,"68":2,"69":2,"70":2,"71":1,"72":1,"73":1,"74":1,"75":1,"76":1,"77":1,"78":1,"79":1,"80":1,"81":1,"82":0,"83":1,"84":0,"85":1,"86":2,"87":2,"88":2,"89":0,"90":1,"91":2,"92":2,"93":2,"94":2,"95":1,"96":1,"97":0,"98":1,"99":3,"100":3,"101":3,"102":3,"103":1,"104":2,"105":1,"106":1,"107":1,"108":1,"109":1,"110":1,"111":1,"112":0,"113":1,"114":2,"115":2,"116":2,"117":2,"118":1,"119":1,"120":0,"121":1,"122":2,"123":2,"124":2,"125":2,"126":1,"127":1,"128":0,"129":1},"f":{"0":4,"1":2,"2":1,"3":1,"4":1,"5":5,"6":3,"7":3,"8":3,"9":4,"10":2,"11":1,"12":1,"13":1,"14":0,"15":2,"16":2,"17":3,"18":2,"19":2},"b":{"0":[1,3],"1":[1,3],"2":[1,4],"3":[4,1],"4":[2,2],"5":[1,3],"6":[3,1],"7":[3,0],"8":[2,2],"9":[4,3,3],"10":[1,1],"11":[1,0],"12":[1,0],"13":[2,0],"14":[1,1],"15":[1,2],"16":[1,1],"17":[1,0],"18":[1,1],"19":[1,1]},"_coverageSchema":"1a1c01bbd47fc00a2c39e90264f33305004495a9","hash":"dde97f06a06c26d3d3a0896ae3b88baea6bb321b"}
,"C:\\Users\\Pandikumar\\Desktop\\Kot-Pos\\kot-pos-backend\\src\\routes\\waiter\\waiterTableRouter.js": {"path":"C:\\Users\\Pandikumar\\Desktop\\Kot-Pos\\kot-pos-backend\\src\\routes\\waiter\\waiterTableRouter.js","statementMap":{"0":{"start":{"line":1,"column":16},"end":{"line":1,"column":34}},"1":{"start":{"line":2,"column":33},"end":{"line":2,"column":66}},"2":{"start":{"line":3,"column":14},"end":{"line":3,"column":44}},"3":{"start":{"line":4,"column":26},"end":{"line":4,"column":42}},"4":{"start":{"line":7,"column":19},"end":{"line":7,"column":65}},"5":{"start":{"line":9,"column":0},"end":{"line":9,"column":76}},"6":{"start":{"line":12,"column":0},"end":{"line":32,"column":3}},"7":{"start":{"line":13,"column":2},"end":{"line":31,"column":3}},"8":{"start":{"line":14,"column":28},"end":{"line":14,"column":36}},"9":{"start":{"line":15,"column":18},"end":{"line":15,"column":58}},"10":{"start":{"line":16,"column":4},"end":{"line":16,"column":74}},"11":{"start":{"line":16,"column":16},"end":{"line":16,"column":74}},"12":{"start":{"line":17,"column":4},"end":{"line":18,"column":74}},"13":{"start":{"line":18,"column":6},"end":{"line":18,"column":74}},"14":{"start":{"line":20,"column":4},"end":{"line":20,"column":30}},"15":{"start":{"line":21,"column":4},"end":{"line":21,"column":44}},"16":{"start":{"line":22,"column":4},"end":{"line":22,"column":23}},"17":{"start":{"line":25,"column":15},"end":{"line":25,"column":32}},"18":{"start":{"line":26,"column":4},"end":{"line":26,"column":35}},"19":{"start":{"line":28,"column":4},"end":{"line":28,"column":77}},"20":{"start":{"line":30,"column":4},"end":{"line":30,"column":49}},"21":{"start":{"line":35,"column":0},"end":{"line":52,"column":3}},"22":{"start":{"line":36,"column":2},"end":{"line":51,"column":3}},"23":{"start":{"line":37,"column":18},"end":{"line":37,"column":58}},"24":{"start":{"line":38,"column":4},"end":{"line":38,"column":74}},"25":{"start":{"line":38,"column":16},"end":{"line":38,"column":74}},"26":{"start":{"line":40,"column":4},"end":{"line":40,"column":31}},"27":{"start":{"line":41,"column":4},"end":{"line":41,"column":33}},"28":{"start":{"line":42,"column":4},"end":{"line":42,"column":23}},"29":{"start":{"line":45,"column":15},"end":{"line":45,"column":32}},"30":{"start":{"line":46,"column":4},"end":{"line":46,"column":35}},"31":{"start":{"line":48,"column":4},"end":{"line":48,"column":71}},"32":{"start":{"line":50,"column":4},"end":{"line":50,"column":49}},"33":{"start":{"line":54,"column":0},"end":{"line":54,"column":39}}},"fnMap":{"0":{"name":"(anonymous_0)","decl":{"start":{"line":12,"column":45},"end":{"line":12,"column":46}},"loc":{"start":{"line":12,"column":65},"end":{"line":32,"column":1}},"line":12},"1":{"name":"(anonymous_1)","decl":{"start":{"line":35,"column":40},"end":{"line":35,"column":41}},"loc":{"start":{"line":35,"column":60},"end":{"line":52,"column":1}},"line":35}},"branchMap":{"0":{"loc":{"start":{"line":16,"column":4},"end":{"line":16,"column":74}},"type":"if","locations":[{"start":{"line":16,"column":4},"end":{"line":16,"column":74}},{"start":{},"end":{}}],"line":16},"1":{"loc":{"start":{"line":17,"column":4},"end":{"line":18,"column":74}},"type":"if","locations":[{"start":{"line":17,"column":4},"end":{"line":18,"column":74}},{"start":{},"end":{}}],"line":17},"2":{"loc":{"start":{"line":38,"column":4},"end":{"line":38,"column":74}},"type":"if","locations":[{"start":{"line":38,"column":4},"end":{"line":38,"column":74}},{"start":{},"end":{}}],"line":38}},"s":{"0":1,"1":1,"2":1,"3":1,"4":1,"5":1,"6":1,"7":8,"8":8,"9":8,"10":8,"11":1,"12":7,"13":1,"14":6,"15":6,"16":6,"17":5,"18":5,"19":5,"20":1,"21":1,"22":6,"23":6,"24":6,"25":1,"26":5,"27":5,"28":5,"29":4,"30":4,"31":4,"32":1,"33":1},"f":{"0":8,"1":6},"b":{"0":[1,7],"1":[1,6],"2":[1,5]},"_coverageSchema":"1a1c01bbd47fc00a2c39e90264f33305004495a9","hash":"a4d6797fc9932b9b0232a974f20fc79412404506"}
,"C:\\Users\\Pandikumar\\Desktop\\Kot-Pos\\kot-pos-backend\\src\\utils\\customerHelper.js": {"path":"C:\\Users\\Pandikumar\\Desktop\\Kot-Pos\\kot-pos-backend\\src\\utils\\customerHelper.js","statementMap":{"0":{"start":{"line":5,"column":17},"end":{"line":5,"column":46}},"1":{"start":{"line":13,"column":23},"end":{"line":50,"column":1}},"2":{"start":{"line":14,"column":2},"end":{"line":49,"column":3}},"3":{"start":{"line":15,"column":4},"end":{"line":15,"column":23}},"4":{"start":{"line":15,"column":16},"end":{"line":15,"column":23}},"5":{"start":{"line":17,"column":21},"end":{"line":17,"column":54}},"6":{"start":{"line":19,"column":4},"end":{"line":45,"column":5}},"7":{"start":{"line":21,"column":6},"end":{"line":35,"column":8}},"8":{"start":{"line":38,"column":6},"end":{"line":44,"column":9}},"9":{"start":{"line":48,"column":4},"end":{"line":48,"column":58}},"10":{"start":{"line":52,"column":0},"end":{"line":52,"column":36}}},"fnMap":{"0":{"name":"(anonymous_0)","decl":{"start":{"line":13,"column":23},"end":{"line":13,"column":24}},"loc":{"start":{"line":13,"column":63},"end":{"line":50,"column":1}},"line":13}},"branchMap":{"0":{"loc":{"start":{"line":13,"column":43},"end":{"line":13,"column":58}},"type":"default-arg","locations":[{"start":{"line":13,"column":57},"end":{"line":13,"column":58}}],"line":13},"1":{"loc":{"start":{"line":15,"column":4},"end":{"line":15,"column":23}},"type":"if","locations":[{"start":{"line":15,"column":4},"end":{"line":15,"column":23}},{"start":{},"end":{}}],"line":15},"2":{"loc":{"start":{"line":19,"column":4},"end":{"line":45,"column":5}},"type":"if","locations":[{"start":{"line":19,"column":4},"end":{"line":45,"column":5}},{"start":{"line":36,"column":11},"end":{"line":45,"column":5}}],"line":19},"3":{"loc":{"start":{"line":31,"column":18},"end":{"line":31,"column":39}},"type":"binary-expr","locations":[{"start":{"line":31,"column":18},"end":{"line":31,"column":22}},{"start":{"line":31,"column":26},"end":{"line":31,"column":39}}],"line":31},"4":{"loc":{"start":{"line":39,"column":14},"end":{"line":39,"column":31}},"type":"binary-expr","locations":[{"start":{"line":39,"column":14},"end":{"line":39,"column":18}},{"start":{"line":39,"column":22},"end":{"line":39,"column":31}}],"line":39}},"s":{"0":0,"1":0,"2":0,"3":0,"4":0,"5":0,"6":0,"7":0,"8":0,"9":0,"10":0},"f":{"0":0},"b":{"0":[0],"1":[0,0],"2":[0,0],"3":[0,0],"4":[0,0]}}
,"C:\\Users\\Pandikumar\\Desktop\\Kot-Pos\\kot-pos-backend\\src\\utils\\validation.js": {"path":"C:\\Users\\Pandikumar\\Desktop\\Kot-Pos\\kot-pos-backend\\src\\utils\\validation.js","statementMap":{"0":{"start":{"line":1,"column":18},"end":{"line":1,"column":38}},"1":{"start":{"line":3,"column":27},"end":{"line":10,"column":1}},"2":{"start":{"line":4,"column":2},"end":{"line":6,"column":3}},"3":{"start":{"line":5,"column":4},"end":{"line":5,"column":58}},"4":{"start":{"line":7,"column":2},"end":{"line":9,"column":3}},"5":{"start":{"line":8,"column":4},"end":{"line":8,"column":47}},"6":{"start":{"line":12,"column":21},"end":{"line":16,"column":1}},"7":{"start":{"line":13,"column":2},"end":{"line":15,"column":15}},"8":{"start":{"line":18,"column":23},"end":{"line":20,"column":1}},"9":{"start":{"line":19,"column":2},"end":{"line":19,"column":67}},"10":{"start":{"line":22,"column":25},"end":{"line":54,"column":1}},"11":{"start":{"line":23,"column":51},"end":{"line":23,"column":55}},"12":{"start":{"line":25,"column":2},"end":{"line":27,"column":3}},"13":{"start":{"line":26,"column":4},"end":{"line":26,"column":68}},"14":{"start":{"line":30,"column":28},"end":{"line":41,"column":3}},"15":{"start":{"line":43,"column":2},"end":{"line":45,"column":3}},"16":{"start":{"line":44,"column":4},"end":{"line":44,"column":80}},"17":{"start":{"line":47,"column":2},"end":{"line":49,"column":3}},"18":{"start":{"line":48,"column":4},"end":{"line":48,"column":55}},"19":{"start":{"line":51,"column":2},"end":{"line":53,"column":3}},"20":{"start":{"line":52,"column":4},"end":{"line":52,"column":55}},"21":{"start":{"line":56,"column":28},"end":{"line":68,"column":1}},"22":{"start":{"line":57,"column":43},"end":{"line":57,"column":47}},"23":{"start":{"line":59,"column":26},"end":{"line":59,"column":52}},"24":{"start":{"line":60,"column":25},"end":{"line":60,"column":48}},"25":{"start":{"line":62,"column":2},"end":{"line":64,"column":3}},"26":{"start":{"line":63,"column":4},"end":{"line":63,"column":45}},"27":{"start":{"line":65,"column":2},"end":{"line":67,"column":3}},"28":{"start":{"line":66,"column":4},"end":{"line":66,"column":45}},"29":{"start":{"line":70,"column":0},"end":{"line":76,"column":2}}},"fnMap":{"0":{"name":"(anonymous_0)","decl":{"start":{"line":3,"column":27},"end":{"line":3,"column":28}},"loc":{"start":{"line":3,"column":55},"end":{"line":10,"column":1}},"line":3},"1":{"name":"(anonymous_1)","decl":{"start":{"line":12,"column":21},"end":{"line":12,"column":22}},"loc":{"start":{"line":12,"column":35},"end":{"line":16,"column":1}},"line":12},"2":{"name":"(anonymous_2)","decl":{"start":{"line":18,"column":23},"end":{"line":18,"column":24}},"loc":{"start":{"line":18,"column":39},"end":{"line":20,"column":1}},"line":18},"3":{"name":"(anonymous_3)","decl":{"start":{"line":22,"column":25},"end":{"line":22,"column":26}},"loc":{"start":{"line":22,"column":35},"end":{"line":54,"column":1}},"line":22},"4":{"name":"(anonymous_4)","decl":{"start":{"line":56,"column":28},"end":{"line":56,"column":29}},"loc":{"start":{"line":56,"column":38},"end":{"line":68,"column":1}},"line":56}},"branchMap":{"0":{"loc":{"start":{"line":4,"column":2},"end":{"line":6,"column":3}},"type":"if","locations":[{"start":{"line":4,"column":2},"end":{"line":6,"column":3}},{"start":{},"end":{}}],"line":4},"1":{"loc":{"start":{"line":4,"column":6},"end":{"line":4,"column":28}},"type":"binary-expr","locations":[{"start":{"line":4,"column":6},"end":{"line":4,"column":15}},{"start":{"line":4,"column":19},"end":{"line":4,"column":28}}],"line":4},"2":{"loc":{"start":{"line":7,"column":2},"end":{"line":9,"column":3}},"type":"if","locations":[{"start":{"line":7,"column":2},"end":{"line":9,"column":3}},{"start":{},"end":{}}],"line":7},"3":{"loc":{"start":{"line":13,"column":9},"end":{"line":15,"column":14}},"type":"cond-expr","locations":[{"start":{"line":14,"column":6},"end":{"line":14,"column":10}},{"start":{"line":15,"column":6},"end":{"line":15,"column":14}}],"line":13},"4":{"loc":{"start":{"line":19,"column":9},"end":{"line":19,"column":66}},"type":"cond-expr","locations":[{"start":{"line":19,"column":49},"end":{"line":19,"column":55}},{"start":{"line":19,"column":58},"end":{"line":19,"column":66}}],"line":19},"5":{"loc":{"start":{"line":25,"column":2},"end":{"line":27,"column":3}},"type":"if","locations":[{"start":{"line":25,"column":2},"end":{"line":27,"column":3}},{"start":{},"end":{}}],"line":25},"6":{"loc":{"start":{"line":25,"column":6},"end":{"line":25,"column":77}},"type":"binary-expr","locations":[{"start":{"line":25,"column":6},"end":{"line":25,"column":15}},{"start":{"line":25,"column":19},"end":{"line":25,"column":47}},{"start":{"line":25,"column":51},"end":{"line":25,"column":77}}],"line":25},"7":{"loc":{"start":{"line":43,"column":2},"end":{"line":45,"column":3}},"type":"if","locations":[{"start":{"line":43,"column":2},"end":{"line":45,"column":3}},{"start":{},"end":{}}],"line":43},"8":{"loc":{"start":{"line":47,"column":2},"end":{"line":49,"column":3}},"type":"if","locations":[{"start":{"line":47,"column":2},"end":{"line":49,"column":3}},{"start":{},"end":{}}],"line":47},"9":{"loc":{"start":{"line":47,"column":6},"end":{"line":47,"column":45}},"type":"binary-expr","locations":[{"start":{"line":47,"column":6},"end":{"line":47,"column":31}},{"start":{"line":47,"column":35},"end":{"line":47,"column":45}}],"line":47},"10":{"loc":{"start":{"line":51,"column":2},"end":{"line":53,"column":3}},"type":"if","locations":[{"start":{"line":51,"column":2},"end":{"line":53,"column":3}},{"start":{},"end":{}}],"line":51},"11":{"loc":{"start":{"line":51,"column":6},"end":{"line":51,"column":63}},"type":"binary-expr","locations":[{"start":{"line":51,"column":6},"end":{"line":51,"column":29}},{"start":{"line":51,"column":33},"end":{"line":51,"column":63}}],"line":51},"12":{"loc":{"start":{"line":62,"column":2},"end":{"line":64,"column":3}},"type":"if","locations":[{"start":{"line":62,"column":2},"end":{"line":64,"column":3}},{"start":{},"end":{}}],"line":62},"13":{"loc":{"start":{"line":62,"column":6},"end":{"line":62,"column":63}},"type":"binary-expr","locations":[{"start":{"line":62,"column":6},"end":{"line":62,"column":19}},{"start":{"line":62,"column":23},"end":{"line":62,"column":63}}],"line":62},"14":{"loc":{"start":{"line":65,"column":2},"end":{"line":67,"column":3}},"type":"if","locations":[{"start":{"line":65,"column":2},"end":{"line":67,"column":3}},{"start":{},"end":{}}],"line":65},"15":{"loc":{"start":{"line":65,"column":6},"end":{"line":65,"column":62}},"type":"binary-expr","locations":[{"start":{"line":65,"column":6},"end":{"line":65,"column":19}},{"start":{"line":65,"column":23},"end":{"line":65,"column":62}}],"line":65}},"s":{"0":1,"1":1,"2":10,"3":5,"4":5,"5":4,"6":1,"7":10,"8":1,"9":7,"10":1,"11":27,"12":27,"13":4,"14":23,"15":23,"16":2,"17":21,"18":4,"19":17,"20":2,"21":1,"22":14,"23":14,"24":14,"25":14,"26":2,"27":12,"28":2,"29":1},"f":{"0":10,"1":10,"2":7,"3":27,"4":14},"b":{"0":[5,5],"1":[10,7],"2":[4,1],"3":[5,5],"4":[2,5],"5":[4,23],"6":[27,25,24],"7":[2,21],"8":[4,17],"9":[21,19],"10":[2,15],"11":[17,16],"12":[2,12],"13":[14,8],"14":[2,10],"15":[12,7]},"_coverageSchema":"1a1c01bbd47fc00a2c39e90264f33305004495a9","hash":"85e9447fc6c62930cf7c97d18cae369da34b8556"}
}
