TN:
SF:src\middlewares\ErrorLogger.js
FN:14,errorLogger
FNF:1
FNH:0
FNDA:0,errorLogger
DA:11,0
DA:14,0
DA:16,0
DA:27,0
DA:28,0
LF:5
LH:0
BRDA:21,0,0,0
BRDA:21,0,1,0
BRDA:22,1,0,0
BRDA:22,1,1,0
BRDA:27,2,0,0
BRDA:27,2,1,0
BRDA:27,2,2,0
BRDA:29,3,0,0
BRDA:29,3,1,0
BRF:9
BRH:0
end_of_record
TN:
SF:src\middlewares\auth.js
FN:4,(anonymous_0)
FN:30,(anonymous_1)
FN:31,(anonymous_2)
FNF:3
FNH:3
FNDA:352,(anonymous_0)
FNDA:24,(anonymous_1)
FNDA:264,(anonymous_2)
DA:1,14
DA:2,14
DA:4,14
DA:5,352
DA:6,352
DA:9,352
DA:11,352
DA:12,55
DA:15,297
DA:16,297
DA:18,297
DA:19,297
DA:20,0
DA:23,297
DA:24,297
DA:26,55
DA:30,14
DA:31,24
DA:32,264
DA:33,69
DA:35,195
DA:39,14
LF:22
LH:21
BRDA:9,0,0,352
BRDA:9,0,1,55
BRDA:11,1,0,55
BRDA:11,1,1,297
BRDA:19,2,0,0
BRDA:19,2,1,297
BRDA:30,3,0,0
BRDA:32,4,0,69
BRDA:32,4,1,195
BRDA:32,5,0,264
BRDA:32,5,1,264
BRF:11
BRH:9
end_of_record
TN:
SF:src\middlewares\branchScope.js
FN:4,branchScope
FNF:1
FNH:1
FNDA:71,branchScope
DA:1,4
DA:2,4
DA:4,4
DA:5,71
DA:6,71
DA:9,71
DA:14,71
DA:16,2
DA:17,0
DA:19,0
DA:20,0
DA:21,0
DA:22,0
DA:24,0
DA:25,0
DA:28,2
DA:34,69
DA:35,69
DA:36,69
DA:39,69
LF:20
LH:13
BRDA:5,0,0,71
BRDA:5,0,1,2
BRDA:9,1,0,71
BRDA:9,1,1,69
BRDA:9,1,2,69
BRDA:9,1,3,69
BRDA:14,2,0,2
BRDA:14,2,1,69
BRDA:16,3,0,0
BRDA:16,3,1,2
BRDA:20,4,0,0
BRDA:20,4,1,0
BRDA:20,5,0,0
BRDA:20,5,1,0
BRF:14
BRH:9
end_of_record
TN:
SF:src\middlewares\paginate.js
FN:4,getPagination
FN:14,paginate
FNF:2
FNH:0
FNDA:0,getPagination
FNDA:0,paginate
DA:1,0
DA:2,0
DA:5,0
DA:6,0
DA:10,0
DA:11,0
DA:15,0
DA:16,0
DA:29,0
LF:9
LH:0
BRDA:5,0,0,0
BRDA:5,0,1,0
BRDA:8,1,0,0
BRDA:8,1,1,0
BRF:4
BRH:0
end_of_record
TN:
SF:src\middlewares\ratelimiter.js
FN:4,(anonymous_0)
FN:4,(anonymous_1)
FNF:2
FNH:0
FNDA:0,(anonymous_0)
FNDA:0,(anonymous_1)
DA:1,0
DA:4,0
DA:5,0
DA:6,0
DA:7,0
DA:14,0
DA:23,0
DA:32,0
DA:43,0
DA:51,0
LF:10
LH:0
BRF:0
BRH:0
end_of_record
TN:
SF:src\middlewares\requestLogger.js
FN:16,requestLogger
FN:23,(anonymous_1)
FNF:2
FNH:0
FNDA:0,requestLogger
FNDA:0,(anonymous_1)
DA:11,0
DA:14,0
DA:16,0
DA:18,0
DA:20,0
DA:23,0
DA:24,0
DA:26,0
DA:28,0
DA:40,0
LF:10
LH:0
BRDA:18,0,0,0
BRDA:18,0,1,0
BRDA:26,1,0,0
BRDA:26,1,1,0
BRDA:26,2,0,0
BRDA:26,2,1,0
BRDA:33,3,0,0
BRDA:33,3,1,0
BRDA:35,4,0,0
BRDA:35,4,1,0
BRDA:36,5,0,0
BRDA:36,5,1,0
BRF:12
BRH:0
end_of_record
TN:
SF:src\routes\aiRouter.js
FN:13,utcMidnight
FN:32,callGemini
FN:44,(anonymous_2)
FN:57,getAiSummary
FN:69,getAiChatReply
FN:79,(anonymous_5)
FN:149,(anonymous_6)
FN:172,(anonymous_7)
FN:180,(anonymous_8)
FN:215,(anonymous_9)
FN:218,(anonymous_10)
FN:219,(anonymous_11)
FN:220,(anonymous_12)
FN:221,(anonymous_13)
FN:234,(anonymous_14)
FN:251,(anonymous_15)
FN:259,(anonymous_16)
FN:260,(anonymous_17)
FN:266,(anonymous_18)
FN:267,(anonymous_19)
FN:270,(anonymous_20)
FN:274,(anonymous_21)
FN:280,(anonymous_22)
FN:285,(anonymous_23)
FN:286,(anonymous_24)
FN:290,(anonymous_25)
FN:291,(anonymous_26)
FN:346,generateFallbackSummary
FNF:28
FNH:0
FNDA:0,utcMidnight
FNDA:0,callGemini
FNDA:0,(anonymous_2)
FNDA:0,getAiSummary
FNDA:0,getAiChatReply
FNDA:0,(anonymous_5)
FNDA:0,(anonymous_6)
FNDA:0,(anonymous_7)
FNDA:0,(anonymous_8)
FNDA:0,(anonymous_9)
FNDA:0,(anonymous_10)
FNDA:0,(anonymous_11)
FNDA:0,(anonymous_12)
FNDA:0,(anonymous_13)
FNDA:0,(anonymous_14)
FNDA:0,(anonymous_15)
FNDA:0,(anonymous_16)
FNDA:0,(anonymous_17)
FNDA:0,(anonymous_18)
FNDA:0,(anonymous_19)
FNDA:0,(anonymous_20)
FNDA:0,(anonymous_21)
FNDA:0,(anonymous_22)
FNDA:0,(anonymous_23)
FNDA:0,(anonymous_24)
FNDA:0,(anonymous_25)
FNDA:0,(anonymous_26)
FNDA:0,generateFallbackSummary
DA:1,0
DA:2,0
DA:3,0
DA:5,0
DA:6,0
DA:7,0
DA:8,0
DA:10,0
DA:14,0
DA:15,0
DA:16,0
DA:17,0
DA:21,0
DA:25,0
DA:34,0
DA:35,0
DA:36,0
DA:37,0
DA:38,0
DA:40,0
DA:41,0
DA:43,0
DA:44,0
DA:47,0
DA:54,0
DA:55,0
DA:58,0
DA:59,0
DA:60,0
DA:62,0
DA:63,0
DA:64,0
DA:65,0
DA:70,0
DA:74,0
DA:79,0
DA:80,0
DA:81,0
DA:82,0
DA:87,0
DA:88,0
DA:89,0
DA:92,0
DA:111,0
DA:129,0
DA:130,0
DA:132,0
DA:135,0
DA:136,0
DA:140,0
DA:149,0
DA:150,0
DA:151,0
DA:155,0
DA:156,0
DA:157,0
DA:164,0
DA:165,0
DA:171,0
DA:172,0
DA:173,0
DA:174,0
DA:175,0
DA:176,0
DA:177,0
DA:180,0
DA:181,0
DA:182,0
DA:183,0
DA:184,0
DA:185,0
DA:187,0
DA:189,0
DA:190,0
DA:191,0
DA:192,0
DA:193,0
DA:194,0
DA:195,0
DA:196,0
DA:197,0
DA:198,0
DA:199,0
DA:201,0
DA:202,0
DA:207,0
DA:214,0
DA:215,0
DA:217,0
DA:218,0
DA:219,0
DA:220,0
DA:221,0
DA:224,0
DA:226,0
DA:227,0
DA:234,0
DA:235,0
DA:236,0
DA:240,0
DA:241,0
DA:242,0
DA:245,0
DA:251,0
DA:252,0
DA:253,0
DA:254,0
DA:258,0
DA:259,0
DA:260,0
DA:261,0
DA:262,0
DA:265,0
DA:266,0
DA:267,0
DA:269,0
DA:270,0
DA:271,0
DA:272,0
DA:274,0
DA:275,0
DA:279,0
DA:280,0
DA:281,0
DA:282,0
DA:285,0
DA:286,0
DA:288,0
DA:289,0
DA:290,0
DA:291,0
DA:293,0
DA:309,0
DA:310,0
DA:311,0
DA:330,0
DA:332,0
DA:333,0
DA:336,0
DA:339,0
DA:341,0
DA:342,0
DA:348,0
DA:350,0
DA:351,0
DA:354,0
DA:364,0
LF:147
LH:0
BRDA:13,0,0,0
BRDA:21,1,0,0
BRDA:21,1,1,0
BRDA:43,2,0,0
BRDA:43,2,1,0
BRDA:58,3,0,0
BRDA:58,3,1,0
BRDA:58,4,0,0
BRDA:58,4,1,0
BRDA:81,5,0,0
BRDA:81,5,1,0
BRDA:88,6,0,0
BRDA:88,6,1,0
BRDA:92,7,0,0
BRDA:92,7,1,0
BRDA:100,8,0,0
BRDA:100,8,1,0
BRDA:135,9,0,0
BRDA:135,9,1,0
BRDA:151,10,0,0
BRDA:151,10,1,0
BRDA:156,11,0,0
BRDA:156,11,1,0
BRDA:173,12,0,0
BRDA:173,12,1,0
BRDA:174,13,0,0
BRDA:174,13,1,0
BRDA:175,14,0,0
BRDA:175,14,1,0
BRDA:176,15,0,0
BRDA:176,15,1,0
BRDA:182,16,0,0
BRDA:182,16,1,0
BRDA:183,17,0,0
BRDA:183,17,1,0
BRDA:184,18,0,0
BRDA:184,18,1,0
BRDA:185,19,0,0
BRDA:185,19,1,0
BRDA:185,20,0,0
BRDA:185,20,1,0
BRDA:187,21,0,0
BRDA:187,21,1,0
BRDA:190,22,0,0
BRDA:190,22,1,0
BRDA:192,23,0,0
BRDA:192,23,1,0
BRDA:194,24,0,0
BRDA:194,24,1,0
BRDA:194,25,0,0
BRDA:194,25,1,0
BRDA:195,26,0,0
BRDA:195,26,1,0
BRDA:196,27,0,0
BRDA:196,27,1,0
BRDA:196,28,0,0
BRDA:196,28,1,0
BRDA:198,29,0,0
BRDA:198,29,1,0
BRDA:198,30,0,0
BRDA:198,30,1,0
BRDA:202,31,0,0
BRDA:202,31,1,0
BRDA:236,32,0,0
BRDA:236,32,1,0
BRDA:251,33,0,0
BRDA:251,33,1,0
BRDA:254,34,0,0
BRDA:254,34,1,0
BRDA:261,35,0,0
BRDA:261,35,1,0
BRDA:262,36,0,0
BRDA:262,36,1,0
BRDA:262,37,0,0
BRDA:262,37,1,0
BRDA:272,38,0,0
BRDA:272,38,1,0
BRDA:275,39,0,0
BRDA:275,39,1,0
BRDA:281,40,0,0
BRDA:281,40,1,0
BRDA:282,41,0,0
BRDA:282,41,1,0
BRDA:290,42,0,0
BRDA:290,42,1,0
BRDA:290,43,0,0
BRDA:290,43,1,0
BRDA:297,44,0,0
BRDA:297,44,1,0
BRDA:298,45,0,0
BRDA:298,45,1,0
BRDA:299,46,0,0
BRDA:299,46,1,0
BRDA:302,47,0,0
BRDA:302,47,1,0
BRDA:309,48,0,0
BRDA:309,48,1,0
BRDA:348,49,0,0
BRDA:348,49,1,0
BRDA:349,50,0,0
BRDA:349,50,1,0
BRDA:350,51,0,0
BRDA:350,51,1,0
BRDA:351,52,0,0
BRDA:351,52,1,0
BRF:105
BRH:0
end_of_record
TN:
SF:src\routes\auth.js
FN:37,(anonymous_0)
FN:67,(anonymous_1)
FN:105,(anonymous_2)
FN:158,(anonymous_3)
FN:184,(anonymous_4)
FN:216,(anonymous_5)
FNF:6
FNH:6
FNDA:5,(anonymous_0)
FNDA:3,(anonymous_1)
FNDA:9,(anonymous_2)
FNDA:3,(anonymous_3)
FNDA:5,(anonymous_4)
FNDA:3,(anonymous_5)
DA:1,1
DA:2,1
DA:3,1
DA:4,1
DA:5,1
DA:6,1
DA:11,1
DA:17,1
DA:20,1
DA:28,1
DA:37,1
DA:39,5
DA:41,5
DA:42,1
DA:45,4
DA:46,4
DA:47,3
DA:49,1
DA:67,1
DA:68,3
DA:69,3
DA:70,2
DA:71,2
DA:72,2
DA:73,1
DA:75,1
DA:76,1
DA:77,1
DA:83,1
DA:85,1
DA:95,1
DA:96,1
DA:105,1
DA:106,9
DA:107,9
DA:109,9
DA:113,9
DA:117,9
DA:118,2
DA:121,7
DA:122,1
DA:125,6
DA:126,1
DA:131,5
DA:132,5
DA:134,5
DA:135,5
DA:138,5
DA:149,0
DA:150,0
DA:158,1
DA:159,3
DA:160,3
DA:161,3
DA:162,1
DA:165,2
DA:175,0
DA:176,0
DA:184,1
DA:185,5
DA:186,5
DA:188,5
DA:189,1
DA:192,4
DA:194,3
DA:195,3
DA:196,1
DA:199,2
DA:200,2
DA:202,2
DA:203,2
DA:205,2
DA:207,1
DA:208,1
DA:216,1
DA:217,3
DA:218,3
DA:219,3
DA:222,1
LF:79
LH:75
BRDA:39,0,0,5
BRDA:39,0,1,2
BRDA:41,1,0,1
BRDA:41,1,1,4
BRDA:72,2,0,1
BRDA:72,2,1,1
BRDA:113,3,0,8
BRDA:113,3,1,1
BRDA:117,4,0,2
BRDA:117,4,1,7
BRDA:117,5,0,9
BRDA:117,5,1,8
BRDA:121,6,0,1
BRDA:121,6,1,6
BRDA:125,7,0,1
BRDA:125,7,1,5
BRDA:145,8,0,5
BRDA:145,8,1,4
BRDA:161,9,0,1
BRDA:161,9,1,2
BRDA:171,10,0,2
BRDA:171,10,1,2
BRDA:188,11,0,1
BRDA:188,11,1,4
BRDA:195,12,0,1
BRDA:195,12,1,2
BRF:26
BRH:26
end_of_record
TN:
SF:src\routes\testRouter.js
FN:5,(anonymous_0)
FNF:1
FNH:0
FNDA:0,(anonymous_0)
DA:1,0
DA:2,0
DA:3,0
DA:5,0
DA:6,0
DA:7,0
DA:32,0
DA:34,0
DA:38,0
LF:9
LH:0
BRF:0
BRH:0
end_of_record
TN:
SF:src\routes\admin\InventoryRouter.js
FNF:0
FNH:0
DA:1,1
DA:2,1
DA:3,1
DA:4,1
DA:13,1
DA:15,1
DA:17,1
DA:18,1
DA:19,1
DA:20,1
DA:21,1
DA:22,1
DA:23,1
DA:25,1
LF:14
LH:14
BRF:0
BRH:0
end_of_record
TN:
SF:src\routes\admin\adminBranchRouter.js
FN:9,superAdminOnly
FN:31,(anonymous_1)
FN:43,(anonymous_2)
FN:67,(anonymous_3)
FN:83,(anonymous_4)
FN:103,(anonymous_5)
FN:141,(anonymous_6)
FN:166,(anonymous_7)
FN:183,(anonymous_8)
FN:203,(anonymous_9)
FNF:10
FNH:10
FNDA:24,superAdminOnly
FNDA:1,(anonymous_1)
FNDA:2,(anonymous_2)
FNDA:2,(anonymous_3)
FNDA:2,(anonymous_4)
FNDA:5,(anonymous_5)
FNDA:3,(anonymous_6)
FNDA:2,(anonymous_7)
FNDA:1,(anonymous_8)
FNDA:1,(anonymous_9)
DA:1,1
DA:2,1
DA:3,1
DA:4,1
DA:5,1
DA:6,1
DA:10,24
DA:11,24
DA:13,24
DA:14,4
DA:18,20
DA:23,20
DA:24,1
DA:27,19
DA:31,1
DA:32,1
DA:33,1
DA:36,1
DA:38,0
DA:43,1
DA:44,2
DA:45,2
DA:46,2
DA:47,1
DA:49,1
DA:52,1
DA:60,1
DA:62,0
DA:67,1
DA:68,2
DA:69,2
DA:70,2
DA:75,2
DA:76,1
DA:78,0
DA:83,1
DA:84,2
DA:85,2
DA:90,2
DA:91,1
DA:93,0
DA:99,1
DA:104,5
DA:105,5
DA:106,5
DA:108,4
DA:112,4
DA:113,3
DA:116,2
DA:117,1
DA:122,1
DA:123,1
DA:125,1
DA:130,0
DA:137,1
DA:142,3
DA:143,3
DA:144,3
DA:146,2
DA:147,2
DA:148,1
DA:151,1
DA:152,1
DA:154,1
DA:156,0
DA:162,1
DA:167,2
DA:168,2
DA:171,2
DA:173,0
DA:179,1
DA:184,1
DA:185,1
DA:191,1
DA:193,0
DA:199,1
DA:204,1
DA:205,1
DA:206,1
DA:208,1
DA:209,1
DA:211,1
DA:220,1
DA:222,0
DA:227,1
LF:85
LH:76
BRDA:13,0,0,4
BRDA:13,0,1,20
BRDA:18,1,0,20
BRDA:18,1,1,1
BRDA:18,1,2,1
BRDA:18,1,3,1
BRDA:23,2,0,1
BRDA:23,2,1,19
BRDA:46,3,0,1
BRDA:46,3,1,1
BRDA:75,4,0,1
BRDA:75,4,1,1
BRDA:90,5,0,1
BRDA:90,5,1,1
BRDA:106,6,0,1
BRDA:106,6,1,4
BRDA:112,7,0,1
BRDA:112,7,1,3
BRDA:113,8,0,1
BRDA:113,8,1,2
BRDA:116,9,0,1
BRDA:116,9,1,1
BRDA:116,10,0,2
BRDA:116,10,1,1
BRDA:144,11,0,1
BRDA:144,11,1,2
BRDA:147,12,0,1
BRDA:147,12,1,1
BRF:28
BRH:28
end_of_record
TN:
SF:src\routes\admin\adminCustomerRouter.js
FN:10,(anonymous_0)
FN:20,(anonymous_1)
FN:31,(anonymous_2)
FN:51,(anonymous_3)
FN:74,(anonymous_4)
FNF:5
FNH:5
FNDA:3,(anonymous_0)
FNDA:2,(anonymous_1)
FNDA:4,(anonymous_2)
FNDA:3,(anonymous_3)
FNDA:3,(anonymous_4)
DA:1,1
DA:2,1
DA:3,1
DA:4,1
DA:5,1
DA:7,1
DA:10,1
DA:11,3
DA:12,3
DA:13,3
DA:15,0
DA:20,1
DA:21,2
DA:22,2
DA:23,2
DA:24,1
DA:26,0
DA:31,1
DA:32,4
DA:33,4
DA:34,4
DA:35,2
DA:37,2
DA:38,2
DA:39,1
DA:43,1
DA:44,1
DA:46,0
DA:51,1
DA:52,3
DA:53,3
DA:54,3
DA:55,1
DA:57,2
DA:62,2
DA:63,1
DA:65,0
DA:70,1
DA:75,3
DA:76,3
DA:77,1
DA:79,2
DA:80,2
DA:81,1
DA:82,1
DA:84,0
DA:89,1
LF:47
LH:42
BRDA:13,0,0,3
BRDA:13,0,1,0
BRDA:23,1,0,1
BRDA:23,1,1,1
BRDA:34,2,0,2
BRDA:34,2,1,2
BRDA:34,3,0,4
BRDA:34,3,1,3
BRDA:38,4,0,1
BRDA:38,4,1,1
BRDA:54,5,0,1
BRDA:54,5,1,2
BRDA:62,6,0,1
BRDA:62,6,1,1
BRDA:76,7,0,1
BRDA:76,7,1,2
BRDA:80,8,0,1
BRDA:80,8,1,1
BRF:18
BRH:17
end_of_record
TN:
SF:src\routes\admin\adminMenu.js
FN:14,(anonymous_0)
FN:48,(anonymous_1)
FN:63,(anonymous_2)
FN:110,(anonymous_3)
FNF:4
FNH:4
FNDA:5,(anonymous_0)
FNDA:6,(anonymous_1)
FNDA:8,(anonymous_2)
FNDA:3,(anonymous_3)
DA:1,1
DA:2,1
DA:3,1
DA:4,1
DA:5,1
DA:7,1
DA:10,1
DA:15,5
DA:16,5
DA:17,4
DA:18,4
DA:19,4
DA:20,1
DA:22,3
DA:23,3
DA:24,3
DA:35,1
DA:44,1
DA:49,6
DA:50,6
DA:51,5
DA:53,1
DA:59,1
DA:64,8
DA:65,8
DA:66,8
DA:67,8
DA:68,1
DA:70,7
DA:71,2
DA:75,5
DA:76,1
DA:80,4
DA:81,4
DA:82,4
DA:83,4
DA:87,4
DA:88,1
DA:89,3
DA:100,0
DA:106,1
DA:111,3
DA:112,3
DA:113,3
DA:114,1
DA:116,2
DA:117,2
DA:118,1
DA:119,1
DA:124,0
DA:129,1
LF:51
LH:49
BRDA:19,0,0,1
BRDA:19,0,1,3
BRDA:67,1,0,1
BRDA:67,1,1,7
BRDA:70,2,0,2
BRDA:70,2,1,5
BRDA:70,3,0,7
BRDA:70,3,1,5
BRDA:70,3,2,5
BRDA:75,4,0,1
BRDA:75,4,1,4
BRDA:75,5,0,5
BRDA:75,5,1,2
BRDA:81,6,0,3
BRDA:81,6,1,1
BRDA:82,7,0,1
BRDA:82,7,1,3
BRDA:87,8,0,1
BRDA:87,8,1,3
BRDA:113,9,0,1
BRDA:113,9,1,2
BRDA:117,10,0,1
BRDA:117,10,1,1
BRF:23
BRH:23
end_of_record
TN:
SF:src\routes\admin\adminReportRouter.js
FN:11,getDateRange
FN:52,(anonymous_1)
FN:106,(anonymous_2)
FN:134,(anonymous_3)
FN:156,(anonymous_4)
FN:157,(anonymous_5)
FN:170,(anonymous_6)
FN:194,(anonymous_7)
FNF:8
FNH:8
FNDA:11,getDateRange
FNDA:5,(anonymous_1)
FNDA:2,(anonymous_2)
FNDA:2,(anonymous_3)
FNDA:2,(anonymous_4)
FNDA:2,(anonymous_5)
FNDA:2,(anonymous_6)
FNDA:3,(anonymous_7)
DA:1,1
DA:2,1
DA:3,1
DA:4,1
DA:5,1
DA:6,1
DA:8,1
DA:12,11
DA:15,11
DA:17,9
DA:18,9
DA:19,9
DA:20,9
DA:21,9
DA:23,1
DA:24,1
DA:25,1
DA:26,1
DA:27,1
DA:28,1
DA:30,0
DA:31,0
DA:32,0
DA:33,0
DA:34,0
DA:35,0
DA:37,1
DA:38,1
DA:39,1
DA:40,1
DA:42,0
DA:43,0
DA:44,0
DA:45,0
DA:47,11
DA:52,1
DA:53,5
DA:54,5
DA:55,5
DA:58,5
DA:75,5
DA:80,5
DA:85,5
DA:86,5
DA:87,5
DA:89,5
DA:91,5
DA:100,0
DA:106,1
DA:107,2
DA:108,2
DA:109,2
DA:111,2
DA:126,2
DA:128,0
DA:134,1
DA:135,2
DA:136,2
DA:137,2
DA:139,2
DA:156,2
DA:157,2
DA:162,2
DA:164,0
DA:170,1
DA:171,2
DA:172,2
DA:173,2
DA:175,2
DA:194,3
DA:205,2
DA:207,0
DA:211,1
LF:73
LH:59
BRDA:15,0,0,9
BRDA:15,0,1,1
BRDA:15,0,2,0
BRDA:15,0,3,1
BRDA:15,0,4,0
BRDA:37,1,0,1
BRDA:37,1,1,0
BRDA:38,2,0,1
BRDA:38,2,1,0
BRDA:54,3,0,3
BRDA:85,4,0,5
BRDA:85,4,1,2
BRDA:86,5,0,5
BRDA:86,5,1,2
BRDA:89,6,0,3
BRDA:89,6,1,2
BRDA:108,7,0,2
BRDA:136,8,0,2
BRDA:159,9,0,2
BRDA:159,9,1,0
BRDA:172,10,0,2
BRDA:196,11,0,1
BRDA:196,11,1,2
BRDA:198,12,0,1
BRDA:198,12,1,1
BRF:25
BRH:20
end_of_record
TN:
SF:src\routes\admin\adminSettingsRouter.js
FN:9,(anonymous_0)
FN:28,(anonymous_1)
FNF:2
FNH:2
FNDA:3,(anonymous_0)
FNDA:2,(anonymous_1)
DA:1,1
DA:2,1
DA:3,1
DA:4,1
DA:6,1
DA:9,1
DA:10,3
DA:11,3
DA:13,3
DA:14,1
DA:16,3
DA:18,0
DA:24,1
DA:29,2
DA:30,2
DA:31,2
DA:32,1
DA:34,1
DA:40,2
DA:44,0
DA:49,1
LF:21
LH:19
BRDA:13,0,0,1
BRDA:13,0,1,2
BRDA:31,1,0,1
BRDA:31,1,1,1
BRF:4
BRH:4
end_of_record
TN:
SF:src\routes\admin\adminTable.js
FN:13,(anonymous_0)
FN:35,(anonymous_1)
FN:51,(anonymous_2)
FN:67,(anonymous_3)
FN:88,(anonymous_4)
FNF:5
FNH:5
FNDA:4,(anonymous_0)
FNDA:6,(anonymous_1)
FNDA:3,(anonymous_2)
FNDA:4,(anonymous_3)
FNDA:3,(anonymous_4)
DA:1,1
DA:2,1
DA:3,1
DA:4,1
DA:6,1
DA:9,1
DA:14,4
DA:15,4
DA:16,4
DA:17,4
DA:18,1
DA:20,3
DA:21,3
DA:22,2
DA:24,1
DA:31,1
DA:36,6
DA:37,6
DA:38,5
DA:40,1
DA:47,1
DA:52,3
DA:53,3
DA:54,3
DA:55,2
DA:57,0
DA:63,1
DA:68,4
DA:69,4
DA:70,4
DA:75,3
DA:76,2
DA:78,1
DA:84,1
DA:89,3
DA:90,3
DA:91,2
DA:92,1
DA:94,1
DA:99,1
LF:40
LH:39
BRDA:17,0,0,1
BRDA:17,0,1,3
BRDA:54,1,0,1
BRDA:54,1,1,2
BRDA:75,2,0,1
BRDA:75,2,1,2
BRDA:91,3,0,1
BRDA:91,3,1,1
BRF:8
BRH:8
end_of_record
TN:
SF:src\routes\admin\adminUser.js
FN:19,(anonymous_0)
FN:56,(anonymous_1)
FN:74,(anonymous_2)
FN:104,(anonymous_3)
FNF:4
FNH:4
FNDA:3,(anonymous_0)
FNDA:4,(anonymous_1)
FNDA:7,(anonymous_2)
FNDA:4,(anonymous_3)
DA:1,1
DA:2,1
DA:3,1
DA:4,1
DA:9,1
DA:10,1
DA:12,1
DA:15,1
DA:20,3
DA:21,3
DA:22,2
DA:23,2
DA:24,2
DA:25,1
DA:27,1
DA:28,1
DA:29,1
DA:35,1
DA:36,1
DA:46,1
DA:52,1
DA:57,4
DA:58,4
DA:59,3
DA:60,1
DA:62,2
DA:64,1
DA:70,1
DA:75,7
DA:76,7
DA:77,7
DA:78,7
DA:79,6
DA:80,1
DA:81,5
DA:82,1
DA:83,4
DA:88,3
DA:89,2
DA:94,1
DA:100,1
DA:105,4
DA:106,4
DA:107,4
DA:108,1
DA:109,3
DA:110,2
DA:111,1
DA:112,1
DA:117,1
DA:122,1
LF:51
LH:51
BRDA:24,0,0,1
BRDA:24,0,1,1
BRDA:59,1,0,1
BRDA:59,1,1,2
BRDA:78,2,0,1
BRDA:78,2,1,6
BRDA:79,3,0,1
BRDA:79,3,1,5
BRDA:81,4,0,1
BRDA:81,4,1,4
BRDA:88,5,0,1
BRDA:88,5,1,2
BRDA:107,6,0,1
BRDA:107,6,1,3
BRDA:110,7,0,1
BRDA:110,7,1,1
BRF:16
BRH:16
end_of_record
TN:
SF:src\routes\cashier\cashierBilling.js
FN:22,(anonymous_0)
FN:66,(anonymous_1)
FN:95,(anonymous_2)
FN:124,(anonymous_3)
FN:141,(anonymous_4)
FN:176,(anonymous_5)
FNF:6
FNH:6
FNDA:6,(anonymous_0)
FNDA:2,(anonymous_1)
FNDA:5,(anonymous_2)
FNDA:2,(anonymous_3)
FNDA:6,(anonymous_4)
FNDA:3,(anonymous_5)
DA:1,1
DA:2,1
DA:3,1
DA:4,1
DA:5,1
DA:6,1
DA:7,1
DA:10,1
DA:12,1
DA:15,1
DA:22,1
DA:23,6
DA:25,6
DA:27,6
DA:28,2
DA:31,4
DA:32,4
DA:33,4
DA:35,4
DA:39,4
DA:43,4
DA:44,4
DA:45,4
DA:46,1
DA:50,3
DA:51,3
DA:52,1
DA:56,2
DA:65,2
DA:66,2
DA:70,2
DA:81,2
DA:83,2
DA:84,2
DA:86,2
DA:90,0
DA:95,1
DA:96,5
DA:97,5
DA:100,5
DA:101,5
DA:102,1
DA:109,5
DA:113,4
DA:114,1
DA:116,3
DA:118,1
DA:119,1
DA:124,1
DA:125,2
DA:126,2
DA:127,2
DA:131,2
DA:132,1
DA:134,0
DA:135,0
DA:141,1
DA:142,6
DA:143,6
DA:144,6
DA:146,6
DA:147,6
DA:148,5
DA:149,1
DA:151,4
DA:152,4
DA:154,4
DA:155,4
DA:158,4
DA:159,1
DA:165,4
DA:166,4
DA:168,4
DA:170,0
DA:171,0
DA:176,1
DA:177,3
DA:178,3
DA:179,3
DA:180,1
DA:182,2
DA:183,2
DA:184,1
DA:186,1
DA:196,0
DA:197,0
DA:201,1
LF:87
LH:80
BRDA:27,0,0,2
BRDA:27,0,1,4
BRDA:27,1,0,6
BRDA:27,1,1,5
BRDA:45,2,0,1
BRDA:45,2,1,3
BRDA:51,3,0,1
BRDA:51,3,1,2
BRDA:100,4,0,1
BRDA:100,4,1,4
BRDA:101,5,0,1
BRDA:101,5,1,4
BRDA:113,6,0,1
BRDA:113,6,1,3
BRDA:131,7,0,1
BRDA:131,7,1,1
BRDA:144,8,0,6
BRDA:144,8,1,0
BRDA:147,9,0,1
BRDA:147,9,1,5
BRDA:148,10,0,1
BRDA:148,10,1,4
BRDA:154,11,0,4
BRDA:154,11,1,0
BRDA:158,12,0,1
BRDA:158,12,1,3
BRDA:179,13,0,1
BRDA:179,13,1,2
BRDA:183,14,0,1
BRDA:183,14,1,1
BRF:30
BRH:28
end_of_record
TN:
SF:src\routes\cashier\cashierKotOrder.js
FN:22,(anonymous_0)
FN:26,(anonymous_1)
FN:31,(anonymous_2)
FN:32,(anonymous_3)
FN:41,(anonymous_4)
FN:59,(anonymous_5)
FN:72,(anonymous_6)
FN:82,(anonymous_7)
FN:97,(anonymous_8)
FN:117,(anonymous_9)
FN:143,(anonymous_10)
FN:159,(anonymous_11)
FNF:12
FNH:11
FNDA:2,(anonymous_0)
FNDA:2,(anonymous_1)
FNDA:1,(anonymous_2)
FNDA:1,(anonymous_3)
FNDA:1,(anonymous_4)
FNDA:0,(anonymous_5)
FNDA:2,(anonymous_6)
FNDA:2,(anonymous_7)
FNDA:3,(anonymous_8)
FNDA:1,(anonymous_9)
FNDA:2,(anonymous_10)
FNDA:2,(anonymous_11)
DA:1,1
DA:2,1
DA:3,1
DA:4,1
DA:5,1
DA:6,1
DA:7,1
DA:8,1
DA:9,1
DA:12,1
DA:15,1
DA:22,1
DA:23,2
DA:24,2
DA:25,2
DA:26,2
DA:28,2
DA:29,1
DA:31,1
DA:32,1
DA:33,1
DA:40,1
DA:41,1
DA:44,1
DA:51,1
DA:53,1
DA:54,1
DA:59,0
DA:62,1
DA:67,0
DA:72,1
DA:73,2
DA:74,2
DA:75,2
DA:77,0
DA:82,1
DA:83,2
DA:84,2
DA:85,2
DA:88,2
DA:89,1
DA:90,1
DA:92,0
DA:97,1
DA:98,3
DA:99,3
DA:101,3
DA:102,3
DA:103,1
DA:104,2
DA:105,1
DA:110,1
DA:116,1
DA:117,1
DA:121,1
DA:133,1
DA:134,1
DA:136,1
DA:138,0
DA:143,1
DA:144,2
DA:145,2
DA:146,2
DA:151,2
DA:152,1
DA:154,0
DA:159,1
DA:160,2
DA:161,2
DA:162,2
DA:167,2
DA:168,1
DA:170,0
DA:174,1
LF:74
LH:67
BRDA:28,0,0,1
BRDA:28,0,1,1
BRDA:53,1,0,1
BRDA:53,1,1,0
BRDA:75,2,0,2
BRDA:75,2,1,0
BRDA:88,3,0,1
BRDA:88,3,1,1
BRDA:102,4,0,1
BRDA:102,4,1,2
BRDA:104,5,0,1
BRDA:104,5,1,1
BRDA:151,6,0,1
BRDA:151,6,1,1
BRDA:167,7,0,1
BRDA:167,7,1,1
BRF:16
BRH:14
end_of_record
TN:
SF:src\routes\cashier\cashierReports.js
FN:7,(anonymous_0)
FNF:1
FNH:1
FNDA:4,(anonymous_0)
DA:1,1
DA:2,1
DA:3,1
DA:4,1
DA:5,1
DA:7,1
DA:8,4
DA:9,4
DA:10,4
DA:12,4
DA:23,3
DA:25,1
DA:26,1
DA:30,1
LF:14
LH:14
BRDA:23,0,0,3
BRDA:23,0,1,1
BRF:2
BRH:2
end_of_record
TN:
SF:src\routes\chef\chefRouter.js
FN:12,(anonymous_0)
FN:24,(anonymous_1)
FN:35,(anonymous_2)
FN:55,(anonymous_3)
FN:75,(anonymous_4)
FNF:5
FNH:5
FNDA:5,(anonymous_0)
FNDA:2,(anonymous_1)
FNDA:3,(anonymous_2)
FNDA:3,(anonymous_3)
FNDA:4,(anonymous_4)
DA:1,1
DA:2,1
DA:3,1
DA:4,1
DA:7,1
DA:9,1
DA:12,1
DA:13,5
DA:14,5
DA:17,4
DA:19,1
DA:24,1
DA:25,2
DA:26,2
DA:27,2
DA:28,1
DA:30,0
DA:35,1
DA:36,3
DA:37,3
DA:42,3
DA:45,2
DA:46,2
DA:48,2
DA:50,0
DA:55,1
DA:56,3
DA:57,3
DA:62,3
DA:65,2
DA:66,2
DA:68,2
DA:70,0
DA:75,1
DA:76,4
DA:77,4
DA:82,4
DA:85,3
DA:86,3
DA:88,3
DA:90,0
DA:94,1
LF:42
LH:38
BRDA:27,0,0,1
BRDA:27,0,1,1
BRDA:42,1,0,1
BRDA:42,1,1,2
BRDA:62,2,0,1
BRDA:62,2,1,2
BRDA:82,3,0,1
BRDA:82,3,1,3
BRF:8
BRH:8
end_of_record
TN:
SF:src\routes\public\QrMenuRouter.js
FN:11,(anonymous_0)
FN:22,(anonymous_1)
FN:62,(anonymous_2)
FN:77,(anonymous_3)
FN:85,(anonymous_4)
FN:86,(anonymous_5)
FN:96,(anonymous_6)
FN:131,(anonymous_7)
FNF:8
FNH:8
FNDA:7,(anonymous_0)
FNDA:3,(anonymous_1)
FNDA:10,(anonymous_2)
FNDA:7,(anonymous_3)
FNDA:6,(anonymous_4)
FNDA:6,(anonymous_5)
FNDA:6,(anonymous_6)
FNDA:8,(anonymous_7)
DA:1,1
DA:2,1
DA:3,1
DA:4,1
DA:5,1
DA:6,1
DA:11,1
DA:12,7
DA:13,7
DA:14,6
DA:15,1
DA:19,5
DA:22,5
DA:23,3
DA:24,3
DA:30,3
DA:35,5
DA:39,5
DA:55,1
DA:62,1
DA:63,10
DA:64,10
DA:66,10
DA:67,2
DA:70,8
DA:71,8
DA:72,1
DA:76,7
DA:77,7
DA:81,7
DA:82,1
DA:85,6
DA:86,6
DA:87,6
DA:95,6
DA:96,6
DA:101,6
DA:115,6
DA:116,5
DA:119,6
DA:125,0
DA:131,1
DA:132,8
DA:133,8
DA:137,7
DA:139,6
DA:147,6
DA:155,1
DA:159,1
LF:49
LH:48
BRDA:14,0,0,1
BRDA:14,0,1,5
BRDA:23,1,0,3
BRDA:23,1,1,0
BRDA:35,2,0,5
BRDA:35,2,1,1
BRDA:36,3,0,5
BRDA:36,3,1,0
BRDA:47,4,0,5
BRDA:47,4,1,1
BRDA:48,5,0,5
BRDA:48,5,1,1
BRDA:49,6,0,5
BRDA:49,6,1,1
BRDA:66,7,0,2
BRDA:66,7,1,8
BRDA:66,8,0,10
BRDA:66,8,1,9
BRDA:71,9,0,1
BRDA:71,9,1,7
BRDA:81,10,0,1
BRDA:81,10,1,6
BRDA:106,11,0,6
BRDA:106,11,1,1
BRDA:107,12,0,6
BRDA:107,12,1,1
BRDA:115,13,0,5
BRDA:115,13,1,1
BRDA:137,14,0,1
BRDA:137,14,1,6
BRDA:149,15,0,6
BRDA:149,15,1,0
BRF:32
BRH:29
end_of_record
TN:
SF:src\routes\waiter\waiterOrderRouter.js
FN:20,(anonymous_0)
FN:39,(anonymous_1)
FN:49,(anonymous_2)
FN:50,(anonymous_3)
FN:58,(anonymous_4)
FN:71,(anonymous_5)
FN:105,(anonymous_6)
FN:106,(anonymous_7)
FN:108,(anonymous_8)
FN:162,(anonymous_9)
FN:171,(anonymous_10)
FN:178,(anonymous_11)
FN:179,(anonymous_12)
FN:189,(anonymous_13)
FN:210,(anonymous_14)
FN:222,(anonymous_15)
FN:234,(anonymous_16)
FN:249,(anonymous_17)
FN:291,(anonymous_18)
FN:307,(anonymous_19)
FNF:20
FNH:19
FNDA:4,(anonymous_0)
FNDA:2,(anonymous_1)
FNDA:1,(anonymous_2)
FNDA:1,(anonymous_3)
FNDA:1,(anonymous_4)
FNDA:5,(anonymous_5)
FNDA:3,(anonymous_6)
FNDA:3,(anonymous_7)
FNDA:3,(anonymous_8)
FNDA:4,(anonymous_9)
FNDA:2,(anonymous_10)
FNDA:1,(anonymous_11)
FNDA:1,(anonymous_12)
FNDA:1,(anonymous_13)
FNDA:0,(anonymous_14)
FNDA:2,(anonymous_15)
FNDA:2,(anonymous_16)
FNDA:3,(anonymous_17)
FNDA:2,(anonymous_18)
FNDA:2,(anonymous_19)
DA:1,1
DA:2,1
DA:3,1
DA:4,1
DA:5,1
DA:6,1
DA:7,1
DA:8,1
DA:9,1
DA:10,1
DA:11,1
DA:13,1
DA:20,1
DA:21,4
DA:22,4
DA:23,4
DA:24,4
DA:25,1
DA:27,4
DA:31,3
DA:33,1
DA:39,1
DA:40,2
DA:41,2
DA:42,2
DA:49,2
DA:50,1
DA:58,2
DA:61,2
DA:63,0
DA:69,1
DA:72,5
DA:73,5
DA:74,5
DA:77,5
DA:81,5
DA:82,1
DA:89,4
DA:90,4
DA:93,4
DA:98,4
DA:99,1
DA:105,3
DA:106,3
DA:108,3
DA:117,3
DA:118,3
DA:119,3
DA:120,3
DA:123,3
DA:128,3
DA:142,3
DA:148,3
DA:151,3
DA:152,3
DA:154,3
DA:156,0
DA:162,1
DA:163,4
DA:164,4
DA:166,4
DA:167,2
DA:170,2
DA:171,2
DA:174,2
DA:175,1
DA:178,1
DA:179,1
DA:180,1
DA:188,1
DA:189,1
DA:193,1
DA:202,1
DA:204,1
DA:205,1
DA:210,0
DA:213,1
DA:217,0
DA:222,1
DA:223,2
DA:224,2
DA:227,2
DA:229,0
DA:234,1
DA:235,2
DA:236,2
DA:237,2
DA:241,2
DA:242,1
DA:244,0
DA:249,1
DA:250,3
DA:251,3
DA:252,3
DA:253,3
DA:254,1
DA:255,2
DA:256,1
DA:261,1
DA:267,1
DA:269,1
DA:281,1
DA:282,1
DA:284,1
DA:286,0
DA:291,1
DA:292,2
DA:293,2
DA:294,2
DA:299,2
DA:300,1
DA:302,0
DA:307,1
DA:308,2
DA:309,2
DA:310,2
DA:315,2
DA:316,1
DA:318,0
DA:322,1
LF:120
LH:111
BRDA:23,0,0,1
BRDA:23,0,1,3
BRDA:24,1,0,1
BRDA:24,1,1,3
BRDA:81,2,0,1
BRDA:81,2,1,4
BRDA:89,3,0,4
BRDA:89,3,1,1
BRDA:90,4,0,2
BRDA:90,4,1,2
BRDA:98,5,0,1
BRDA:98,5,1,3
BRDA:130,6,0,3
BRDA:130,6,1,1
BRDA:137,7,0,3
BRDA:137,7,1,0
BRDA:166,8,0,2
BRDA:166,8,1,2
BRDA:166,9,0,4
BRDA:166,9,1,3
BRDA:166,9,2,3
BRDA:174,10,0,1
BRDA:174,10,1,1
BRDA:195,11,0,1
BRDA:195,11,1,0
BRDA:204,12,0,1
BRDA:204,12,1,0
BRDA:224,13,0,2
BRDA:224,13,1,0
BRDA:241,14,0,1
BRDA:241,14,1,1
BRDA:253,15,0,1
BRDA:253,15,1,2
BRDA:255,16,0,1
BRDA:255,16,1,1
BRDA:272,17,0,1
BRDA:272,17,1,0
BRDA:299,18,0,1
BRDA:299,18,1,1
BRDA:315,19,0,1
BRDA:315,19,1,1
BRF:41
BRH:36
end_of_record
TN:
SF:src\routes\waiter\waiterTableRouter.js
FN:12,(anonymous_0)
FN:35,(anonymous_1)
FNF:2
FNH:2
FNDA:8,(anonymous_0)
FNDA:6,(anonymous_1)
DA:1,1
DA:2,1
DA:3,1
DA:4,1
DA:7,1
DA:9,1
DA:12,1
DA:13,8
DA:14,8
DA:15,8
DA:16,8
DA:17,7
DA:18,1
DA:20,6
DA:21,6
DA:22,6
DA:25,5
DA:26,5
DA:28,5
DA:30,1
DA:35,1
DA:36,6
DA:37,6
DA:38,6
DA:40,5
DA:41,5
DA:42,5
DA:45,4
DA:46,4
DA:48,4
DA:50,1
DA:54,1
LF:32
LH:32
BRDA:16,0,0,1
BRDA:16,0,1,7
BRDA:17,1,0,1
BRDA:17,1,1,6
BRDA:38,2,0,1
BRDA:38,2,1,5
BRF:6
BRH:6
end_of_record
TN:
SF:src\utils\customerHelper.js
FN:13,(anonymous_0)
FNF:1
FNH:0
FNDA:0,(anonymous_0)
DA:5,0
DA:13,0
DA:14,0
DA:15,0
DA:17,0
DA:19,0
DA:21,0
DA:38,0
DA:48,0
DA:52,0
LF:10
LH:0
BRDA:13,0,0,0
BRDA:15,1,0,0
BRDA:15,1,1,0
BRDA:19,2,0,0
BRDA:19,2,1,0
BRDA:31,3,0,0
BRDA:31,3,1,0
BRDA:39,4,0,0
BRDA:39,4,1,0
BRF:9
BRH:0
end_of_record
TN:
SF:src\utils\validation.js
FN:3,(anonymous_0)
FN:12,(anonymous_1)
FN:18,(anonymous_2)
FN:22,(anonymous_3)
FN:56,(anonymous_4)
FNF:5
FNH:5
FNDA:10,(anonymous_0)
FNDA:10,(anonymous_1)
FNDA:7,(anonymous_2)
FNDA:27,(anonymous_3)
FNDA:14,(anonymous_4)
DA:1,1
DA:3,1
DA:4,10
DA:5,5
DA:7,5
DA:8,4
DA:12,1
DA:13,10
DA:18,1
DA:19,7
DA:22,1
DA:23,27
DA:25,27
DA:26,4
DA:30,23
DA:43,23
DA:44,2
DA:47,21
DA:48,4
DA:51,17
DA:52,2
DA:56,1
DA:57,14
DA:59,14
DA:60,14
DA:62,14
DA:63,2
DA:65,12
DA:66,2
DA:70,1
LF:30
LH:30
BRDA:4,0,0,5
BRDA:4,0,1,5
BRDA:4,1,0,10
BRDA:4,1,1,7
BRDA:7,2,0,4
BRDA:7,2,1,1
BRDA:13,3,0,5
BRDA:13,3,1,5
BRDA:19,4,0,2
BRDA:19,4,1,5
BRDA:25,5,0,4
BRDA:25,5,1,23
BRDA:25,6,0,27
BRDA:25,6,1,25
BRDA:25,6,2,24
BRDA:43,7,0,2
BRDA:43,7,1,21
BRDA:47,8,0,4
BRDA:47,8,1,17
BRDA:47,9,0,21
BRDA:47,9,1,19
BRDA:51,10,0,2
BRDA:51,10,1,15
BRDA:51,11,0,17
BRDA:51,11,1,16
BRDA:62,12,0,2
BRDA:62,12,1,12
BRDA:62,13,0,14
BRDA:62,13,1,8
BRDA:65,14,0,2
BRDA:65,14,1,10
BRDA:65,15,0,12
BRDA:65,15,1,7
BRF:33
BRH:33
end_of_record
